ch A type 1 mmsi 419001637: lat 25.254437 lon 55.270137 course 282 speed 0.0 rateofturn -64 navstat 3 heading 315 (!AIVDM,1,1,,A,16?Um9O000Su0K4>Ln5c0qo608E@,0*56)
ch B type 1 mmsi 419001637: lat 25.254437 lon 55.270137 course 282 speed 0.0 rateofturn -64 navstat 3 heading 315 (!AIVDM,1,1,,A,16?Um9O000Su0K4>Ln5c0qo608E@,0*56)
ch A type 1 mmsi 470049000: lat 25.269180 lon 55.281887 course 215 speed 0.0 rateofturn 32 navstat 0 heading 511 (!AIVDM,1,1,,A,170APr0P003u3oH>MHa8Jgw808EP,0*5C)
ch B type 1 mmsi 470049000: lat 25.269180 lon 55.281887 course 215 speed 0.0 rateofturn 32 navstat 0 heading 511 (!AIVDM,1,1,,A,170APr0P003u3oH>MHa8Jgw808EP,0*5C)
ch A type 5 mmsi 636017606: name "SUZETTE" destination "SHARJAH_OPL" type 80 length 183 width 32 draught 6.2 (!AIVDM,2,2,2,,8888888880,2*5F)
ch B type 5 mmsi 636017606: name "SUZETTE" destination "SHARJAH_OPL" type 80 length 183 width 32 draught 6.2 (!AIVDM,2,2,2,,8888888880,2*5F)
ch A type 1 mmsi 341954000: lat 25.269402 lon 55.261180 course 234 speed 0.0 rateofturn 0 navstat 0 heading 10 (!AIVDM,1,1,,A,1567=l0000Stuk8>MI:I8@ED28HP,0*51)
ch B type 1 mmsi 341954000: lat 25.269402 lon 55.261180 course 234 speed 0.0 rateofturn 0 navstat 0 heading 10 (!AIVDM,1,1,,A,1567=l0000Stuk8>MI:I8@ED28HP,0*51)
ch A type 1 mmsi 470015000: lat 25.269725 lon 55.282183 course 264 speed 0.0 rateofturn -64 navstat 2 heading 231 (!AIVDM,1,1,,A,170?L6;0003u3tt>MIrrCo?H0hIb,0*39)
ch A type 1 mmsi 470327000: lat 25.264693 lon 55.260293 course 194 speed 0.0 rateofturn -96 navstat 0 heading 511 (!AIVDM,1,1,,A,170RNn2P00StuRN>M>87U?wF2`Ic,0*2F)
ch B type 1 mmsi 470015000: lat 25.269725 lon 55.282183 course 264 speed 0.0 rateofturn -64 navstat 2 heading 231 (!AIVDM,1,1,,A,170?L6;0003u3tt>MIrrCo?H0hIb,0*39)
ch B type 1 mmsi 470327000: lat 25.264693 lon 55.260293 course 194 speed 0.0 rateofturn -96 navstat 0 heading 511 (!AIVDM,1,1,,A,170RNn2P00StuRN>M>87U?wF2`Ic,0*2F)
ch A type 3 mmsi 538003607: lat 25.250338 lon 55.270073 course 140 speed 0.0 rateofturn -96 navstat 0 heading 511 (!AIVDM,1,1,,A,38158UjP00Su0Ir>LdNmOOwL2Dk:,0*7A)
ch B type 3 mmsi 538003607: lat 25.250338 lon 55.270073 course 140 speed 0.0 rateofturn -96 navstat 0 heading 511 (!AIVDM,1,1,,A,38158UjP00Su0Ir>LdNmOOwL2Dk:,0*7A)
ch A type 1 mmsi 636018958: lat 24.876865 lon 53.674033 course 303 speed 0.0 rateofturn -64 navstat 3 heading 39 (!AIVDM,1,1,,A,19NSQ3g000Smdl:>?19sli?H20SK,0*18)
ch B type 1 mmsi 636018958: lat 24.876865 lon 53.674033 course 303 speed 0.0 rateofturn -64 navstat 3 heading 39 (!AIVDM,1,1,,A,19NSQ3g000Smdl:>?19sli?H20SK,0*18)
ch A type 1 mmsi 247645000: lat 25.296070 lon 55.258167 course 84 speed 9.7 rateofturn 0 navstat 0 heading 85 (!AIVDM,1,1,,A,13d;3B001Q3ttr`>NGbSARcH0<<P,0*15)
ch B type 1 mmsi 247645000: lat 25.296070 lon 55.258167 course 84 speed 9.7 rateofturn 0 navstat 0 heading 85 (!AIVDM,1,1,,A,13d;3B001Q3ttr`>NGbSARcH0<<P,0*15)
ch A type 3 mmsi 438031018: lat 25.298028 lon 55.331650 course 72 speed 0.0 rateofturn 127 navstat 1 heading 41 (!AIVDM,1,1,,A,36QgBbUw@03uBLL>NL@Bk1CR0DLr,0*5C)
ch B type 3 mmsi 438031018: lat 25.298028 lon 55.331650 course 72 speed 0.0 rateofturn 127 navstat 1 heading 41 (!AIVDM,1,1,,A,36QgBbUw@03uBLL>NL@Bk1CR0DLr,0*5C)
ch A type 1 mmsi 309904000: lat 26.243945 lon 52.979613 course 268 speed 14.5 rateofturn 0 navstat 0 heading 269 (!AIVDM,1,1,,A,14WS2P002ASjQGh?15?rO8KT00S`,0*5C)
ch B type 1 mmsi 309904000: lat 26.243945 lon 52.979613 course 268 speed 14.5 rateofturn 0 navstat 0 heading 269 (!AIVDM,1,1,,A,14WS2P002ASjQGh?15?rO8KT00S`,0*5C)
ch A type 1 mmsi 470327000: lat 25.264697 lon 55.260287 course 194 speed 0.0 rateofturn -96 navstat 0 heading 511 (!AIVDM,1,1,,A,170RNn2P00StuRF>M>8WU?wV2TQ<,0*24)
ch B type 1 mmsi 470327000: lat 25.264697 lon 55.260287 course 194 speed 0.0 rateofturn -96 navstat 0 heading 511 (!AIVDM,1,1,,A,170RNn2P00StuRF>M>8WU?wV2TQ<,0*24)
ch A type 1 mmsi 419001637: lat 25.254440 lon 55.270127 course 282 speed 0.0 rateofturn -64 navstat 3 heading 315 (!AIVDM,1,1,,A,16?Um9O000Su0Jp>Ln6;0qof0<<P,0*75)
ch B type 1 mmsi 419001637: lat 25.254440 lon 55.270127 course 282 speed 0.0 rateofturn -64 navstat 3 heading 315 (!AIVDM,1,1,,A,16?Um9O000Su0Jp>Ln6;0qof0<<P,0*75)
ch A type 1 mmsi 370454000: lat 25.858455 lon 52.747973 course 219 speed 9.6 rateofturn 4 navstat 0 heading 228 (!AIVDM,1,1,,A,15QBet04iP3iMPP>juhHSW9l04Q<,0*33)
ch B type 1 mmsi 370454000: lat 25.858455 lon 52.747973 course 219 speed 9.6 rateofturn 4 navstat 0 heading 228 (!AIVDM,1,1,,A,15QBet04iP3iMPP>juhHSW9l04Q<,0*33)
ch A type 5 mmsi 470295000: name "CS MARAM" destination "DMC DUBAI" type 90 length 127 width 18 draught 6.0 (!AIVDM,2,2,4,,0000000000,2*51)
ch B type 5 mmsi 470295000: name "CS MARAM" destination "DMC DUBAI" type 90 length 127 width 18 draught 6.0 (!AIVDM,2,2,4,,0000000000,2*51)
ch A type 1 mmsi 311111100: lat 25.260235 lon 55.279260 course 226 speed 0.0 rateofturn 32 navstat 2 heading 511 (!AIVDM,1,1,,A,14`deg8P00Su36:>M3cHmgv<2@3a,0*5F)
ch B type 1 mmsi 311111100: lat 25.260235 lon 55.279260 course 226 speed 0.0 rateofturn 32 navstat 2 heading 511 (!AIVDM,1,1,,A,14`deg8P00Su36:>M3cHmgv<2@3a,0*5F)
ch A type 1 mmsi 247645000: lat 25.296145 lon 55.259127 course 86 speed 9.4 rateofturn 3 navstat 0 heading 87 (!AIVDM,1,1,,A,13d;3B031N3tu<V>NGmkEjf80@3d,0*49)
ch B type 1 mmsi 247645000: lat 25.296145 lon 55.259127 course 86 speed 9.4 rateofturn 3 navstat 0 heading 87 (!AIVDM,1,1,,A,13d;3B031N3tu<V>NGmkEjf80@3d,0*49)
ch A type 1 mmsi 470975000: lat 25.265608 lon 55.258267 course 218 speed 0.0 rateofturn -32 navstat 0 heading 511 (!AIVDM,1,1,,A,171:263P003tttP>M@AHR?vB2<;n,0*63)
ch B type 1 mmsi 470975000: lat 25.265608 lon 55.258267 course 218 speed 0.0 rateofturn -32 navstat 0 heading 511 (!AIVDM,1,1,,A,171:263P003tttP>M@AHR?vB2<;n,0*63)
ch A type 1 mmsi 470327000: lat 25.264682 lon 55.260260 course 194 speed 0.0 rateofturn -96 navstat 0 heading 511 (!AIVDM,1,1,,A,170RNn2P00StuQr>M>6GU?vF2TQ@,0*60)
ch B type 1 mmsi 470327000: lat 25.264682 lon 55.260260 course 194 speed 0.0 rateofturn -96 navstat 0 heading 511 (!AIVDM,1,1,,A,170RNn2P00StuQr>M>6GU?vF2TQ@,0*60)
ch A type 1 mmsi 372988000: lat 24.682230 lon 65.593113 course 90 speed 12.5 rateofturn 0 navstat 0 heading 89 (!AIVDM,1,1,,A,15SeHH001uTd@fp>7pvSP2jJ2PS=,0*24)
ch B type 1 mmsi 372988000: lat 24.682230 lon 65.593113 course 90 speed 12.5 rateofturn 0 navstat 0 heading 89 (!AIVDM,1,1,,A,15SeHH001uTd@fp>7pvSP2jJ2PS=,0*24)
ch A type 5 mmsi 376999000: name "ALLIANZ COMMANDER" destination "DUBAI" type 99 length 100 width 31 draught 3.3 (!AIVDM,2,2,0,,8888888880,2*5D)
ch B type 5 mmsi 376999000: name "ALLIANZ COMMANDER" destination "DUBAI" type 99 length 100 width 31 draught 3.3 (!AIVDM,2,2,0,,8888888880,2*5D)
ch A type 1 mmsi 370454000: lat 25.857805 lon 52.747353 course 223 speed 9.4 rateofturn 3 navstat 0 heading 231 (!AIVDM,1,1,,A,15QBet031N3iMDn>jt>peW>R0@9c,0*7B)
ch B type 1 mmsi 370454000: lat 25.857805 lon 52.747353 course 223 speed 9.4 rateofturn 3 navstat 0 heading 231 (!AIVDM,1,1,,A,15QBet031N3iMDn>jt>peW>R0@9c,0*7B)
ch A type 5 mmsi 403616000: name "ZAMIL 57" destination "DUBAI" type 52 length 65 width 14 draught 5.2 (!AIVDM,2,2,2,,8888888880,2*5F)
ch B type 5 mmsi 403616000: name "ZAMIL 57" destination "DUBAI" type 52 length 65 width 14 draught 5.2 (!AIVDM,2,2,2,,8888888880,2*5F)
ch A type 3 mmsi 470191000: lat 25.540555 lon 55.181843 course 172 speed 0.1 rateofturn 64 navstat 0 heading 285 (!AIVDM,1,1,,A,370J;V10013tVST>WDcFgHrP0000,0*26)
ch B type 3 mmsi 470191000: lat 25.540555 lon 55.181843 course 172 speed 0.1 rateofturn 64 navstat 0 heading 285 (!AIVDM,1,1,,A,370J;V10013tVST>WDcFgHrP0000,0*26)
ch A type 5 mmsi 470886000: name "DUBAI" destination "DXB" type 0 length 162 width 22 draught 5.2 (!AIVDM,2,2,4,,0000000000,2*51)
ch B type 5 mmsi 470886000: name "DUBAI" destination "DXB" type 0 length 162 width 22 draught 5.2 (!AIVDM,2,2,4,,0000000000,2*51)
ch A type 21 mmsi 994661087: (!AIVDM,1,1,,A,E>lUBoiR8I00000000000000000ApclH7J2e@N3kkiv000,0*7D)
ch B type 21 mmsi 994661087: (!AIVDM,1,1,,A,E>lUBoiR8I00000000000000000ApclH7J2e@N3kkiv000,0*7D)
ch A type 1 mmsi 470327000: lat 25.264675 lon 55.260260 course 194 speed 0.0 rateofturn -96 navstat 0 heading 511 (!AIVDM,1,1,,A,170RNn2P00StuQp>M>5GU?vf2d5b,0*37)
ch B type 1 mmsi 470327000: lat 25.264675 lon 55.260260 course 194 speed 0.0 rateofturn -96 navstat 0 heading 511 (!AIVDM,1,1,,A,170RNn2P00StuQp>M>5GU?vf2d5b,0*37)
ch A type 1 mmsi 311111100: lat 25.260230 lon 55.279267 course 226 speed 0.0 rateofturn 32 navstat 2 heading 511 (!AIVDM,1,1,,A,14`deg8P00Su36@>M3b`nOvl24Q@,0*40)
ch B type 1 mmsi 311111100: lat 25.260230 lon 55.279267 course 226 speed 0.0 rateofturn 32 navstat 2 heading 511 (!AIVDM,1,1,,A,14`deg8P00Su36@>M3b`nOvl24Q@,0*40)
ch A type 1 mmsi 247645000: lat 25.296177 lon 55.260033 course 88 speed 9.2 rateofturn 3 navstat 0 heading 90 (!AIVDM,1,1,,A,13d;3B03QL3tuMb>NGrSL2lf0H?7,0*1B)
ch B type 1 mmsi 247645000: lat 25.296177 lon 55.260033 course 88 speed 9.2 rateofturn 3 navstat 0 heading 90 (!AIVDM,1,1,,A,13d;3B03QL3tuMb>NGrSL2lf0H?7,0*1B)
ch A type 1 mmsi 470327000: lat 25.264670 lon 55.260260 course 194 speed 0.0 rateofturn -96 navstat 0 heading 511 (!AIVDM,1,1,,A,170RNn2P00StuQp>M>4WU?vn2hCD,0*72)
ch B type 1 mmsi 470327000: lat 25.264670 lon 55.260260 course 194 speed 0.0 rateofturn -96 navstat 0 heading 511 (!AIVDM,1,1,,A,170RNn2P00StuQp>M>4WU?vn2hCD,0*72)
