ch A type 1 mmsi 470975000: lat 25.265610 lon 55.258237 course 225 speed 0.0 rateofturn -32 navstat 0 heading 511 (!AIVDM,1,1,,A,171:263P003ttst>M@A`kOwR2HLT,0*09)
ch B type 1 mmsi 470975000: lat 25.265610 lon 55.258237 course 225 speed 0.0 rateofturn -32 navstat 0 heading 511 (!AIVDM,1,1,,A,171:263P003ttst>M@A`kOwR2HLT,0*09)
ch A type 1 mmsi 470327000: lat 25.264685 lon 55.260223 course 194 speed 0.0 rateofturn -96 navstat 0 heading 511 (!AIVDM,1,1,,A,170RNn2P00StuQ<>M>6oU?wn2PS6,0*5F)
ch B type 1 mmsi 470327000: lat 25.264685 lon 55.260223 course 194 speed 0.0 rateofturn -96 navstat 0 heading 511 (!AIVDM,1,1,,A,170RNn2P00StuQ<>M>6oU?wn2PS6,0*5F)
ch A type 1 mmsi 341954000: lat 25.269360 lon 55.261127 course 232 speed 0.0 rateofturn 0 navstat 0 heading 10 (!AIVDM,1,1,,A,1567=l0000Stuj8>MI494PD42H1A,0*5B)
ch B type 1 mmsi 341954000: lat 25.269360 lon 55.261127 course 232 speed 0.0 rateofturn 0 navstat 0 heading 10 (!AIVDM,1,1,,A,1567=l0000Stuj8>MI494PD42H1A,0*5B)
ch A type 1 mmsi 470073000: lat 25.261097 lon 55.261113 course 136 speed 0.0 rateofturn -64 navstat 3 heading 191 (!AIVDM,1,1,,A,170Bvb?0@0Stuip>M5dUDmv40D:B,0*62)
ch B type 1 mmsi 470073000: lat 25.261097 lon 55.261113 course 136 speed 0.0 rateofturn -64 navstat 3 heading 191 (!AIVDM,1,1,,A,170Bvb?0@0Stuip>M5dUDmv40D:B,0*62)
ch A type 1 mmsi 247645000: lat 25.285878 lon 55.268987 course 190 speed 6.6 rateofturn 2 navstat 0 heading 189 (!AIVDM,1,1,,A,13d;3B02123u05N>MwioKmr600SS,0*66)
ch B type 1 mmsi 247645000: lat 25.285878 lon 55.268987 course 190 speed 6.6 rateofturn 2 navstat 0 heading 189 (!AIVDM,1,1,,A,13d;3B02123u05N>MwioKmr600SS,0*66)
ch A type 3 mmsi 403616000: lat 25.264983 lon 55.258307 course 190 speed 0.0 rateofturn 64 navstat 1 heading 192 (!AIVDM,1,1,,A,360ri050003ttuB>M>kWJF0<0000,0*48)
ch B type 3 mmsi 403616000: lat 25.264983 lon 55.258307 course 190 speed 0.0 rateofturn 64 navstat 1 heading 192 (!AIVDM,1,1,,A,360ri050003ttuB>M>kWJF0<0000,0*48)
ch A type 3 mmsi 312576000: lat 25.364232 lon 55.376280 course 360 speed 0.0 rateofturn 64 navstat 1 heading 121 (!AIVDM,1,1,,A,34b68050003uOQB>PoJv43j<0Dg:,0*27)
ch B type 3 mmsi 312576000: lat 25.364232 lon 55.376280 course 360 speed 0.0 rateofturn 64 navstat 1 heading 121 (!AIVDM,1,1,,A,34b68050003uOQB>PoJv43j<0Dg:,0*27)
ch A type 1 mmsi 636018958: lat 24.876868 lon 53.674043 course 44 speed 0.0 rateofturn -64 navstat 3 heading 39 (!AIVDM,1,1,,A,19NSQ3g000SmdlD>?1:AfQ><2<9`,0*5D)
ch B type 1 mmsi 636018958: lat 24.876868 lon 53.674043 course 44 speed 0.0 rateofturn -64 navstat 3 heading 39 (!AIVDM,1,1,,A,19NSQ3g000SmdlD>?1:AfQ><2<9`,0*5D)
ch A type 1 mmsi 636020323: lat 25.251037 lon 55.269170 course 357 speed 0.0 rateofturn -64 navstat 0 heading 309 (!AIVDM,1,1,,A,19NSVHk0003u08t>Lf7esabJ00RE,0*27)
ch A type 1 mmsi 309904000: lat 26.243098 lon 52.942163 course 268 speed 14.4 rateofturn 63 navstat 0 heading 269 (!AIVDM,1,1,,A,14WS2P0w2@SjFIT?13@rN`JJ04Qh,0*0E)
ch B type 1 mmsi 636020323: lat 25.251037 lon 55.269170 course 357 speed 0.0 rateofturn -64 navstat 0 heading 309 (!AIVDM,1,1,,A,19NSVHk0003u08t>Lf7esabJ00RE,0*27)
ch B type 1 mmsi 309904000: lat 26.243098 lon 52.942163 course 268 speed 14.4 rateofturn 63 navstat 0 heading 269 (!AIVDM,1,1,,A,14WS2P0w2@SjFIT?13@rN`JJ04Qh,0*0E)
ch A type 1 mmsi 538008757: lat 25.498267 lon 55.469017 course 141 speed 7.9 rateofturn 0 navstat 0 heading 142 (!AIVDM,1,1,,A,1815Le@01?3urd4>UiT5PTLL0H91,0*0F)
ch B type 1 mmsi 538008757: lat 25.498267 lon 55.469017 course 141 speed 7.9 rateofturn 0 navstat 0 heading 142 (!AIVDM,1,1,,A,1815Le@01?3urd4>UiT5PTLL0H91,0*0F)
ch A type 1 mmsi 470327000: lat 25.264693 lon 55.260240 course 194 speed 0.0 rateofturn -96 navstat 0 heading 511 (!AIVDM,1,1,,A,170RNn2P00StuQP>M>87U?vN2PS6,0*44)
ch B type 1 mmsi 470327000: lat 25.264693 lon 55.260240 course 194 speed 0.0 rateofturn -96 navstat 0 heading 511 (!AIVDM,1,1,,A,170RNn2P00StuQP>M>87U?vN2PS6,0*44)
ch A type 21 mmsi 994666003: (!AIVDM,1,1,,A,E>lUV4iR8J00000000000000000ApW7I7LFUpN3kkkv010,0*2E)
ch B type 21 mmsi 994666003: (!AIVDM,1,1,,A,E>lUV4iR8J00000000000000000ApW7I7LFUpN3kkkv010,0*2E)
ch A type 21 mmsi 994666004: (!AIVDM,1,1,,A,E>lUV51`8HP0000000000000000ApciA7J1S`N3kkkv010,0*22)
ch B type 21 mmsi 994666004: (!AIVDM,1,1,,A,E>lUV51`8HP0000000000000000ApciA7J1S`N3kkkv010,0*22)
ch A type 21 mmsi 994666007: (!AIVDM,1,1,,A,E>lUV5ic`IP0000000000000000ApkGG7IcfhN3kkkv010,0*6C)
ch B type 21 mmsi 994666007: (!AIVDM,1,1,,A,E>lUV5ic`IP0000000000000000ApkGG7IcfhN3kkkv010,0*6C)
ch A type 21 mmsi 994666000: (!AIVDM,1,1,,A,E>lUV41R8HP0000000000000000ApVMU7K14pN3kkkv010,0*62)
ch B type 21 mmsi 994666000: (!AIVDM,1,1,,A,E>lUV41R8HP0000000000000000ApVMU7K14pN3kkkv010,0*62)
ch A type 1 mmsi 311111100: lat 25.260187 lon 55.279287 course 225 speed 0.0 rateofturn 32 navstat 2 heading 511 (!AIVDM,1,1,,A,14`deg8P00Su36V>M3T8j?vl24Qh,0*64)
ch B type 1 mmsi 311111100: lat 25.260187 lon 55.279287 course 225 speed 0.0 rateofturn 32 navstat 2 heading 511 (!AIVDM,1,1,,A,14`deg8P00Su36V>M3T8j?vl24Qh,0*64)
ch A type 1 mmsi 563755000: lat 27.174833 lon 51.409117 course 101 speed 15.2 rateofturn 61 navstat 0 heading 101 (!AIVDM,1,1,,A,18I`ov0ujH3cE@t?S;13uC:n00S;,0*06)
ch B type 1 mmsi 563755000: lat 27.174833 lon 51.409117 course 101 speed 15.2 rateofturn 61 navstat 0 heading 101 (!AIVDM,1,1,,A,18I`ov0ujH3cE@t?S;13uC:n00S;,0*06)
ch A type 1 mmsi 470975000: lat 25.265625 lon 55.258267 course 225 speed 0.0 rateofturn -32 navstat 0 heading 511 (!AIVDM,1,1,,A,171:263P003tttN>M@Cpkgvr28@s,0*74)
ch B type 1 mmsi 470975000: lat 25.265625 lon 55.258267 course 225 speed 0.0 rateofturn -32 navstat 0 heading 511 (!AIVDM,1,1,,A,171:263P003tttN>M@Cpkgvr28@s,0*74)
ch A type 1 mmsi 377336000: lat 25.365592 lon 55.379880 course 52 speed 0.0 rateofturn 0 navstat 2 heading 62 (!AIVDM,1,1,,A,15Wnhh8000SuPTf>PrVj11tt08Bh,0*55)
ch B type 1 mmsi 377336000: lat 25.365592 lon 55.379880 course 52 speed 0.0 rateofturn 0 navstat 2 heading 62 (!AIVDM,1,1,,A,15Wnhh8000SuPTf>PrVj11tt08Bh,0*55)
ch A type 1 mmsi 470123456: lat 25.298447 lon 55.332707 course 0 speed 0.0 rateofturn -32 navstat 3 heading 511 (!AIVDM,1,1,,A,170F3h?P00SuBh@>NM?00?w424Qh,0*6F)
ch B type 1 mmsi 470123456: lat 25.298447 lon 55.332707 course 0 speed 0.0 rateofturn -32 navstat 3 heading 511 (!AIVDM,1,1,,A,170F3h?P00SuBh@>NM?00?w424Qh,0*6F)
ch A type 1 mmsi 419001637: lat 25.254448 lon 55.270073 course 284 speed 0.0 rateofturn -64 navstat 3 heading 315 (!AIVDM,1,1,,A,16?Um9O000Su0Ip>Ln7K7Io600Sh,0*33)
ch B type 1 mmsi 419001637: lat 25.254448 lon 55.270073 course 284 speed 0.0 rateofturn -64 navstat 3 heading 315 (!AIVDM,1,1,,A,16?Um9O000Su0Ip>Ln7K7Io600Sh,0*33)
ch A type 5 mmsi 247645000: name "M/V COSTA ATLANTICA" destination "AE DXB" type 69 length 292 width 32 draught 8.0 (!AIVDM,2,2,2,,8888888880,2*5F)
ch B type 5 mmsi 247645000: name "M/V COSTA ATLANTICA" destination "AE DXB" type 69 length 292 width 32 draught 8.0 (!AIVDM,2,2,2,,8888888880,2*5F)
ch A type 3 mmsi 377362000: lat 25.264915 lon 55.259993 course 0 speed 0.0 rateofturn 64 navstat 1 heading 192 (!AIVDM,1,1,,A,35WpFD50003tuLr>M>a@061B0Dmb,0*6E)
ch B type 3 mmsi 377362000: lat 25.264915 lon 55.259993 course 0 speed 0.0 rateofturn 64 navstat 1 heading 192 (!AIVDM,1,1,,A,35WpFD50003tuLr>M>a@061B0Dmb,0*6E)
ch A type 1 mmsi 341954000: lat 25.269357 lon 55.261133 course 232 speed 0.0 rateofturn 0 navstat 0 heading 10 (!AIVDM,1,1,,A,1567=l0000Stuj>>MI3a2hED2D71,0*37)
ch B type 1 mmsi 341954000: lat 25.269357 lon 55.261133 course 232 speed 0.0 rateofturn 0 navstat 0 heading 10 (!AIVDM,1,1,,A,1567=l0000Stuj>>MI3a2hED2D71,0*37)
ch A type 3 mmsi 677032500: lat 25.437208 lon 55.324030 course 159 speed 0.0 rateofturn 65 navstat 0 heading 264 (!AIVDM,1,1,,A,3:5bj=11P03u@=T>SRMF=HAB0000,0*62)
ch B type 3 mmsi 677032500: lat 25.437208 lon 55.324030 course 159 speed 0.0 rateofturn 65 navstat 0 heading 264 (!AIVDM,1,1,,A,3:5bj=11P03u@=T>SRMF=HAB0000,0*62)
ch A type 1 mmsi 470015000: lat 25.269730 lon 55.282180 course 264 speed 0.0 rateofturn -64 navstat 2 heading 231 (!AIVDM,1,1,,A,170?L6;0003u3tn>MIsbCo?F0pI8,0*7E)
ch B type 1 mmsi 470015000: lat 25.269730 lon 55.282180 course 264 speed 0.0 rateofturn -64 navstat 2 heading 231 (!AIVDM,1,1,,A,170?L6;0003u3tn>MIsbCo?F0pI8,0*7E)
ch A type 3 mmsi 353065000: lat 25.365317 lon 55.371960 course 144 speed 0.0 rateofturn 64 navstat 1 heading 59 (!AIVDM,1,1,,A,35@eH:5000SuN@B>PquU`ioH0Dg:,0*20)
ch B type 3 mmsi 353065000: lat 25.365317 lon 55.371960 course 144 speed 0.0 rateofturn 64 navstat 1 heading 59 (!AIVDM,1,1,,A,35@eH:5000SuN@B>PquU`ioH0Dg:,0*20)
ch A type 1 mmsi 470327000: lat 25.264682 lon 55.260220 course 194 speed 0.0 rateofturn -96 navstat 0 heading 511 (!AIVDM,1,1,,A,170RNn2P00StuQ:>M>6GU?wV2TQh,0*11)
ch B type 1 mmsi 470327000: lat 25.264682 lon 55.260220 course 194 speed 0.0 rateofturn -96 navstat 0 heading 511 (!AIVDM,1,1,,A,170RNn2P00StuQ:>M>6GU?wV2TQh,0*11)
ch A type 3 mmsi 470135000: lat 25.261317 lon 55.260150 course 44 speed 0.0 rateofturn 32 navstat 0 heading 511 (!AIVDM,1,1,,A,370Fhn0P00StuOl>M6=Qe?wd2Rni,0*44)
ch B type 3 mmsi 470135000: lat 25.261317 lon 55.260150 course 44 speed 0.0 rateofturn 32 navstat 0 heading 511 (!AIVDM,1,1,,A,370Fhn0P00StuOl>M6=Qe?wd2Rni,0*44)
ch A type 1 mmsi 419001637: lat 25.254440 lon 55.270090 course 284 speed 0.0 rateofturn -64 navstat 3 heading 315 (!AIVDM,1,1,,A,16?Um9O000Su0J<>Ln6;7Ioh0HQF,0*07)
ch B type 1 mmsi 419001637: lat 25.254440 lon 55.270090 course 284 speed 0.0 rateofturn -64 navstat 3 heading 315 (!AIVDM,1,1,,A,16?Um9O000Su0J<>Ln6;7Ioh0HQF,0*07)
ch A type 3 mmsi 470943000: lat 91.000000 lon 181.000000 course 360 speed 102.3 rateofturn -32 navstat 0 heading 511 (!AIVDM,1,1,,A,3718563P?w<tSF0l4Q@>4?wn0RqQ,0*49)
ch B type 3 mmsi 470943000: lat 91.000000 lon 181.000000 course 360 speed 102.3 rateofturn -32 navstat 0 heading 511 (!AIVDM,1,1,,A,3718563P?w<tSF0l4Q@>4?wn0RqQ,0*49)
ch A type 1 mmsi 466250000: lat 25.942517 lon 52.758950 course 152 speed 0.7 rateofturn 0 navstat 0 heading 46 (!AIVDM,1,1,,A,16taa40007SiPfD>n2iUt1Mj08Rn,0*26)
ch B type 1 mmsi 466250000: lat 25.942517 lon 52.758950 course 152 speed 0.7 rateofturn 0 navstat 0 heading 46 (!AIVDM,1,1,,A,16taa40007SiPfD>n2iUt1Mj08Rn,0*26)
ch A type 1 mmsi 341954000: lat 25.269368 lon 55.261113 course 232 speed 0.0 rateofturn 0 navstat 0 heading 10 (!AIVDM,1,1,,A,1567=l0000Stuir>MI5I3PD42D6w,0*59)
ch B type 1 mmsi 341954000: lat 25.269368 lon 55.261113 course 232 speed 0.0 rateofturn 0 navstat 0 heading 10 (!AIVDM,1,1,,A,1567=l0000Stuir>MI5I3PD42D6w,0*59)
ch A type 1 mmsi 470015000: lat 25.269725 lon 55.282177 course 264 speed 0.0 rateofturn -64 navstat 2 heading 231 (!AIVDM,1,1,,A,170?L6;0003u3tl>MIrrCo>60PSM,0*53)
ch B type 1 mmsi 470015000: lat 25.269725 lon 55.282177 course 264 speed 0.0 rateofturn -64 navstat 2 heading 231 (!AIVDM,1,1,,A,170?L6;0003u3tl>MIrrCo>60PSM,0*53)
ch A type 1 mmsi 470163000: lat 25.268725 lon 55.261060 course 112 speed 0.0 rateofturn 0 navstat 0 heading 12 (!AIVDM,1,1,,A,170HN>00P0Stuhr>MGTlHPH600RA,0*79)
ch A type 1 mmsi 247645000: lat 25.283980 lon 55.268600 course 191 speed 6.9 rateofturn 0 navstat 0 heading 190 (!AIVDM,1,1,,A,13d;3B00153twv@>MsE7MUt80D<P,0*36)
ch B type 1 mmsi 247645000: lat 25.283980 lon 55.268600 course 191 speed 6.9 rateofturn 0 navstat 0 heading 190 (!AIVDM,1,1,,A,13d;3B00153twv@>MsE7MUt80D<P,0*36)
ch A type 1 mmsi 470975000: lat 25.265643 lon 55.258267 course 224 speed 0.0 rateofturn -32 navstat 0 heading 511 (!AIVDM,1,1,,A,171:263P003tttR>M@F`iOvB20Rw,0*79)
ch B type 1 mmsi 470975000: lat 25.265643 lon 55.258267 course 224 speed 0.0 rateofturn -32 navstat 0 heading 511 (!AIVDM,1,1,,A,171:263P003tttR>M@F`iOvB20Rw,0*79)
ch A type 3 mmsi 566670000: lat 25.420453 lon 55.300733 course 323 speed 0.1 rateofturn 64 navstat 0 heading 242 (!AIVDM,1,1,,A,38LJjd10013u9Hf>Rs<<`7TH0EGb,0*70)
ch B type 3 mmsi 566670000: lat 25.420453 lon 55.300733 course 323 speed 0.1 rateofturn 64 navstat 0 heading 242 (!AIVDM,1,1,,A,38LJjd10013u9Hf>Rs<<`7TH0EGb,0*70)
ch A type 1 mmsi 372988000: lat 24.682455 lon 65.624573 course 90 speed 12.5 rateofturn 0 navstat 0 heading 89 (!AIVDM,1,1,,A,15SeHH001uTdIth>7qPCP2jF2p7O,0*2A)
ch B type 1 mmsi 372988000: lat 24.682455 lon 65.624573 course 90 speed 12.5 rateofturn 0 navstat 0 heading 89 (!AIVDM,1,1,,A,15SeHH001uTdIth>7qPCP2jF2p7O,0*2A)
ch A type 1 mmsi 419001637: lat 25.254437 lon 55.270090 course 284 speed 0.0 rateofturn -64 navstat 3 heading 315 (!AIVDM,1,1,,A,16?Um9O000Su0J<>Ln5c7InL088w,0*51)
ch B type 1 mmsi 419001637: lat 25.254437 lon 55.270090 course 284 speed 0.0 rateofturn -64 navstat 3 heading 315 (!AIVDM,1,1,,A,16?Um9O000Su0J<>Ln5c7InL088w,0*51)
ch A type 1 mmsi 470049000: lat 25.269178 lon 55.281867 course 213 speed 0.0 rateofturn 32 navstat 0 heading 511 (!AIVDM,1,1,,A,170APr0P003u3o0>MH`pD?vN00Ri,0*6A)
ch B type 1 mmsi 470049000: lat 25.269178 lon 55.281867 course 213 speed 0.0 rateofturn 32 navstat 0 heading 511 (!AIVDM,1,1,,A,170APr0P003u3o0>MH`pD?vN00Ri,0*6A)
ch A type 21 mmsi 994666004: (!AIVDM,1,1,,A,E>lUV51`8HP0000000000000000ApciA7J1S`N3kkkv010,0*22)
ch B type 21 mmsi 994666004: (!AIVDM,1,1,,A,E>lUV51`8HP0000000000000000ApciA7J1S`N3kkkv010,0*22)
ch A type 1 mmsi 470327000: lat 25.264673 lon 55.260180 course 194 speed 0.0 rateofturn -96 navstat 0 heading 511 (!AIVDM,1,1,,A,170RNn2P003tuPH>M>57U?vV2TQl,0*74)
ch B type 1 mmsi 470327000: lat 25.264673 lon 55.260180 course 194 speed 0.0 rateofturn -96 navstat 0 heading 511 (!AIVDM,1,1,,A,170RNn2P003tuPH>M>57U?vV2TQl,0*74)
ch A type 1 mmsi 341954000: lat 25.269383 lon 55.261123 course 231 speed 0.0 rateofturn 0 navstat 0 heading 10 (!AIVDM,1,1,,A,1567=l0000Stuj4>MI7a20Df24Ql,0*09)
ch B type 1 mmsi 341954000: lat 25.269383 lon 55.261123 course 231 speed 0.0 rateofturn 0 navstat 0 heading 10 (!AIVDM,1,1,,A,1567=l0000Stuj4>MI7a20Df24Ql,0*09)
ch A type 3 mmsi 370103000: lat 25.269998 lon 55.282427 course 142 speed 0.1 rateofturn 96 navstat 1 heading 511 (!AIVDM,1,1,,A,35PuBn5P013u41N>MJSmT?vhP000,0*52)
ch B type 3 mmsi 370103000: lat 25.269998 lon 55.282427 course 142 speed 0.1 rateofturn 96 navstat 1 heading 511 (!AIVDM,1,1,,A,35PuBn5P013u41N>MJSmT?vhP000,0*52)
ch A type 1 mmsi 470163000: lat 25.268740 lon 55.261053 course 112 speed 0.0 rateofturn 63 navstat 0 heading 12 (!AIVDM,1,1,,A,170HN>0wP0Stuhh>MGW4HPHd0<5t,0*73)
ch B type 1 mmsi 470163000: lat 25.268740 lon 55.261053 course 112 speed 0.0 rateofturn 63 navstat 0 heading 12 (!AIVDM,1,1,,A,170HN>0wP0Stuhh>MGW4HPHd0<5t,0*73)
ch A type 1 mmsi 470327000: lat 25.264680 lon 55.260200 course 194 speed 0.0 rateofturn -96 navstat 0 heading 511 (!AIVDM,1,1,,A,170RNn2P00StuPh>M>67U?vf2l5j,0*5D)
ch B type 1 mmsi 470327000: lat 25.264680 lon 55.260200 course 194 speed 0.0 rateofturn -96 navstat 0 heading 511 (!AIVDM,1,1,,A,170RNn2P00StuPh>M>67U?vf2l5j,0*5D)
ch A type 3 mmsi 371928000: lat 25.275668 lon 55.259000 course 125 speed 0.0 rateofturn 64 navstat 1 heading 6 (!AIVDM,1,1,,A,35Rdch5000Stu:@>MWnDp@<n0Dg:,0*75)
ch B type 3 mmsi 371928000: lat 25.275668 lon 55.259000 course 125 speed 0.0 rateofturn 64 navstat 1 heading 6 (!AIVDM,1,1,,A,35Rdch5000Stu:@>MWnDp@<n0Dg:,0*75)
ch A type 1 mmsi 311111100: lat 25.260217 lon 55.279300 course 225 speed 0.0 rateofturn 32 navstat 2 heading 511 (!AIVDM,1,1,,A,14`deg8P00Su36r>M3``iwvl20S=,0*34)
ch B type 1 mmsi 311111100: lat 25.260217 lon 55.279300 course 225 speed 0.0 rateofturn 32 navstat 2 heading 511 (!AIVDM,1,1,,A,14`deg8P00Su36r>M3``iwvl20S=,0*34)
ch A type 1 mmsi 247645000: lat 25.283322 lon 55.268453 course 191 speed 6.9 rateofturn 0 navstat 0 heading 190 (!AIVDM,1,1,,A,13d;3B00153twsN>MqjGMmtj0D<P,0*0A)
ch B type 1 mmsi 247645000: lat 25.283322 lon 55.268453 course 191 speed 6.9 rateofturn 0 navstat 0 heading 190 (!AIVDM,1,1,,A,13d;3B00153twsN>MqjGMmtj0D<P,0*0A)
ch A type 1 mmsi 470327000: lat 25.264682 lon 55.260207 course 194 speed 0.0 rateofturn -96 navstat 0 heading 511 (!AIVDM,1,1,,A,170RNn2P00StuPr>M>6GU?vn2TQl,0*65)
ch B type 1 mmsi 470327000: lat 25.264682 lon 55.260207 course 194 speed 0.0 rateofturn -96 navstat 0 heading 511 (!AIVDM,1,1,,A,170RNn2P00StuPr>M>6GU?vn2TQl,0*65)
ch A type 1 mmsi 636020323: lat 25.251047 lon 55.269140 course 357 speed 0.0 rateofturn -64 navstat 0 heading 309 (!AIVDM,1,1,,A,19NSVHk0003u08H>Lf9=sac200RU,0*24)
ch B type 1 mmsi 636020323: lat 25.251047 lon 55.269140 course 357 speed 0.0 rateofturn -64 navstat 0 heading 309 (!AIVDM,1,1,,A,19NSVHk0003u08H>Lf9=sac200RU,0*24)
ch A type 1 mmsi 470123456: lat 25.298447 lon 55.332707 course 0 speed 0.0 rateofturn -32 navstat 3 heading 511 (!AIVDM,1,1,,A,170F3h?P00SuBh>>NM?00?w420SA,0*3E)
ch B type 1 mmsi 470123456: lat 25.298447 lon 55.332707 course 0 speed 0.0 rateofturn -32 navstat 3 heading 511 (!AIVDM,1,1,,A,170F3h?P00SuBh>>NM?00?w420SA,0*3E)
ch A type 1 mmsi 419001637: lat 25.254440 lon 55.270087 course 284 speed 0.0 rateofturn -64 navstat 3 heading 315 (!AIVDM,1,1,,A,16?Um9O000Su0J6>Ln6;7Io60HEF,0*47)
ch B type 1 mmsi 419001637: lat 25.254440 lon 55.270087 course 284 speed 0.0 rateofturn -64 navstat 3 heading 315 (!AIVDM,1,1,,A,16?Um9O000Su0J6>Ln6;7Io60HEF,0*47)
ch A type 5 mmsi 353885000: name "MEO GUARDIAN" destination "DMC" type 53 length 84 width 22 draught 4.3 (!AIVDM,2,2,5,,8888888880,2*58)
ch B type 5 mmsi 353885000: name "MEO GUARDIAN" destination "DMC" type 53 length 84 width 22 draught 4.3 (!AIVDM,2,2,4,,8888888880,2*59)
ch A type 1 mmsi 309904000: lat 26.242987 lon 52.935853 course 269 speed 14.4 rateofturn 0 navstat 0 heading 269 (!AIVDM,1,1,,A,14WS2P002@SjDS@?130:OpK<00S4,0*41)
ch B type 1 mmsi 309904000: lat 26.242987 lon 52.935853 course 269 speed 14.4 rateofturn 0 navstat 0 heading 269 (!AIVDM,1,1,,A,14WS2P002@SjDS@?130:OpK<00S4,0*41)
ch A type 1 mmsi 470327000: lat 25.264688 lon 55.260227 course 194 speed 0.0 rateofturn -96 navstat 0 heading 511 (!AIVDM,1,1,,A,170RNn2P00StuQ>>M>7GU?w>2PS4,0*26)
ch B type 1 mmsi 470327000: lat 25.264688 lon 55.260227 course 194 speed 0.0 rateofturn -96 navstat 0 heading 511 (!AIVDM,1,1,,A,170RNn2P00StuQ>>M>7GU?w>2PS4,0*26)
ch A type 1 mmsi 341954000: lat 25.269397 lon 55.261133 course 232 speed 0.0 rateofturn 0 navstat 0 heading 10 (!AIVDM,1,1,,A,1567=l0000StujB>MI9a2hED2@HK,0*40)
ch B type 1 mmsi 341954000: lat 25.269397 lon 55.261133 course 232 speed 0.0 rateofturn 0 navstat 0 heading 10 (!AIVDM,1,1,,A,1567=l0000StujB>MI9a2hED2@HK,0*40)
ch A type 1 mmsi 470163000: lat 25.268758 lon 55.261073 course 112 speed 0.0 rateofturn 0 navstat 0 heading 12 (!AIVDM,1,1,,A,170HN>00@0Stui8>MGalHPIB0L60,0*0B)
ch B type 1 mmsi 470163000: lat 25.268758 lon 55.261073 course 112 speed 0.0 rateofturn 0 navstat 0 heading 12 (!AIVDM,1,1,,A,170HN>00@0Stui8>MGalHPIB0L60,0*0B)
ch A type 1 mmsi 636018958: lat 24.876860 lon 53.674040 course 39 speed 0.0 rateofturn -64 navstat 3 heading 39 (!AIVDM,1,1,,A,19NSQ3g000Smdl@>?191QA?H2HJq,0*6E)
ch B type 1 mmsi 636018958: lat 24.876860 lon 53.674040 course 39 speed 0.0 rateofturn -64 navstat 3 heading 39 (!AIVDM,1,1,,A,19NSQ3g000Smdl@>?191QA?H2HJq,0*6E)
ch A type 1 mmsi 247645000: lat 25.282718 lon 55.268313 course 191 speed 7.0 rateofturn 0 navstat 0 heading 190 (!AIVDM,1,1,,A,13d;3B00163twpn>MpGoN5uH04Ql,0*77)
ch B type 1 mmsi 247645000: lat 25.282718 lon 55.268313 course 191 speed 7.0 rateofturn 0 navstat 0 heading 190 (!AIVDM,1,1,,A,13d;3B00163twpn>MpGoN5uH04Ql,0*77)
ch A type 1 mmsi 470975000: lat 25.265685 lon 55.258320 course 224 speed 0.0 rateofturn -32 navstat 0 heading 511 (!AIVDM,1,1,,A,171:263P003ttuP>M@LphwwR2@LT,0*05)
ch B type 1 mmsi 470975000: lat 25.265685 lon 55.258320 course 224 speed 0.0 rateofturn -32 navstat 0 heading 511 (!AIVDM,1,1,,A,171:263P003ttuP>M@LphwwR2@LT,0*05)
ch A type 1 mmsi 372988000: lat 24.682635 lon 65.626913 course 90 speed 12.5 rateofturn 0 navstat 0 heading 89 (!AIVDM,1,1,,A,15SeHH001uTdJ`b>7qsCP2k`2PSg,0*5F)
ch B type 1 mmsi 372988000: lat 24.682635 lon 65.626913 course 90 speed 12.5 rateofturn 0 navstat 0 heading 89 (!AIVDM,1,1,,A,15SeHH001uTdJ`b>7qsCP2k`2PSg,0*5F)
ch A type 1 mmsi 470049000: lat 25.269170 lon 55.281870 course 211 speed 0.0 rateofturn 32 navstat 0 heading 511 (!AIVDM,1,1,,A,170APr0P003u3o4>MHW`>wwf0D5@,0*68)
ch B type 1 mmsi 470049000: lat 25.269170 lon 55.281870 course 211 speed 0.0 rateofturn 32 navstat 0 heading 511 (!AIVDM,1,1,,A,170APr0P003u3o4>MHW`>wwf0D5@,0*68)
ch A type 1 mmsi 470327000: lat 25.264697 lon 55.260240 course 194 speed 0.0 rateofturn -96 navstat 0 heading 511 (!AIVDM,1,1,,A,170RNn2P00StuQP>M>8WU?wf2d5i,0*00)
ch B type 1 mmsi 470327000: lat 25.264697 lon 55.260240 course 194 speed 0.0 rateofturn -96 navstat 0 heading 511 (!AIVDM,1,1,,A,170RNn2P00StuQP>M>8WU?wf2d5i,0*00)
ch A type 1 mmsi 372086000: lat 25.194630 lon 53.217640 course 288 speed 0.0 rateofturn -64 navstat 0 heading 27 (!AIVDM,1,1,,A,15RnDt30003kW6f>Jarc?0oh0HPl,0*3A)
ch B type 1 mmsi 372086000: lat 25.194630 lon 53.217640 course 288 speed 0.0 rateofturn -64 navstat 0 heading 27 (!AIVDM,1,1,,A,15RnDt30003kW6f>Jarc?0oh0HPl,0*3A)
ch A type 1 mmsi 419001637: lat 25.254443 lon 55.270097 course 284 speed 0.0 rateofturn -64 navstat 3 heading 315 (!AIVDM,1,1,,A,16?Um9O000Su0JD>Ln6c7Ioh0D<O,0*4F)
ch B type 1 mmsi 419001637: lat 25.254443 lon 55.270097 course 284 speed 0.0 rateofturn -64 navstat 3 heading 315 (!AIVDM,1,1,,A,16?Um9O000Su0JD>Ln6c7Ioh0D<O,0*4F)
ch A type 1 mmsi 341954000: lat 25.269390 lon 55.261160 course 228 speed 0.0 rateofturn 0 navstat 0 heading 10 (!AIVDM,1,1,,A,1567=l0000Stujh>MI8`s0D42@1A,0*71)
ch B type 1 mmsi 341954000: lat 25.269390 lon 55.261160 course 228 speed 0.0 rateofturn 0 navstat 0 heading 10 (!AIVDM,1,1,,A,1567=l0000Stujh>MI8`s0D42@1A,0*71)
ch A type 1 mmsi 247645000: lat 25.282162 lon 55.268193 course 191 speed 7.0 rateofturn 0 navstat 0 heading 190 (!AIVDM,1,1,,A,13d;3B00163twnb>Mo4GMmt08@1d,0*17)
ch B type 1 mmsi 247645000: lat 25.282162 lon 55.268193 course 191 speed 7.0 rateofturn 0 navstat 0 heading 190 (!AIVDM,1,1,,A,13d;3B00163twnb>Mo4GMmt08@1d,0*17)
ch A type 1 mmsi 470015000: lat 25.269792 lon 55.282217 course 264 speed 0.0 rateofturn -64 navstat 2 heading 231 (!AIVDM,1,1,,A,170?L6;0003u3uT>MJ4rCo>80d:0,0*01)
ch A type 3 mmsi 677039100: lat 25.419623 lon 55.290397 course 125 speed 0.2 rateofturn 96 navstat 0 heading 511 (!AIVDM,1,1,,A,3:5c;w1P023u6Ft>Rq?Tpgv60000,0*35)
ch B type 1 mmsi 470015000: lat 25.269792 lon 55.282217 course 264 speed 0.0 rateofturn -64 navstat 2 heading 231 (!AIVDM,1,1,,A,170?L6;0003u3uT>MJ4rCo>80d:0,0*01)
ch B type 3 mmsi 677039100: lat 25.419623 lon 55.290397 course 125 speed 0.2 rateofturn 96 navstat 0 heading 511 (!AIVDM,1,1,,A,3:5c;w1P023u6Ft>Rq?Tpgv60000,0*35)
ch A type 1 mmsi 470975000: lat 25.265688 lon 55.258333 course 224 speed 0.0 rateofturn -32 navstat 0 heading 511 (!AIVDM,1,1,,A,171:263P003ttuf>M@MHggvB2D;i,0*4A)
ch B type 1 mmsi 470975000: lat 25.265688 lon 55.258333 course 224 speed 0.0 rateofturn -32 navstat 0 heading 511 (!AIVDM,1,1,,A,171:263P003ttuf>M@MHggvB2D;i,0*4A)
ch A type 1 mmsi 377336000: lat 25.365597 lon 55.379897 course 92 speed 0.0 rateofturn 0 navstat 2 heading 64 (!AIVDM,1,1,,A,15Wnhh8000SuPU4>PrWSU20D04Qp,0*2A)
ch B type 1 mmsi 377336000: lat 25.365597 lon 55.379897 course 92 speed 0.0 rateofturn 0 navstat 2 heading 64 (!AIVDM,1,1,,A,15Wnhh8000SuPU4>PrWSU20D04Qp,0*2A)
ch A type 3 mmsi 373056000: lat 25.252410 lon 55.272267 course 165 speed 0.0 rateofturn 64 navstat 1 heading 315 (!AIVDM,1,1,,A,35SiR05000Su12v>LiEVLaoRPP00,0*36)
ch B type 3 mmsi 373056000: lat 25.252410 lon 55.272267 course 165 speed 0.0 rateofturn 64 navstat 1 heading 315 (!AIVDM,1,1,,A,35SiR05000Su12v>LiEVLaoRPP00,0*36)
ch A type 1 mmsi 419001637: lat 25.254445 lon 55.270100 course 284 speed 0.0 rateofturn -64 navstat 3 heading 315 (!AIVDM,1,1,,A,16?Um9O000Su0JH>Ln6s7InL04Qp,0*54)
ch B type 1 mmsi 419001637: lat 25.254445 lon 55.270100 course 284 speed 0.0 rateofturn -64 navstat 3 heading 315 (!AIVDM,1,1,,A,16?Um9O000Su0JH>Ln6s7InL04Qp,0*54)
ch A type 1 mmsi 470327000: lat 25.264697 lon 55.260253 course 194 speed 0.0 rateofturn -96 navstat 0 heading 511 (!AIVDM,1,1,,A,170RNn2P00StuQf>M>8WU?vN2d5h,0*1E)
ch B type 1 mmsi 470327000: lat 25.264697 lon 55.260253 course 194 speed 0.0 rateofturn -96 navstat 0 heading 511 (!AIVDM,1,1,,A,170RNn2P00StuQf>M>8WU?vN2d5h,0*1E)
ch A type 1 mmsi 470327000: lat 25.264697 lon 55.260253 course 194 speed 0.0 rateofturn -96 navstat 0 heading 511 (!AIVDM,1,1,,A,170RNn2P00StuQj>M>8WU?vV2PS<,0*0C)
ch B type 1 mmsi 470327000: lat 25.264697 lon 55.260253 course 194 speed 0.0 rateofturn -96 navstat 0 heading 511 (!AIVDM,1,1,,A,170RNn2P00StuQj>M>8WU?vV2PS<,0*0C)
ch A type 1 mmsi 341954000: lat 25.269385 lon 55.261173 course 228 speed 0.0 rateofturn 0 navstat 0 heading 10 (!AIVDM,1,1,,A,1567=l0000Stuk0>MI7ps@Df20RJ,0*0D)
ch B type 1 mmsi 341954000: lat 25.269385 lon 55.261173 course 228 speed 0.0 rateofturn 0 navstat 0 heading 10 (!AIVDM,1,1,,A,1567=l0000Stuk0>MI7ps@Df20RJ,0*0D)
ch A type 1 mmsi 470015000: lat 25.269757 lon 55.282200 course 264 speed 0.0 rateofturn -64 navstat 2 heading 231 (!AIVDM,1,1,,A,170?L6;0003u3u>>MIwbCo>h0h=i,0*39)
ch B type 1 mmsi 470015000: lat 25.269757 lon 55.282200 course 264 speed 0.0 rateofturn -64 navstat 2 heading 231 (!AIVDM,1,1,,A,170?L6;0003u3u>>MIwbCo>h0h=i,0*39)
ch A type 1 mmsi 311111100: lat 25.260233 lon 55.279333 course 220 speed 0.0 rateofturn 32 navstat 2 heading 511 (!AIVDM,1,1,,A,14`deg8P00Su37N>M3c8VOvl2H?<,0*40)
ch B type 1 mmsi 311111100: lat 25.260233 lon 55.279333 course 220 speed 0.0 rateofturn 32 navstat 2 heading 511 (!AIVDM,1,1,,A,14`deg8P00Su37N>M3c8VOvl2H?<,0*40)
ch A type 1 mmsi 247645000: lat 25.281403 lon 55.268040 course 191 speed 7.1 rateofturn 0 navstat 0 heading 190 (!AIVDM,1,1,,A,13d;3B00173twkh>MmBWMEth0@?V,0*39)
ch B type 1 mmsi 247645000: lat 25.281403 lon 55.268040 course 191 speed 7.1 rateofturn 0 navstat 0 heading 190 (!AIVDM,1,1,,A,13d;3B00173twkh>MmBWMEth0@?V,0*39)
ch A type 1 mmsi 470975000: lat 25.265680 lon 55.258327 course 224 speed 0.0 rateofturn -32 navstat 0 heading 511 (!AIVDM,1,1,,A,171:263P003ttu`>M@L8gwvr20Si,0*01)
ch B type 1 mmsi 470975000: lat 25.265680 lon 55.258327 course 224 speed 0.0 rateofturn -32 navstat 0 heading 511 (!AIVDM,1,1,,A,171:263P003ttu`>M@L8gwvr20Si,0*01)
ch A type 1 mmsi 470327000: lat 25.264697 lon 55.260253 course 194 speed 0.0 rateofturn -96 navstat 0 heading 511 (!AIVDM,1,1,,A,170RNn2P00StuQj>M>8WU?vv2`B`,0*51)
ch B type 1 mmsi 470327000: lat 25.264697 lon 55.260253 course 194 speed 0.0 rateofturn -96 navstat 0 heading 511 (!AIVDM,1,1,,A,170RNn2P00StuQj>M>8WU?vv2`B`,0*51)
ch A type 1 mmsi 377336000: lat 25.365597 lon 55.379903 course 92 speed 0.0 rateofturn 0 navstat 2 heading 64 (!AIVDM,1,1,,A,15Wnhh8000SuPU<>PrWSU20t00Rl,0*09)
ch B type 1 mmsi 377336000: lat 25.365597 lon 55.379903 course 92 speed 0.0 rateofturn 0 navstat 2 heading 64 (!AIVDM,1,1,,A,15Wnhh8000SuPU<>PrWSU20t00Rl,0*09)
ch A type 1 mmsi 248523000: lat 26.643928 lon 51.900470 course 196 speed 0.4 rateofturn -64 navstat 0 heading 292 (!AIVDM,1,1,,A,13e0`v30043eU=l??feGcI9>04Qp,0*7E)
ch B type 1 mmsi 248523000: lat 26.643928 lon 51.900470 course 196 speed 0.4 rateofturn -64 navstat 0 heading 292 (!AIVDM,1,1,,A,13e0`v30043eU=l??feGcI9>04Qp,0*7E)
ch A type 1 mmsi 309904000: lat 26.242870 lon 52.931430 course 269 speed 14.5 rateofturn 63 navstat 0 heading 269 (!AIVDM,1,1,,A,14WS2P0w2ASjC@D?12fbP8K:0L<P,0*3E)
ch B type 1 mmsi 309904000: lat 26.242870 lon 52.931430 course 269 speed 14.5 rateofturn 63 navstat 0 heading 269 (!AIVDM,1,1,,A,14WS2P0w2ASjC@D?12fbP8K:0L<P,0*3E)
ch A type 1 mmsi 470163000: lat 25.268743 lon 55.261083 course 112 speed 0.0 rateofturn 63 navstat 0 heading 12 (!AIVDM,1,1,,A,170HN>0wh0StuiD>MGWTHPIB0HIB,0*1F)
ch B type 1 mmsi 470163000: lat 25.268743 lon 55.261083 course 112 speed 0.0 rateofturn 63 navstat 0 heading 12 (!AIVDM,1,1,,A,170HN>0wh0StuiD>MGWTHPIB0HIB,0*1F)
ch A type 1 mmsi 247645000: lat 25.280752 lon 55.267913 course 190 speed 7.0 rateofturn 62 navstat 0 heading 190 (!AIVDM,1,1,,A,13d;3B0vi63twiH>MkhoKUuH00S1,0*5C)
ch B type 1 mmsi 247645000: lat 25.280752 lon 55.267913 course 190 speed 7.0 rateofturn 62 navstat 0 heading 190 (!AIVDM,1,1,,A,13d;3B0vi63twiH>MkhoKUuH00S1,0*5C)
ch A type 1 mmsi 470327000: lat 25.264700 lon 55.260260 course 194 speed 0.0 rateofturn -96 navstat 0 heading 511 (!AIVDM,1,1,,A,170RNn2P00StuQr>M>97U?wN2hL6,0*41)
ch B type 1 mmsi 470327000: lat 25.264700 lon 55.260260 course 194 speed 0.0 rateofturn -96 navstat 0 heading 511 (!AIVDM,1,1,,A,170RNn2P00StuQr>M>97U?wN2hL6,0*41)
ch A type 1 mmsi 470975000: lat 25.265680 lon 55.258327 course 223 speed 0.0 rateofturn -32 navstat 0 heading 511 (!AIVDM,1,1,,A,171:263P003ttu`>M@L8e?wR2<;h,0*0F)
ch B type 1 mmsi 470975000: lat 25.265680 lon 55.258327 course 223 speed 0.0 rateofturn -32 navstat 0 heading 511 (!AIVDM,1,1,,A,171:263P003ttu`>M@L8e?wR2<;h,0*0F)
ch A type 3 mmsi 229136000: lat 25.105367 lon 55.106417 course 158 speed 9.2 rateofturn 0 navstat 0 heading 161 (!AIVDM,1,1,,A,33JQFP001LSt@MD>GHe6;52v86Kk,0*3E)
ch B type 3 mmsi 229136000: lat 25.105367 lon 55.106417 course 158 speed 9.2 rateofturn 0 navstat 0 heading 161 (!AIVDM,1,1,,A,33JQFP001LSt@MD>GHe6;52v86Kk,0*3E)
ch A type 1 mmsi 419001637: lat 25.254445 lon 55.270107 course 284 speed 0.0 rateofturn -64 navstat 3 heading 315 (!AIVDM,1,1,,A,16?Um9O000Su0JR>Ln6s7Ioh0@QF,0*29)
ch B type 1 mmsi 419001637: lat 25.254445 lon 55.270107 course 284 speed 0.0 rateofturn -64 navstat 3 heading 315 (!AIVDM,1,1,,A,16?Um9O000Su0JR>Ln6s7Ioh0@QF,0*29)
ch A type 1 mmsi 470943000: lat 91.000000 lon 181.000000 course 360 speed 102.3 rateofturn -32 navstat 0 heading 511 (!AIVDM,1,1,,A,1718563P?w<tSF0l4Q@>4?wn0l2o,0*08)
ch B type 1 mmsi 470943000: lat 91.000000 lon 181.000000 course 360 speed 102.3 rateofturn -32 navstat 0 heading 511 (!AIVDM,1,1,,A,1718563P?w<tSF0l4Q@>4?wn0l2o,0*08)
ch A type 1 mmsi 470163000: lat 25.268740 lon 55.261073 course 112 speed 0.0 rateofturn 63 navstat 0 heading 12 (!AIVDM,1,1,,A,170HN>0wP0Stui6>MGW4HPH40@21,0*42)
ch B type 1 mmsi 470163000: lat 25.268740 lon 55.261073 course 112 speed 0.0 rateofturn 63 navstat 0 heading 12 (!AIVDM,1,1,,A,170HN>0wP0Stui6>MGW4HPH40@21,0*42)
ch A type 1 mmsi 247645000: lat 25.280120 lon 55.267817 course 188 speed 6.9 rateofturn 61 navstat 0 heading 188 (!AIVDM,1,1,,A,13d;3B0u153twgT>MjB7EEp80<<P,0*0C)
ch B type 1 mmsi 247645000: lat 25.280120 lon 55.267817 course 188 speed 6.9 rateofturn 61 navstat 0 heading 188 (!AIVDM,1,1,,A,13d;3B0u153twgT>MjB7EEp80<<P,0*0C)
ch A type 1 mmsi 311111100: lat 25.260228 lon 55.279293 course 221 speed 0.0 rateofturn 32 navstat 2 heading 511 (!AIVDM,1,1,,A,14`deg8P00Su36j>M3bHagv>24Qt,0*03)
ch B type 1 mmsi 311111100: lat 25.260228 lon 55.279293 course 221 speed 0.0 rateofturn 32 navstat 2 heading 511 (!AIVDM,1,1,,A,14`deg8P00Su36j>M3bHagv>24Qt,0*03)
ch A type 1 mmsi 372988000: lat 24.682650 lon 65.631707 course 90 speed 12.5 rateofturn 0 navstat 0 heading 89 (!AIVDM,1,1,,A,15SeHH001uTdL2P>7quSP2jH2h7O,0*72)
ch B type 1 mmsi 372988000: lat 24.682650 lon 65.631707 course 90 speed 12.5 rateofturn 0 navstat 0 heading 89 (!AIVDM,1,1,,A,15SeHH001uTdL2P>7quSP2jH2h7O,0*72)
ch A type 5 mmsi 636020993: name "AIS SUN" destination "SHARJAH" type 70 length 189 width 32 draught 5.8 (!AIVDM,2,2,8,,8888888880,2*55)
ch B type 5 mmsi 636020993: name "AIS SUN" destination "SHARJAH" type 70 length 189 width 32 draught 5.8 (!AIVDM,2,2,7,,8888888880,2*5A)
ch A type 1 mmsi 372086000: lat 25.194630 lon 53.217647 course 288 speed 0.0 rateofturn -64 navstat 0 heading 27 (!AIVDM,1,1,,A,15RnDt30003kW6n>Jarc?0nR0DBQ,0*2A)
ch B type 1 mmsi 372086000: lat 25.194630 lon 53.217647 course 288 speed 0.0 rateofturn -64 navstat 0 heading 27 (!AIVDM,1,1,,A,15RnDt30003kW6n>Jarc?0nR0DBQ,0*2A)
ch A type 1 mmsi 370454000: lat 25.842640 lon 52.721227 course 245 speed 9.4 rateofturn 3 navstat 0 heading 248 (!AIVDM,1,1,,A,15QBet03ANSiEc2>jHd9TWhT04Qt,0*5D)
ch B type 1 mmsi 370454000: lat 25.842640 lon 52.721227 course 245 speed 9.4 rateofturn 3 navstat 0 heading 248 (!AIVDM,1,1,,A,15QBet03ANSiEc2>jHd9TWhT04Qt,0*5D)
ch A type 1 mmsi 466250000: lat 25.942017 lon 52.759200 course 151 speed 0.9 rateofturn 0 navstat 0 heading 28 (!AIVDM,1,1,,A,16taa40009SiPk0>n1VUqPpR04Qt,0*19)
ch B type 1 mmsi 466250000: lat 25.942017 lon 52.759200 course 151 speed 0.9 rateofturn 0 navstat 0 heading 28 (!AIVDM,1,1,,A,16taa40009SiPk0>n1VUqPpR04Qt,0*19)
ch A type 1 mmsi 470943000: lat 91.000000 lon 181.000000 course 360 speed 102.3 rateofturn -32 navstat 0 heading 511 (!AIVDM,1,1,,A,1718563P?w<tSF0l4Q@>4?vV0`;>,0*65)
ch B type 1 mmsi 470943000: lat 91.000000 lon 181.000000 course 360 speed 102.3 rateofturn -32 navstat 0 heading 511 (!AIVDM,1,1,,A,1718563P?w<tSF0l4Q@>4?vV0`;>,0*65)
ch A type 1 mmsi 341954000: lat 25.269393 lon 55.261140 course 230 speed 0.0 rateofturn 0 navstat 0 heading 10 (!AIVDM,1,1,,A,1567=l0000StujJ>MI990@Db2D6w,0*5B)
ch B type 1 mmsi 341954000: lat 25.269393 lon 55.261140 course 230 speed 0.0 rateofturn 0 navstat 0 heading 10 (!AIVDM,1,1,,A,1567=l0000StujJ>MI990@Db2D6w,0*5B)
ch A type 21 mmsi 994666000: (!AIVDM,1,1,,A,E>lUV41R8HP0000000000000000ApVMU7K14pN3kkkv010,0*62)
ch B type 21 mmsi 994666000: (!AIVDM,1,1,,A,E>lUV41R8HP0000000000000000ApVMU7K14pN3kkkv010,0*62)
ch A type 1 mmsi 470163000: lat 25.268737 lon 55.261067 course 112 speed 0.0 rateofturn 63 navstat 0 heading 13 (!AIVDM,1,1,,A,170HN>0w@0Stui0>MGVTHPJd04Qt,0*35)
ch B type 1 mmsi 470163000: lat 25.268737 lon 55.261067 course 112 speed 0.0 rateofturn 63 navstat 0 heading 13 (!AIVDM,1,1,,A,170HN>0w@0Stui0>MGVTHPJd04Qt,0*35)
ch A type 1 mmsi 247645000: lat 25.279483 lon 55.267777 course 183 speed 6.8 rateofturn 60 navstat 0 heading 184 (!AIVDM,1,1,,A,13d;3B0t143twfl>MhjW:Ehh0<<P,0*48)
ch B type 1 mmsi 247645000: lat 25.279483 lon 55.267777 course 183 speed 6.8 rateofturn 60 navstat 0 heading 184 (!AIVDM,1,1,,A,13d;3B0t143twfl>MhjW:Ehh0<<P,0*48)
ch A type 1 mmsi 470327000: lat 25.264692 lon 55.260253 course 194 speed 0.0 rateofturn -96 navstat 0 heading 511 (!AIVDM,1,1,,A,170RNn2P00StuQj>M>7oU?vn2p@B,0*4E)
ch B type 1 mmsi 470327000: lat 25.264692 lon 55.260253 course 194 speed 0.0 rateofturn -96 navstat 0 heading 511 (!AIVDM,1,1,,A,170RNn2P00StuQj>M>7oU?vn2p@B,0*4E)
ch A type 1 mmsi 470975000: lat 25.265663 lon 55.258313 course 226 speed 0.0 rateofturn -32 navstat 0 heading 511 (!AIVDM,1,1,,A,171:263P003ttuJ>M@I`mOvt2L;d,0*5B)
ch B type 1 mmsi 470975000: lat 25.265663 lon 55.258313 course 226 speed 0.0 rateofturn -32 navstat 0 heading 511 (!AIVDM,1,1,,A,171:263P003ttuJ>M@I`mOvt2L;d,0*5B)
ch A type 1 mmsi 470327000: lat 25.264692 lon 55.260260 course 194 speed 0.0 rateofturn -96 navstat 0 heading 511 (!AIVDM,1,1,,A,170RNn2P00StuQr>M>7oU?vv2TQt,0*4D)
ch B type 1 mmsi 470327000: lat 25.264692 lon 55.260260 course 194 speed 0.0 rateofturn -96 navstat 0 heading 511 (!AIVDM,1,1,,A,170RNn2P00StuQr>M>7oU?vv2TQt,0*4D)
ch A type 1 mmsi 372988000: lat 24.682517 lon 65.632920 course 90 speed 12.5 rateofturn 0 navstat 0 heading 89 (!AIVDM,1,1,,A,15SeHH001uTdLI<>7qaSP2jv2W3h,0*53)
ch B type 1 mmsi 372988000: lat 24.682517 lon 65.632920 course 90 speed 12.5 rateofturn 0 navstat 0 heading 89 (!AIVDM,1,1,,A,15SeHH001uTdLI<>7qaSP2jv2W3h,0*53)
ch A type 1 mmsi 470327000: lat 25.264692 lon 55.260260 course 194 speed 0.0 rateofturn -96 navstat 0 heading 511 (!AIVDM,1,1,,A,170RNn2P00StuQr>M>7oU?w62`Dr,0*2B)
ch B type 1 mmsi 470327000: lat 25.264692 lon 55.260260 course 194 speed 0.0 rateofturn -96 navstat 0 heading 511 (!AIVDM,1,1,,A,170RNn2P00StuQr>M>7oU?w62`Dr,0*2B)
ch A type 1 mmsi 012345678: lat 25.262020 lon 55.265303 course 232 speed 0.0 rateofturn -32 navstat 3 heading 511 (!AIVDM,1,1,,A,10;iQCgP00Stw0L>M7o95?w:2@EV,0*48)
ch B type 1 mmsi 012345678: lat 25.262020 lon 55.265303 course 232 speed 0.0 rateofturn -32 navstat 3 heading 511 (!AIVDM,1,1,,A,10;iQCgP00Stw0L>M7o95?w:2@EV,0*48)
ch A type 3 mmsi 470135000: lat 25.261333 lon 55.260150 course 44 speed 0.0 rateofturn 32 navstat 0 heading 511 (!AIVDM,1,1,,A,370Fhn0P00StuOl>M6@1e?wD2Rt1,0*3B)
ch B type 3 mmsi 470135000: lat 25.261333 lon 55.260150 course 44 speed 0.0 rateofturn 32 navstat 0 heading 511 (!AIVDM,1,1,,A,370Fhn0P00StuOl>M6@1e?wD2Rt1,0*3B)
ch A type 1 mmsi 636018958: lat 24.876863 lon 53.674040 course 15 speed 0.0 rateofturn -64 navstat 3 heading 39 (!AIVDM,1,1,,A,19NSQ3g000Smdl>>?19PUQ?H2@Jq,0*6D)
ch B type 1 mmsi 636018958: lat 24.876863 lon 53.674040 course 15 speed 0.0 rateofturn -64 navstat 3 heading 39 (!AIVDM,1,1,,A,19NSQ3g000Smdl>>?19PUQ?H2@Jq,0*6D)
ch A type 1 mmsi 247645000: lat 25.278903 lon 55.267820 course 178 speed 6.5 rateofturn 59 navstat 0 heading 179 (!AIVDM,1,1,,A,13d;3B0sA13twgV>MgKVtEWF0<<P,0*71)
ch B type 1 mmsi 247645000: lat 25.278903 lon 55.267820 course 178 speed 6.5 rateofturn 59 navstat 0 heading 179 (!AIVDM,1,1,,A,13d;3B0sA13twgV>MgKVtEWF0<<P,0*71)
ch A type 1 mmsi 311111100: lat 25.260213 lon 55.279300 course 219 speed 0.0 rateofturn 32 navstat 2 heading 511 (!AIVDM,1,1,,A,14`deg8P00Su36r>M3`8SOwL20SC,0*31)
ch B type 1 mmsi 311111100: lat 25.260213 lon 55.279300 course 219 speed 0.0 rateofturn 32 navstat 2 heading 511 (!AIVDM,1,1,,A,14`deg8P00Su36r>M3`8SOwL20SC,0*31)
ch A type 1 mmsi 470327000: lat 25.264692 lon 55.260260 course 194 speed 0.0 rateofturn -96 navstat 0 heading 511 (!AIVDM,1,1,,A,170RNn2P00StuQr>M>7oU?wN2d5g,0*33)
ch B type 1 mmsi 470327000: lat 25.264692 lon 55.260260 course 194 speed 0.0 rateofturn -96 navstat 0 heading 511 (!AIVDM,1,1,,A,170RNn2P00StuQr>M>7oU?wN2d5g,0*33)
ch A type 1 mmsi 470975000: lat 25.265668 lon 55.258313 course 226 speed 0.0 rateofturn -32 navstat 0 heading 511 (!AIVDM,1,1,,A,171:263P003ttuJ>M@JHlgwR28LT,0*4D)
ch B type 1 mmsi 470975000: lat 25.265668 lon 55.258313 course 226 speed 0.0 rateofturn -32 navstat 0 heading 511 (!AIVDM,1,1,,A,171:263P003ttuJ>M@JHlgwR28LT,0*4D)
ch A type 1 mmsi 309904000: lat 26.242822 lon 52.926073 course 269 speed 14.5 rateofturn 0 navstat 0 heading 269 (!AIVDM,1,1,,A,14WS2P002ASjAcr?12WJP8KR0D<P,0*17)
ch B type 1 mmsi 309904000: lat 26.242822 lon 52.926073 course 269 speed 14.5 rateofturn 0 navstat 0 heading 269 (!AIVDM,1,1,,A,14WS2P002ASjAcr?12WJP8KR0D<P,0*17)
ch A type 1 mmsi 470327000: lat 25.264688 lon 55.260260 course 194 speed 0.0 rateofturn -96 navstat 0 heading 511 (!AIVDM,1,1,,A,170RNn2P00StuQr>M>7GU?wV2TQt,0*44)
ch B type 1 mmsi 470327000: lat 25.264688 lon 55.260260 course 194 speed 0.0 rateofturn -96 navstat 0 heading 511 (!AIVDM,1,1,,A,170RNn2P00StuQr>M>7GU?wV2TQt,0*44)
ch A type 3 mmsi 247391100: lat 25.270833 lon 55.277367 course 141 speed 0.0 rateofturn 64 navstat 1 heading 231 (!AIVDM,1,1,,A,33csSO5000Su2R`>MLQ5Q7?V8DUJ,0*3E)
ch B type 3 mmsi 247391100: lat 25.270833 lon 55.277367 course 141 speed 0.0 rateofturn 64 navstat 1 heading 231 (!AIVDM,1,1,,A,33csSO5000Su2R`>MLQ5Q7?V8DUJ,0*3E)
ch A type 1 mmsi 419001618: lat 25.252042 lon 54.963307 course 12 speed 12.8 rateofturn 0 navstat 0 heading 11 (!AIVDM,1,1,,A,16?Um4P0203sVR0>LhN@NPF604R0,0*18)
ch B type 1 mmsi 419001618: lat 25.252042 lon 54.963307 course 12 speed 12.8 rateofturn 0 navstat 0 heading 11 (!AIVDM,1,1,,A,16?Um4P0203sVR0>LhN@NPF604R0,0*18)
ch A type 1 mmsi 470163000: lat 25.268732 lon 55.261057 course 112 speed 0.0 rateofturn 62 navstat 0 heading 13 (!AIVDM,1,1,,A,170HN>0v00Stuhl>MGUlHPJ40<5w,0*1D)
ch B type 1 mmsi 470163000: lat 25.268732 lon 55.261057 course 112 speed 0.0 rateofturn 62 navstat 0 heading 13 (!AIVDM,1,1,,A,170HN>0v00Stuhl>MGUlHPJ40<5w,0*1D)
ch A type 1 mmsi 470327000: lat 25.264682 lon 55.260253 course 194 speed 0.0 rateofturn -96 navstat 0 heading 511 (!AIVDM,1,1,,A,170RNn2P00StuQj>M>6GU?v62d5f,0*7A)
ch B type 1 mmsi 470327000: lat 25.264682 lon 55.260253 course 194 speed 0.0 rateofturn -96 navstat 0 heading 511 (!AIVDM,1,1,,A,170RNn2P00StuQj>M>6GU?v62d5f,0*7A)
ch A type 5 mmsi 470295000: name "CS MARAM" destination "DMC DUBAI" type 90 length 127 width 18 draught 6.0 (!AIVDM,2,2,5,,0000000000,2*50)
ch B type 5 mmsi 470295000: name "CS MARAM" destination "DMC DUBAI" type 90 length 127 width 18 draught 6.0 (!AIVDM,2,2,4,,0000000000,2*51)
ch A type 1 mmsi 470975000: lat 25.265667 lon 55.258320 course 227 speed 0.0 rateofturn -32 navstat 0 heading 511 (!AIVDM,1,1,,A,171:263P003ttuN>M@J8owvB2<;c,0*7F)
ch B type 1 mmsi 470975000: lat 25.265667 lon 55.258320 course 227 speed 0.0 rateofturn -32 navstat 0 heading 511 (!AIVDM,1,1,,A,171:263P003ttuN>M@J8owvB2<;c,0*7F)
ch A type 1 mmsi 470327000: lat 25.264680 lon 55.260253 course 194 speed 0.0 rateofturn -96 navstat 0 heading 511 (!AIVDM,1,1,,A,170RNn2P00StuQj>M>67U?vF2PS@,0*0E)
ch B type 1 mmsi 470327000: lat 25.264680 lon 55.260253 course 194 speed 0.0 rateofturn -96 navstat 0 heading 511 (!AIVDM,1,1,,A,170RNn2P00StuQj>M>67U?vF2PS@,0*0E)
ch A type 1 mmsi 419001637: lat 25.254437 lon 55.270117 course 284 speed 0.0 rateofturn -64 navstat 3 heading 315 (!AIVDM,1,1,,A,16?Um9O000Su0Jd>Ln5c7InP0<<P,0*32)
ch B type 1 mmsi 419001637: lat 25.254437 lon 55.270117 course 284 speed 0.0 rateofturn -64 navstat 3 heading 315 (!AIVDM,1,1,,A,16?Um9O000Su0Jd>Ln5c7InP0<<P,0*32)
ch A type 21 mmsi 994666007: (!AIVDM,1,1,,A,E>lUV5ic`IP0000000000000000ApkGG7IcfhN3kkkv010,0*6C)
ch B type 21 mmsi 994666007: (!AIVDM,1,1,,A,E>lUV5ic`IP0000000000000000ApkGG7IcfhN3kkkv010,0*6C)
ch A type 5 mmsi 403616000: name "ZAMIL 57" destination "DUBAI" type 52 length 65 width 14 draught 5.2 (!AIVDM,2,2,0,,8888888880,2*5D)
ch B type 5 mmsi 403616000: name "ZAMIL 57" destination "DUBAI" type 52 length 65 width 14 draught 5.2 (!AIVDM,2,2,9,,8888888880,2*54)
ch A type 1 mmsi 248523000: lat 26.643662 lon 51.900357 course 200 speed 0.6 rateofturn -64 navstat 0 heading 296 (!AIVDM,1,1,,A,13e0`v30063eU;d??f5GlI@V0<<P,0*79)
ch A type 18 mmsi 422360700: lat 25.421515 lon 55.119473 course 130 speed 8.5 rateofturn 0 navstat 15 heading 511 (!AIVDM,1,1,,A,B6BjnO00EHw54RS`gJmA7w`VSP06,0*33)
ch B type 1 mmsi 248523000: lat 26.643662 lon 51.900357 course 200 speed 0.6 rateofturn -64 navstat 0 heading 296 (!AIVDM,1,1,,A,13e0`v30063eU;d??f5GlI@V0<<P,0*79)
ch B type 18 mmsi 422360700: lat 25.421515 lon 55.119473 course 130 speed 8.5 rateofturn 0 navstat 15 heading 511 (!AIVDM,1,1,,A,B6BjnO00EHw54RS`gJmA7w`VSP06,0*33)
ch A type 1 mmsi 470327000: lat 25.264673 lon 55.260260 course 194 speed 0.0 rateofturn -96 navstat 0 heading 511 (!AIVDM,1,1,,A,170RNn2P00StuQp>M>57U?vV2TR0,0*72)
ch B type 1 mmsi 470327000: lat 25.264673 lon 55.260260 course 194 speed 0.0 rateofturn -96 navstat 0 heading 511 (!AIVDM,1,1,,A,170RNn2P00StuQp>M>57U?vV2TR0,0*72)
ch A type 1 mmsi 341954000: lat 25.269403 lon 55.261127 course 230 speed 0.0 rateofturn 0 navstat 0 heading 10 (!AIVDM,1,1,,A,1567=l0000Stuj6>MI:`w0Db2@<J,0*79)
ch B type 1 mmsi 341954000: lat 25.269403 lon 55.261127 course 230 speed 0.0 rateofturn 0 navstat 0 heading 10 (!AIVDM,1,1,,A,1567=l0000Stuj6>MI:`w0Db2@<J,0*79)
ch A type 3 mmsi 470015000: lat 25.269777 lon 55.282240 course 264 speed 0.0 rateofturn -64 navstat 2 heading 231 (!AIVDM,1,1,,A,370?L6;0003u3uv>MJ2bCo>h0Vw3,0*1B)
ch B type 3 mmsi 470015000: lat 25.269777 lon 55.282240 course 264 speed 0.0 rateofturn -64 navstat 2 heading 231 (!AIVDM,1,1,,A,370?L6;0003u3uv>MJ2bCo>h0Vw3,0*1B)
ch A type 1 mmsi 470327000: lat 25.264670 lon 55.260260 course 194 speed 0.0 rateofturn -96 navstat 0 heading 511 (!AIVDM,1,1,,A,170RNn2P00StuQr>M>4WU?vf2`>W,0*1E)
ch B type 1 mmsi 470327000: lat 25.264670 lon 55.260260 course 194 speed 0.0 rateofturn -96 navstat 0 heading 511 (!AIVDM,1,1,,A,170RNn2P00StuQr>M>4WU?vf2`>W,0*1E)
ch A type 1 mmsi 636018958: lat 24.876863 lon 53.674037 course 102 speed 0.0 rateofturn -64 navstat 3 heading 39 (!AIVDM,1,1,,A,19NSQ3g000Smdl<>?19T01>j20SD,0*11)
ch B type 1 mmsi 636018958: lat 24.876863 lon 53.674037 course 102 speed 0.0 rateofturn -64 navstat 3 heading 39 (!AIVDM,1,1,,A,19NSQ3g000Smdl<>?19T01>j20SD,0*11)
ch A type 1 mmsi 247645000: lat 25.277717 lon 55.268107 course 165 speed 6.1 rateofturn 59 navstat 0 heading 166 (!AIVDM,1,1,,A,13d;3B0s@u3twlv>MdaVLm<j08?V,0*60)
ch B type 1 mmsi 247645000: lat 25.277717 lon 55.268107 course 165 speed 6.1 rateofturn 59 navstat 0 heading 166 (!AIVDM,1,1,,A,13d;3B0s@u3twlv>MdaVLm<j08?V,0*60)
ch A type 1 mmsi 470327000: lat 25.264670 lon 55.260267 course 194 speed 0.0 rateofturn -96 navstat 0 heading 511 (!AIVDM,1,1,,A,170RNn2P00StuR2>M>4WU?vn2l5d,0*61)
ch B type 1 mmsi 470327000: lat 25.264670 lon 55.260267 course 194 speed 0.0 rateofturn -96 navstat 0 heading 511 (!AIVDM,1,1,,A,170RNn2P00StuR2>M>4WU?vn2l5d,0*61)
ch A type 5 mmsi 636020609: name "YOGI" destination "DUBAI" type 70 length 280 width 40 draught 7.3 (!AIVDM,2,2,0,,8888888880,2*5D)
ch B type 5 mmsi 636020609: name "YOGI" destination "DUBAI" type 70 length 280 width 40 draught 7.3 (!AIVDM,2,2,9,,8888888880,2*54)
ch A type 1 mmsi 470327000: lat 25.264670 lon 55.260270 course 194 speed 0.0 rateofturn -96 navstat 0 heading 511 (!AIVDM,1,1,,A,170RNn2P00StuR4>M>4WU?vv2PS4,0*75)
ch B type 1 mmsi 470327000: lat 25.264670 lon 55.260270 course 194 speed 0.0 rateofturn -96 navstat 0 heading 511 (!AIVDM,1,1,,A,170RNn2P00StuR4>M>4WU?vv2PS4,0*75)
ch A type 3 mmsi 538006606: lat 25.268835 lon 55.281087 course 340 speed 0.0 rateofturn 64 navstat 1 heading 233 (!AIVDM,1,1,,A,3815DCU0003u3`F>MGmMAWC00DWr,0*38)
ch B type 3 mmsi 538006606: lat 25.268835 lon 55.281087 course 340 speed 0.0 rateofturn 64 navstat 1 heading 233 (!AIVDM,1,1,,A,3815DCU0003u3`F>MGmMAWC00DWr,0*38)
ch A type 3 mmsi 565990000: lat 25.369410 lon 55.379040 course 6 speed 0.0 rateofturn 64 navstat 1 heading 241 (!AIVDM,1,1,,A,38KiBL50003uPE0>Q3SP@7S20EI:,0*28)
ch B type 3 mmsi 565990000: lat 25.369410 lon 55.379040 course 6 speed 0.0 rateofturn 64 navstat 1 heading 241 (!AIVDM,1,1,,A,38KiBL50003uPE0>Q3SP@7S20EI:,0*28)
ch A type 1 mmsi 372988000: lat 24.682675 lon 65.636367 course 90 speed 12.5 rateofturn 0 navstat 0 heading 89 (!AIVDM,1,1,,A,15SeHH001uTdMIr>7r1COjjv2PRc,0*75)
ch B type 1 mmsi 372988000: lat 24.682675 lon 65.636367 course 90 speed 12.5 rateofturn 0 navstat 0 heading 89 (!AIVDM,1,1,,A,15SeHH001uTdMIr>7r1COjjv2PRc,0*75)
ch A type 3 mmsi 477594500: lat 25.536650 lon 55.202050 course 191 speed 0.0 rateofturn 64 navstat 0 heading 291 (!AIVDM,1,1,,A,377N3Q1000StdNL>W;QWMa700Dg:,0*2F)
ch B type 3 mmsi 477594500: lat 25.536650 lon 55.202050 course 191 speed 0.0 rateofturn 64 navstat 0 heading 291 (!AIVDM,1,1,,A,377N3Q1000StdNL>W;QWMa700Dg:,0*2F)
ch A type 1 mmsi 470049000: lat 25.269180 lon 55.281893 course 84 speed 0.0 rateofturn 32 navstat 0 heading 511 (!AIVDM,1,1,,A,170APr0P003u3oR>MHa3Aww604R0,0*23)
ch B type 1 mmsi 470049000: lat 25.269180 lon 55.281893 course 84 speed 0.0 rateofturn 32 navstat 0 heading 511 (!AIVDM,1,1,,A,170APr0P003u3oR>MHa3Aww604R0,0*23)
ch A type 1 mmsi 012345678: lat 25.262028 lon 55.265297 course 232 speed 0.0 rateofturn -32 navstat 3 heading 511 (!AIVDM,1,1,,A,10;iQCgP00Stw0D>M7pI4Ow:2<BU,0*26)
ch B type 1 mmsi 012345678: lat 25.262028 lon 55.265297 course 232 speed 0.0 rateofturn -32 navstat 3 heading 511 (!AIVDM,1,1,,A,10;iQCgP00Stw0D>M7pI4Ow:2<BU,0*26)
ch A type 1 mmsi 372086000: lat 25.194653 lon 53.217657 course 288 speed 0.0 rateofturn -64 navstat 0 heading 27 (!AIVDM,1,1,,A,15RnDt30003kW74>Jav;?0o<04R0,0*43)
ch B type 1 mmsi 372086000: lat 25.194653 lon 53.217657 course 288 speed 0.0 rateofturn -64 navstat 0 heading 27 (!AIVDM,1,1,,A,15RnDt30003kW74>Jav;?0o<04R0,0*43)
ch A type 1 mmsi 470015000: lat 25.269790 lon 55.282210 course 264 speed 0.0 rateofturn -64 navstat 2 heading 230 (!AIVDM,1,1,,A,170?L6;0003u3uL>MJ4bCo=F0`I8,0*0B)
ch B type 1 mmsi 470015000: lat 25.269790 lon 55.282210 course 264 speed 0.0 rateofturn -64 navstat 2 heading 230 (!AIVDM,1,1,,A,170?L6;0003u3uL>MJ4bCo=F0`I8,0*0B)
ch A type 1 mmsi 470163000: lat 25.268722 lon 55.261103 course 112 speed 0.0 rateofturn 0 navstat 0 heading 12 (!AIVDM,1,1,,A,170HN>00@0Stuid>MGTDHPIB0@IB,0*4B)
ch B type 1 mmsi 470163000: lat 25.268722 lon 55.261103 course 112 speed 0.0 rateofturn 0 navstat 0 heading 12 (!AIVDM,1,1,,A,170HN>00@0Stuid>MGTDHPIB0@IB,0*4B)
ch A type 1 mmsi 247645000: lat 25.277235 lon 55.268320 course 159 speed 5.9 rateofturn 59 navstat 0 heading 160 (!AIVDM,1,1,,A,13d;3B0s0s3twq2>McQF=m1H08Jt,0*61)
ch B type 1 mmsi 247645000: lat 25.277235 lon 55.268320 course 159 speed 5.9 rateofturn 59 navstat 0 heading 160 (!AIVDM,1,1,,A,13d;3B0s0s3twq2>McQF=m1H08Jt,0*61)
ch A type 1 mmsi 311111100: lat 25.260228 lon 55.279300 course 214 speed 0.0 rateofturn 32 navstat 2 heading 511 (!AIVDM,1,1,,A,14`deg8P00Su36p>M3bHGwwN2D7R,0*6E)
ch B type 1 mmsi 311111100: lat 25.260228 lon 55.279300 course 214 speed 0.0 rateofturn 32 navstat 2 heading 511 (!AIVDM,1,1,,A,14`deg8P00Su36p>M3bHGwwN2D7R,0*6E)
ch A type 1 mmsi 470363000: lat 25.367522 lon 55.375593 course 360 speed 0.0 rateofturn 32 navstat 0 heading 511 (!AIVDM,1,1,,A,170TcN0P00SuODH>Pw8N4?wN2@Kr,0*7A)
ch B type 1 mmsi 470363000: lat 25.367522 lon 55.375593 course 360 speed 0.0 rateofturn 32 navstat 0 heading 511 (!AIVDM,1,1,,A,170TcN0P00SuODH>Pw8N4?wN2@Kr,0*7A)
ch A type 1 mmsi 470327000: lat 25.264670 lon 55.260267 course 194 speed 0.0 rateofturn -96 navstat 0 heading 511 (!AIVDM,1,1,,A,170RNn2P00StuR0>M>4WU?wN2`Ld,0*37)
ch B type 1 mmsi 470327000: lat 25.264670 lon 55.260267 course 194 speed 0.0 rateofturn -96 navstat 0 heading 511 (!AIVDM,1,1,,A,170RNn2P00StuR0>M>4WU?wN2`Ld,0*37)
ch A type 1 mmsi 309904000: lat 26.242710 lon 52.921587 course 269 speed 14.5 rateofturn 63 navstat 0 heading 269 (!AIVDM,1,1,,A,14WS2P0w2ASj@Gf?12FbOpKT0@Mm,0*41)
ch B type 1 mmsi 309904000: lat 26.242710 lon 52.921587 course 269 speed 14.5 rateofturn 63 navstat 0 heading 269 (!AIVDM,1,1,,A,14WS2P0w2ASj@Gf?12FbOpKT0@Mm,0*41)
ch A type 1 mmsi 377336000: lat 25.365587 lon 55.379923 course 92 speed 0.0 rateofturn 0 navstat 2 heading 62 (!AIVDM,1,1,,A,15Wnhh8000SuPUT>PrV3U1uT04R0,0*3E)
ch B type 1 mmsi 377336000: lat 25.365587 lon 55.379923 course 92 speed 0.0 rateofturn 0 navstat 2 heading 62 (!AIVDM,1,1,,A,15Wnhh8000SuPUT>PrV3U1uT04R0,0*3E)
ch A type 1 mmsi 470049000: lat 25.269185 lon 55.281890 course 60 speed 0.0 rateofturn 32 navstat 0 heading 511 (!AIVDM,1,1,,A,170APr0P003u3oL>MHajEwwf08PK,0*45)
ch B type 1 mmsi 470049000: lat 25.269185 lon 55.281890 course 60 speed 0.0 rateofturn 32 navstat 0 heading 511 (!AIVDM,1,1,,A,170APr0P003u3oL>MHajEwwf08PK,0*45)
ch A type 1 mmsi 470327000: lat 25.264670 lon 55.260260 course 194 speed 0.0 rateofturn -96 navstat 0 heading 511 (!AIVDM,1,1,,A,170RNn2P00StuQn>M>4WU?wf2PS;,0*32)
ch B type 1 mmsi 470327000: lat 25.264670 lon 55.260260 course 194 speed 0.0 rateofturn -96 navstat 0 heading 511 (!AIVDM,1,1,,A,170RNn2P00StuQn>M>4WU?wf2PS;,0*32)
ch A type 1 mmsi 470327000: lat 25.264670 lon 55.260253 course 194 speed 0.0 rateofturn -96 navstat 0 heading 511 (!AIVDM,1,1,,A,170RNn2P00StuQh>M>4WU?wn2d5c,0*36)
ch B type 1 mmsi 470327000: lat 25.264670 lon 55.260253 course 194 speed 0.0 rateofturn -96 navstat 0 heading 511 (!AIVDM,1,1,,A,170RNn2P00StuQh>M>4WU?wn2d5c,0*36)
ch A type 3 mmsi 470163000: lat 25.268720 lon 55.261060 course 112 speed 0.0 rateofturn 0 navstat 0 heading 12 (!AIVDM,1,1,,A,370HN>00P0Stuhr>MGT4HPH400US,0*34)
ch B type 3 mmsi 470163000: lat 25.268720 lon 55.261060 course 112 speed 0.0 rateofturn 0 navstat 0 heading 12 (!AIVDM,1,1,,A,370HN>00P0Stuhr>MGT4HPH400US,0*34)
ch A type 1 mmsi 247645000: lat 25.276762 lon 55.268600 course 152 speed 5.7 rateofturn 58 navstat 0 heading 154 (!AIVDM,1,1,,A,13d;3B0rhq3twv>>MbJEtll804R4,0*19)
ch B type 1 mmsi 247645000: lat 25.276762 lon 55.268600 course 152 speed 5.7 rateofturn 58 navstat 0 heading 154 (!AIVDM,1,1,,A,13d;3B0rhq3twv>>MbJEtll804R4,0*19)
ch A type 1 mmsi 311111100: lat 25.260230 lon 55.279293 course 213 speed 0.0 rateofturn 32 navstat 2 heading 511 (!AIVDM,1,1,,A,14`deg8P00Su36h>M3b`D?v>2<7M,0*03)
ch B type 1 mmsi 311111100: lat 25.260230 lon 55.279293 course 213 speed 0.0 rateofturn 32 navstat 2 heading 511 (!AIVDM,1,1,,A,14`deg8P00Su36h>M3b`D?v>2<7M,0*03)
ch A type 1 mmsi 636018958: lat 24.876862 lon 53.674040 course 20 speed 0.0 rateofturn -64 navstat 3 heading 39 (!AIVDM,1,1,,A,19NSQ3g000Smdl>>?19@k1>:2D9O,0*19)
ch B type 1 mmsi 636018958: lat 24.876862 lon 53.674040 course 20 speed 0.0 rateofturn -64 navstat 3 heading 39 (!AIVDM,1,1,,A,19NSQ3g000Smdl>>?19@k1>:2D9O,0*19)
ch A type 1 mmsi 377336000: lat 25.365585 lon 55.379927 course 92 speed 0.0 rateofturn 0 navstat 2 heading 62 (!AIVDM,1,1,,A,15Wnhh8000SuPUV>PrUkU1tB086m,0*45)
ch B type 1 mmsi 377336000: lat 25.365585 lon 55.379927 course 92 speed 0.0 rateofturn 0 navstat 2 heading 62 (!AIVDM,1,1,,A,15Wnhh8000SuPUV>PrUkU1tB086m,0*45)
ch A type 3 mmsi 241453000: lat 25.377100 lon 55.044547 course 162 speed 0.0 rateofturn 64 navstat 0 heading 241 (!AIVDM,1,1,,A,33VA7j10h0SsvE>>QEU6EWRV0Dg:,0*6E)
ch B type 3 mmsi 241453000: lat 25.377100 lon 55.044547 course 162 speed 0.0 rateofturn 64 navstat 0 heading 241 (!AIVDM,1,1,,A,33VA7j10h0SsvE>>QEU6EWRV0Dg:,0*6E)
ch A type 3 mmsi 564104000: lat 25.271697 lon 55.261260 course 88 speed 0.0 rateofturn 64 navstat 1 heading 196 (!AIVDM,1,1,,A,38Iv;@50003tulb>MNRSL68j0DaJ,0*1B)
ch B type 3 mmsi 564104000: lat 25.271697 lon 55.261260 course 88 speed 0.0 rateofturn 64 navstat 1 heading 196 (!AIVDM,1,1,,A,38Iv;@50003tulb>MNRSL68j0DaJ,0*1B)
ch A type 3 mmsi 538008562: lat 25.274565 lon 55.258353 course 78 speed 0.0 rateofturn 64 navstat 1 heading 3 (!AIVDM,1,1,,A,3815KtU0003ttv6>MU@k3P6n0DvJ,0*7E)
ch B type 3 mmsi 538008562: lat 25.274565 lon 55.258353 course 78 speed 0.0 rateofturn 64 navstat 1 heading 3 (!AIVDM,1,1,,A,3815KtU0003ttv6>MU@k3P6n0DvJ,0*7E)
ch A type 1 mmsi 636018958: lat 24.876860 lon 53.674040 course 122 speed 0.0 rateofturn -64 navstat 3 heading 39 (!AIVDM,1,1,,A,19NSQ3g000Smdl>>?194ii>j2D9N,0*66)
ch B type 1 mmsi 636018958: lat 24.876860 lon 53.674040 course 122 speed 0.0 rateofturn -64 navstat 3 heading 39 (!AIVDM,1,1,,A,19NSQ3g000Smdl>>?194ii>j2D9N,0*66)
ch A type 1 mmsi 470975000: lat 25.265675 lon 55.258293 course 223 speed 0.0 rateofturn -32 navstat 0 heading 511 (!AIVDM,1,1,,A,171:263P003ttu2>M@KHf?vt2D;a,0*7F)
ch B type 1 mmsi 470975000: lat 25.265675 lon 55.258293 course 223 speed 0.0 rateofturn -32 navstat 0 heading 511 (!AIVDM,1,1,,A,171:263P003ttu2>M@KHf?vt2D;a,0*7F)
ch A type 1 mmsi 470327000: lat 25.264667 lon 55.260243 course 194 speed 0.0 rateofturn -96 navstat 0 heading 511 (!AIVDM,1,1,,A,170RNn2P00StuQT>M>47U?vv2pBR,0*21)
ch B type 1 mmsi 470327000: lat 25.264667 lon 55.260243 course 194 speed 0.0 rateofturn -96 navstat 0 heading 511 (!AIVDM,1,1,,A,170RNn2P00StuQT>M>47U?vv2pBR,0*21)
ch A type 1 mmsi 372988000: lat 24.682635 lon 65.639873 course 90 speed 12.5 rateofturn 0 navstat 0 heading 89 (!AIVDM,1,1,,A,15SeHH001uTdNK`>7qsCP2k02hC0,0*5D)
ch B type 1 mmsi 372988000: lat 24.682635 lon 65.639873 course 90 speed 12.5 rateofturn 0 navstat 0 heading 89 (!AIVDM,1,1,,A,15SeHH001uTdNK`>7qsCP2k02hC0,0*5D)
ch A type 1 mmsi 470327000: lat 25.264670 lon 55.260247 course 194 speed 0.0 rateofturn -96 navstat 0 heading 511 (!AIVDM,1,1,,A,170RNn2P00StuQV>M>4WU?w62PS;,0*5A)
ch B type 1 mmsi 470327000: lat 25.264670 lon 55.260247 course 194 speed 0.0 rateofturn -96 navstat 0 heading 511 (!AIVDM,1,1,,A,170RNn2P00StuQV>M>4WU?w62PS;,0*5A)
ch A type 1 mmsi 470049000: lat 25.269177 lon 55.281893 course 157 speed 0.0 rateofturn 32 navstat 0 heading 511 (!AIVDM,1,1,,A,170APr0P003u3oR>MH`V8Ow600S2,0*01)
ch B type 1 mmsi 470049000: lat 25.269177 lon 55.281893 course 157 speed 0.0 rateofturn 32 navstat 0 heading 511 (!AIVDM,1,1,,A,170APr0P003u3oR>MH`V8Ow600S2,0*01)
ch A type 1 mmsi 372086000: lat 25.194645 lon 53.217620 course 288 speed 0.0 rateofturn -64 navstat 0 heading 27 (!AIVDM,1,1,,A,15RnDt30003kW6J>Jats?0o<00S?,0*7C)
ch B type 1 mmsi 372086000: lat 25.194645 lon 53.217620 course 288 speed 0.0 rateofturn -64 navstat 0 heading 27 (!AIVDM,1,1,,A,15RnDt30003kW6J>Jats?0o<00S?,0*7C)
ch A type 1 mmsi 470943000: lat 91.000000 lon 181.000000 course 360 speed 102.3 rateofturn -32 navstat 0 heading 511 (!AIVDM,1,1,,A,1718563P?w<tSF0l4Q@>4?w:0TR4,0*5F)
ch B type 1 mmsi 470943000: lat 91.000000 lon 181.000000 course 360 speed 102.3 rateofturn -32 navstat 0 heading 511 (!AIVDM,1,1,,A,1718563P?w<tSF0l4Q@>4?w:0TR4,0*5F)
ch A type 1 mmsi 470327000: lat 25.264670 lon 55.260247 course 194 speed 0.0 rateofturn -96 navstat 0 heading 511 (!AIVDM,1,1,,A,170RNn2P00StuQV>M>4WU?w>2TR4,0*58)
ch B type 1 mmsi 470327000: lat 25.264670 lon 55.260247 course 194 speed 0.0 rateofturn -96 navstat 0 heading 511 (!AIVDM,1,1,,A,170RNn2P00StuQV>M>4WU?w>2TR4,0*58)
ch A type 1 mmsi 470015000: lat 25.269755 lon 55.282220 course 264 speed 0.0 rateofturn -64 navstat 2 heading 231 (!AIVDM,1,1,,A,170?L6;0003u3u`>MIwJCo?F0TR4,0*6E)
ch B type 1 mmsi 470015000: lat 25.269755 lon 55.282220 course 264 speed 0.0 rateofturn -64 navstat 2 heading 231 (!AIVDM,1,1,,A,170?L6;0003u3u`>MIwJCo?F0TR4,0*6E)
ch A type 1 mmsi 470163000: lat 25.268710 lon 55.261067 course 112 speed 0.0 rateofturn 63 navstat 0 heading 12 (!AIVDM,1,1,,A,170HN>0wh0Stuhv>MGRTHPIB0<5o,0*0C)
ch B type 1 mmsi 470163000: lat 25.268710 lon 55.261067 course 112 speed 0.0 rateofturn 63 navstat 0 heading 12 (!AIVDM,1,1,,A,170HN>0wh0Stuhv>MGRTHPIB0<5o,0*0C)
ch A type 1 mmsi 470327000: lat 25.264670 lon 55.260247 course 194 speed 0.0 rateofturn -96 navstat 0 heading 511 (!AIVDM,1,1,,A,170RNn2P00StuQV>M>4WU?wF2PS3,0*22)
ch B type 1 mmsi 470327000: lat 25.264670 lon 55.260247 course 194 speed 0.0 rateofturn -96 navstat 0 heading 511 (!AIVDM,1,1,,A,170RNn2P00StuQV>M>4WU?wF2PS3,0*22)
ch A type 3 mmsi 255805979: lat 25.419853 lon 55.281520 course 323 speed 0.0 rateofturn 64 navstat 0 heading 254 (!AIVDM,1,1,,A,33ku:6i000Su3hP>Rqj<`WuJ0DpJ,0*4D)
ch B type 3 mmsi 255805979: lat 25.419853 lon 55.281520 course 323 speed 0.0 rateofturn 64 navstat 0 heading 254 (!AIVDM,1,1,,A,33ku:6i000Su3hP>Rqj<`WuJ0DpJ,0*4D)
ch A type 1 mmsi 470975000: lat 25.265652 lon 55.258287 course 223 speed 0.0 rateofturn -32 navstat 0 heading 511 (!AIVDM,1,1,,A,171:263P003tttn>M@GpeOwR20S1,0*0E)
ch B type 1 mmsi 470975000: lat 25.265652 lon 55.258287 course 223 speed 0.0 rateofturn -32 navstat 0 heading 511 (!AIVDM,1,1,,A,171:263P003tttn>M@GpeOwR20S1,0*0E)
ch A type 3 mmsi 613003596: lat 25.413517 lon 55.307800 course 41 speed 0.1 rateofturn 125 navstat 0 heading 246 (!AIVDM,1,1,,A,398ViC1uP1Su;M@>RbsQVWeT0Dr:,0*7D)
ch B type 3 mmsi 613003596: lat 25.413517 lon 55.307800 course 41 speed 0.1 rateofturn 125 navstat 0 heading 246 (!AIVDM,1,1,,A,398ViC1uP1Su;M@>RbsQVWeT0Dr:,0*7D)
ch A type 3 mmsi 538071095: lat 25.263617 lon 55.282903 course 45 speed 0.0 rateofturn 64 navstat 1 heading 80 (!AIVDM,1,1,,A,3819@=m000Su4:L>M;VQiRQ`0Ddr,0*46)
ch B type 3 mmsi 538071095: lat 25.263617 lon 55.282903 course 45 speed 0.0 rateofturn 64 navstat 1 heading 80 (!AIVDM,1,1,,A,3819@=m000Su4:L>M;VQiRQ`0Ddr,0*46)
ch A type 1 mmsi 470049000: lat 25.269175 lon 55.281900 course 211 speed 0.0 rateofturn 32 navstat 0 heading 511 (!AIVDM,1,1,,A,170APr0P003u3ob>MH`H?wwf04R4,0*43)
ch B type 1 mmsi 470049000: lat 25.269175 lon 55.281900 course 211 speed 0.0 rateofturn 32 navstat 0 heading 511 (!AIVDM,1,1,,A,170APr0P003u3ob>MH`H?wwf04R4,0*43)
ch A type 1 mmsi 538008757: lat 25.489233 lon 55.476800 course 145 speed 6.7 rateofturn 0 navstat 0 heading 146 (!AIVDM,1,1,,A,1815Le@0133utv0>ULI5bTUb00S4,0*39)
ch A type 3 mmsi 377172000: lat 25.423018 lon 55.294853 course 338 speed 0.1 rateofturn 64 navstat 0 heading 258 (!AIVDM,1,1,,A,35Wdh810013u7bN>S1<u;p5fP000,0*73)
ch B type 1 mmsi 538008757: lat 25.489233 lon 55.476800 course 145 speed 6.7 rateofturn 0 navstat 0 heading 146 (!AIVDM,1,1,,A,1815Le@0133utv0>ULI5bTUb00S4,0*39)
ch B type 3 mmsi 377172000: lat 25.423018 lon 55.294853 course 338 speed 0.1 rateofturn 64 navstat 0 heading 258 (!AIVDM,1,1,,A,35Wdh810013u7bN>S1<u;p5fP000,0*73)
ch A type 1 mmsi 470327000: lat 25.264677 lon 55.260247 course 194 speed 0.0 rateofturn -96 navstat 0 heading 511 (!AIVDM,1,1,,A,170RNn2P00StuQ`>M>5WU?wf2l5f,0*3A)
ch B type 1 mmsi 470327000: lat 25.264677 lon 55.260247 course 194 speed 0.0 rateofturn -96 navstat 0 heading 511 (!AIVDM,1,1,,A,170RNn2P00StuQ`>M>5WU?wf2l5f,0*3A)
ch A type 1 mmsi 372086000: lat 25.194653 lon 53.217620 course 288 speed 0.0 rateofturn -64 navstat 0 heading 27 (!AIVDM,1,1,,A,15RnDt30003kW6J>Jav;?0oh08Pl,0*3A)
ch B type 1 mmsi 372086000: lat 25.194653 lon 53.217620 course 288 speed 0.0 rateofturn -64 navstat 0 heading 27 (!AIVDM,1,1,,A,15RnDt30003kW6J>Jav;?0oh08Pl,0*3A)
ch A type 5 mmsi 566670000: name "LANPAN 32" destination "PORT KHALID SHARJAH" type 70 length 54 width 14 draught 4.8 (!AIVDM,2,2,9,,84j0DRPB80,2*06)
ch B type 5 mmsi 566670000: name "LANPAN 32" destination "PORT KHALID SHARJAH" type 70 length 54 width 14 draught 4.8 (!AIVDM,2,2,8,,84j0DRPB80,2*07)
ch A type 3 mmsi 470050000: lat 25.266442 lon 55.280540 course 201 speed 4.1 rateofturn 31 navstat 0 heading 198 (!AIVDM,1,1,,A,370ATl0Oha3u3N6>MB>Gn6<620sP,0*2B)
ch B type 3 mmsi 470050000: lat 25.266442 lon 55.280540 course 201 speed 4.1 rateofturn 31 navstat 0 heading 198 (!AIVDM,1,1,,A,370ATl0Oha3u3N6>MB>Gn6<620sP,0*2B)
ch A type 3 mmsi 403616000: lat 25.265017 lon 55.258430 course 110 speed 0.0 rateofturn 64 navstat 1 heading 192 (!AIVDM,1,1,,A,360ri050003ttwT>M>pTAn040000,0*6F)
ch B type 3 mmsi 403616000: lat 25.265017 lon 55.258430 course 110 speed 0.0 rateofturn 64 navstat 1 heading 192 (!AIVDM,1,1,,A,360ri050003ttwT>M>pTAn040000,0*6F)
ch A type 1 mmsi 470163000: lat 25.268717 lon 55.261060 course 112 speed 0.1 rateofturn 1 navstat 0 heading 13 (!AIVDM,1,1,,A,170HN>01P1Stuhr>MGSTHPJ404R8,0*3B)
ch B type 1 mmsi 470163000: lat 25.268717 lon 55.261060 course 112 speed 0.1 rateofturn 1 navstat 0 heading 13 (!AIVDM,1,1,,A,170HN>01P1Stuhr>MGSTHPJ404R8,0*3B)
ch A type 1 mmsi 470015000: lat 25.269750 lon 55.282227 course 264 speed 0.0 rateofturn -64 navstat 2 heading 231 (!AIVDM,1,1,,A,170?L6;0003u3uf>MIvbCo>80h2<,0*6A)
ch B type 1 mmsi 470015000: lat 25.269750 lon 55.282227 course 264 speed 0.0 rateofturn -64 navstat 2 heading 231 (!AIVDM,1,1,,A,170?L6;0003u3uf>MIvbCo>80h2<,0*6A)
ch A type 1 mmsi 470327000: lat 25.264677 lon 55.260253 course 194 speed 0.0 rateofturn -96 navstat 0 heading 511 (!AIVDM,1,1,,A,170RNn2P00StuQf>M>5WU?v62TR8,0*6C)
ch B type 1 mmsi 470327000: lat 25.264677 lon 55.260253 course 194 speed 0.0 rateofturn -96 navstat 0 heading 511 (!AIVDM,1,1,,A,170RNn2P00StuQf>M>5WU?v62TR8,0*6C)
ch A type 1 mmsi 352788000: lat 25.364367 lon 55.378367 course 65 speed 0.0 rateofturn 0 navstat 0 heading 223 (!AIVDM,1,1,,A,15@LN80000SuP8H>Pog2RVv8083@,0*3B)
ch B type 1 mmsi 352788000: lat 25.364367 lon 55.378367 course 65 speed 0.0 rateofturn 0 navstat 0 heading 223 (!AIVDM,1,1,,A,15@LN80000SuP8H>Pog2RVv8083@,0*3B)
ch A type 3 mmsi 247645000: lat 25.275645 lon 55.269687 course 132 speed 5.2 rateofturn 59 navstat 0 heading 135 (!AIVDM,1,1,,A,33d;3B0s0l3u0B`>MWjm;D>800u1,0*5D)
ch B type 3 mmsi 247645000: lat 25.275645 lon 55.269687 course 132 speed 5.2 rateofturn 59 navstat 0 heading 135 (!AIVDM,1,1,,A,33d;3B0s0l3u0B`>MWjm;D>800u1,0*5D)
ch A type 1 mmsi 636018958: lat 24.876858 lon 53.674040 course 310 speed 0.0 rateofturn -64 navstat 3 heading 39 (!AIVDM,1,1,,A,19NSQ3g000Smdl>>?18t8A>:2@44,0*7D)
ch B type 1 mmsi 636018958: lat 24.876858 lon 53.674040 course 310 speed 0.0 rateofturn -64 navstat 3 heading 39 (!AIVDM,1,1,,A,19NSQ3g000Smdl>>?18t8A>:2@44,0*7D)
ch A type 1 mmsi 470327000: lat 25.264675 lon 55.260253 course 194 speed 0.0 rateofturn -96 navstat 0 heading 511 (!AIVDM,1,1,,A,170RNn2P00StuQj>M>5GU?v>2PS5,0*70)
ch B type 1 mmsi 470327000: lat 25.264675 lon 55.260253 course 194 speed 0.0 rateofturn -96 navstat 0 heading 511 (!AIVDM,1,1,,A,170RNn2P00StuQj>M>5GU?v>2PS5,0*70)
ch A type 1 mmsi 470975000: lat 25.265645 lon 55.258287 course 224 speed 0.0 rateofturn -32 navstat 0 heading 511 (!AIVDM,1,1,,A,171:263P003tttr>M@FpfwvB24R8,0*35)
ch B type 1 mmsi 470975000: lat 25.265645 lon 55.258287 course 224 speed 0.0 rateofturn -32 navstat 0 heading 511 (!AIVDM,1,1,,A,171:263P003tttr>M@FpfwvB24R8,0*35)
ch A type 3 mmsi 620770000: lat 25.254333 lon 55.268833 course 139 speed 0.0 rateofturn 64 navstat 1 heading 314 (!AIVDM,1,1,,A,39@0jl50003u02`>Lmn5KqlB0000,0*2B)
ch B type 3 mmsi 620770000: lat 25.254333 lon 55.268833 course 139 speed 0.0 rateofturn 64 navstat 1 heading 314 (!AIVDM,1,1,,A,39@0jl50003u02`>Lmn5KqlB0000,0*2B)
ch A type 3 mmsi 247645000: lat 25.275557 lon 55.269807 course 130 speed 5.1 rateofturn 59 navstat 0 heading 133 (!AIVDM,1,1,,A,33d;3B0s0k3u0Dr>MWUU5l:D00w0,0*14)
ch B type 3 mmsi 247645000: lat 25.275557 lon 55.269807 course 130 speed 5.1 rateofturn 59 navstat 0 heading 133 (!AIVDM,1,1,,A,33d;3B0s0k3u0Dr>MWUU5l:D00w0,0*14)
ch A type 3 mmsi 470135000: lat 25.261333 lon 55.260150 course 44 speed 0.0 rateofturn 32 navstat 0 heading 511 (!AIVDM,1,1,,A,370Fhn0P003tuOl>M6@1e?vJ2RnQ,0*2E)
ch B type 3 mmsi 470135000: lat 25.261333 lon 55.260150 course 44 speed 0.0 rateofturn 32 navstat 0 heading 511 (!AIVDM,1,1,,A,370Fhn0P003tuOl>M6@1e?vJ2RnQ,0*2E)
ch A type 24 mmsi 312576000: callsign "V3IM3" type 70 length 228 width 36 (!AIVDM,1,1,,A,H4b68056:B3<000Fk9=kPPI0L=Gt,0*3B)
ch A type 21 mmsi 994666004: (!AIVDM,1,1,,A,E>lUV51`8HP0000000000000000ApciA7J1S`N3kkkv010,0*22)
ch A type 1 mmsi 419001637: lat 25.254445 lon 55.270107 course 284 speed 0.0 rateofturn -64 navstat 3 heading 315 (!AIVDM,1,1,,A,16?Um9O000Su0JR>Ln6s7InP04R8,0*19)
ch B type 21 mmsi 994666004: (!AIVDM,1,1,,A,E>lUV51`8HP0000000000000000ApciA7J1S`N3kkkv010,0*22)
ch B type 1 mmsi 419001637: lat 25.254445 lon 55.270107 course 284 speed 0.0 rateofturn -64 navstat 3 heading 315 (!AIVDM,1,1,,A,16?Um9O000Su0JR>Ln6s7InP04R8,0*19)
ch A type 21 mmsi 994666007: (!AIVDM,1,1,,A,E>lUV5ic`IP0000000000000000ApkGG7IcfhN3kkkv010,0*6C)
ch B type 21 mmsi 994666007: (!AIVDM,1,1,,A,E>lUV5ic`IP0000000000000000ApkGG7IcfhN3kkkv010,0*6C)
ch A type 1 mmsi 341954000: lat 25.269388 lon 55.261160 course 228 speed 0.0 rateofturn 0 navstat 0 heading 10 (!AIVDM,1,1,,A,1567=l0000Stujh>MI8HqhDb28<J,0*2B)
ch B type 1 mmsi 341954000: lat 25.269388 lon 55.261160 course 228 speed 0.0 rateofturn 0 navstat 0 heading 10 (!AIVDM,1,1,,A,1567=l0000Stujh>MI8HqhDb28<J,0*2B)
ch A type 3 mmsi 422005600: lat 25.365557 lon 55.371230 course 235 speed 0.1 rateofturn 64 navstat 1 heading 347 (!AIVDM,1,1,,A,36BM;H5001SuN2T>PrQa:bnd0000,0*2B)
ch B type 3 mmsi 422005600: lat 25.365557 lon 55.371230 course 235 speed 0.1 rateofturn 64 navstat 1 heading 347 (!AIVDM,1,1,,A,36BM;H5001SuN2T>PrQa:bnd0000,0*2B)
ch A type 1 mmsi 419001618: lat 25.260193 lon 54.965407 course 13 speed 12.8 rateofturn 0 navstat 0 heading 11 (!AIVDM,1,1,,A,16?Um4P0203sW9H>M3U0OhFf0@=F,0*3F)
ch B type 1 mmsi 419001618: lat 25.260193 lon 54.965407 course 13 speed 12.8 rateofturn 0 navstat 0 heading 11 (!AIVDM,1,1,,A,16?Um4P0203sW9H>M3U0OhFf0@=F,0*3F)
ch A type 1 mmsi 470015000: lat 25.269747 lon 55.282227 course 264 speed 0.0 rateofturn -64 navstat 2 heading 230 (!AIVDM,1,1,,A,170?L6;0003u3uj>MIv:Co<h0PS;,0*32)
ch A type 1 mmsi 470163000: lat 25.268740 lon 55.261057 course 241 speed 0.2 rateofturn 61 navstat 0 heading 11 (!AIVDM,1,1,,A,170HN>0u02Stuhl>MGW9K@Fd0<5o,0*1C)
ch B type 1 mmsi 470163000: lat 25.268740 lon 55.261057 course 241 speed 0.2 rateofturn 61 navstat 0 heading 11 (!AIVDM,1,1,,A,170HN>0u02Stuhl>MGW9K@Fd0<5o,0*1C)
ch A type 1 mmsi 470327000: lat 25.264663 lon 55.260253 course 194 speed 0.0 rateofturn -96 navstat 0 heading 511 (!AIVDM,1,1,,A,170RNn2P00StuQh>M>3WU?vv2l5d,0*27)
ch B type 1 mmsi 470327000: lat 25.264663 lon 55.260253 course 194 speed 0.0 rateofturn -96 navstat 0 heading 511 (!AIVDM,1,1,,A,170RNn2P00StuQh>M>3WU?vv2l5d,0*27)
ch A type 5 mmsi 470666666: name "SBS POWER 1" destination "SHARJAH PORT" type 0 length 39 width 25 draught 0.0 (!AIVDM,2,2,3,,U888888880,2*33)
ch B type 5 mmsi 470666666: name "SBS POWER 1" destination "SHARJAH PORT" type 0 length 39 width 25 draught 0.0 (!AIVDM,2,2,0,,U888888880,2*30)
ch A type 1 mmsi 419001637: lat 25.254432 lon 55.270120 course 284 speed 0.0 rateofturn -64 navstat 3 heading 315 (!AIVDM,1,1,,A,16?Um9O000Su0Jh>Ln4s7Io604R8,0*46)
ch B type 1 mmsi 419001637: lat 25.254432 lon 55.270120 course 284 speed 0.0 rateofturn -64 navstat 3 heading 315 (!AIVDM,1,1,,A,16?Um9O000Su0Jh>Ln4s7Io604R8,0*46)
ch A type 1 mmsi 012345678: lat 25.262028 lon 55.265293 course 227 speed 0.0 rateofturn -32 navstat 3 heading 511 (!AIVDM,1,1,,A,10;iQCgP00Stw0>>M7pHpgw:24R8,0*44)
ch B type 1 mmsi 012345678: lat 25.262028 lon 55.265293 course 227 speed 0.0 rateofturn -32 navstat 3 heading 511 (!AIVDM,1,1,,A,10;iQCgP00Stw0>>M7pHpgw:24R8,0*44)
ch A type 1 mmsi 538006499: lat 26.194892 lon 52.668393 course 76 speed 13.3 rateofturn 63 navstat 0 heading 72 (!AIVDM,1,1,,A,1815CphwB5Si6<J>wBAju2A:0D<P,0*0E)
ch B type 1 mmsi 538006499: lat 26.194892 lon 52.668393 course 76 speed 13.3 rateofturn 63 navstat 0 heading 72 (!AIVDM,1,1,,A,1815CphwB5Si6<J>wBAju2A:0D<P,0*0E)
ch A type 1 mmsi 470327000: lat 25.264658 lon 55.260253 course 194 speed 0.0 rateofturn -96 navstat 0 heading 511 (!AIVDM,1,1,,A,170RNn2P00StuQj>M>2oU?w>2PS6,0*5D)
ch B type 1 mmsi 470327000: lat 25.264658 lon 55.260253 course 194 speed 0.0 rateofturn -96 navstat 0 heading 511 (!AIVDM,1,1,,A,170RNn2P00StuQj>M>2oU?w>2PS6,0*5D)
ch A type 3 mmsi 677032500: lat 25.437233 lon 55.324033 course 159 speed 0.1 rateofturn 127 navstat 0 heading 260 (!AIVDM,1,1,,A,3:5bj=1w013u@=`>SRQ6=H9B0000,0*65)
ch B type 3 mmsi 677032500: lat 25.437233 lon 55.324033 course 159 speed 0.1 rateofturn 127 navstat 0 heading 260 (!AIVDM,1,1,,A,3:5bj=1w013u@=`>SRQ6=H9B0000,0*65)
ch A type 1 mmsi 470015000: lat 25.269743 lon 55.282223 course 264 speed 0.0 rateofturn -64 navstat 2 heading 230 (!AIVDM,1,1,,A,170?L6;0003u3ud>MIubCo=F0PRi,0*1B)
ch B type 1 mmsi 470015000: lat 25.269743 lon 55.282223 course 264 speed 0.0 rateofturn -64 navstat 2 heading 230 (!AIVDM,1,1,,A,170?L6;0003u3ud>MIubCo=F0PRi,0*1B)
ch A type 5 mmsi 438031018: name "BAGHDAD" destination "HAMRIYAH-UAE" type 70 length 116 width 18 draught 4.9 (!AIVDM,2,2,0,,AH88888880,2*54)
ch B type 5 mmsi 438031018: name "BAGHDAD" destination "HAMRIYAH-UAE" type 70 length 116 width 18 draught 4.9 (!AIVDM,2,2,7,,AH88888880,2*53)
ch A type 1 mmsi 247645000: lat 25.275133 lon 55.270553 course 120 speed 4.9 rateofturn 59 navstat 0 heading 123 (!AIVDM,1,1,,A,13d;3B0s@i3u0Rp>MVV4dCoH00S9,0*19)
ch B type 1 mmsi 247645000: lat 25.275133 lon 55.270553 course 120 speed 4.9 rateofturn 59 navstat 0 heading 123 (!AIVDM,1,1,,A,13d;3B0s@i3u0Rp>MVV4dCoH00S9,0*19)
ch A type 1 mmsi 311111100: lat 25.260202 lon 55.279393 course 207 speed 0.0 rateofturn 32 navstat 2 heading 511 (!AIVDM,1,1,,A,14`deg8P003u38`>M3VH5wwN2<7G,0*3B)
ch B type 1 mmsi 311111100: lat 25.260202 lon 55.279393 course 207 speed 0.0 rateofturn 32 navstat 2 heading 511 (!AIVDM,1,1,,A,14`deg8P003u38`>M3VH5wwN2<7G,0*3B)
ch A type 1 mmsi 470327000: lat 25.264658 lon 55.260260 course 194 speed 0.0 rateofturn -96 navstat 0 heading 511 (!AIVDM,1,1,,A,170RNn2P00StuQr>M>2oU?wN2PS1,0*32)
ch B type 1 mmsi 470327000: lat 25.264658 lon 55.260260 course 194 speed 0.0 rateofturn -96 navstat 0 heading 511 (!AIVDM,1,1,,A,170RNn2P00StuQr>M>2oU?wN2PS1,0*32)
ch A type 1 mmsi 470975000: lat 25.265638 lon 55.258273 course 223 speed 0.0 rateofturn -32 navstat 0 heading 511 (!AIVDM,1,1,,A,171:263P003tttb>M@EpewwR2@LK,0*2D)
ch B type 1 mmsi 470975000: lat 25.265638 lon 55.258273 course 223 speed 0.0 rateofturn -32 navstat 0 heading 511 (!AIVDM,1,1,,A,171:263P003tttb>M@EpewwR2@LK,0*2D)
ch A type 1 mmsi 377336000: lat 25.365572 lon 55.379897 course 160 speed 0.0 rateofturn 0 navstat 2 heading 60 (!AIVDM,1,1,,A,15Wnhh8000SuPU4>PrSn?iqR0HND,0*22)
ch B type 1 mmsi 377336000: lat 25.365572 lon 55.379897 course 160 speed 0.0 rateofturn 0 navstat 2 heading 60 (!AIVDM,1,1,,A,15Wnhh8000SuPU4>PrSn?iqR0HND,0*22)
ch A type 1 mmsi 372988000: lat 24.682615 lon 65.644487 course 90 speed 12.5 rateofturn 0 navstat 0 heading 89 (!AIVDM,1,1,,A,15SeHH001uTdOj8>7qpCOjkd2PS;,0*16)
ch B type 1 mmsi 372988000: lat 24.682615 lon 65.644487 course 90 speed 12.5 rateofturn 0 navstat 0 heading 89 (!AIVDM,1,1,,A,15SeHH001uTdOj8>7qpCOjkd2PS;,0*16)
ch A type 1 mmsi 470327000: lat 25.264655 lon 55.260260 course 194 speed 0.0 rateofturn -96 navstat 0 heading 511 (!AIVDM,1,1,,A,170RNn2P00StuQp>M>2GU?wf2hQ?,0*04)
ch B type 1 mmsi 470327000: lat 25.264655 lon 55.260260 course 194 speed 0.0 rateofturn -96 navstat 0 heading 511 (!AIVDM,1,1,,A,170RNn2P00StuQp>M>2GU?wf2hQ?,0*04)
ch A type 1 mmsi 419001637: lat 25.254433 lon 55.270127 course 284 speed 0.0 rateofturn -64 navstat 3 heading 315 (!AIVDM,1,1,,A,16?Um9O000Su0Jn>Ln5;7Ioh00RH,0*23)
ch B type 1 mmsi 419001637: lat 25.254433 lon 55.270127 course 284 speed 0.0 rateofturn -64 navstat 3 heading 315 (!AIVDM,1,1,,A,16?Um9O000Su0Jn>Ln5;7Ioh00RH,0*23)
ch A type 1 mmsi 470327000: lat 25.264652 lon 55.260260 course 194 speed 0.0 rateofturn -96 navstat 0 heading 511 (!AIVDM,1,1,,A,170RNn2P00StuQp>M>1oU?wn2TR8,0*1F)
ch B type 1 mmsi 470327000: lat 25.264652 lon 55.260260 course 194 speed 0.0 rateofturn -96 navstat 0 heading 511 (!AIVDM,1,1,,A,170RNn2P00StuQp>M>1oU?wn2TR8,0*1F)
ch A type 1 mmsi 341954000: lat 25.269407 lon 55.261187 course 228 speed 0.0 rateofturn 0 navstat 0 heading 10 (!AIVDM,1,1,,A,1567=l0000StukB>MI;8rhD42D6s,0*69)
ch A type 1 mmsi 419001618: lat 25.262373 lon 54.965933 course 13 speed 12.8 rateofturn 0 navstat 0 heading 11 (!AIVDM,1,1,,A,16?Um4P0203sWC>>M8d0OPF20H11,0*16)
ch B type 1 mmsi 341954000: lat 25.269407 lon 55.261187 course 228 speed 0.0 rateofturn 0 navstat 0 heading 10 (!AIVDM,1,1,,A,1567=l0000StukB>MI;8rhD42D6s,0*69)
ch B type 1 mmsi 419001618: lat 25.262373 lon 54.965933 course 13 speed 12.8 rateofturn 0 navstat 0 heading 11 (!AIVDM,1,1,,A,16?Um4P0203sWC>>M8d0OPF20H11,0*16)
ch A type 1 mmsi 470327000: lat 25.264648 lon 55.260260 course 194 speed 0.0 rateofturn -96 navstat 0 heading 511 (!AIVDM,1,1,,A,170RNn2P00StuQn>M>1GU?v62PS4,0*79)
ch B type 1 mmsi 470327000: lat 25.264648 lon 55.260260 course 194 speed 0.0 rateofturn -96 navstat 0 heading 511 (!AIVDM,1,1,,A,170RNn2P00StuQn>M>1GU?v62PS4,0*79)
ch A type 1 mmsi 470327000: lat 25.264648 lon 55.260260 course 194 speed 0.0 rateofturn -96 navstat 0 heading 511 (!AIVDM,1,1,,A,170RNn2P00StuQp>M>1GU?v>2p4U,0*49)
ch B type 1 mmsi 470327000: lat 25.264648 lon 55.260260 course 194 speed 0.0 rateofturn -96 navstat 0 heading 511 (!AIVDM,1,1,,A,170RNn2P00StuQp>M>1GU?v>2p4U,0*49)
ch A type 1 mmsi 419001637: lat 25.254432 lon 55.270113 course 284 speed 0.0 rateofturn -64 navstat 3 heading 315 (!AIVDM,1,1,,A,16?Um9O000Su0Jb>Ln4s7InN00Rc,0*6A)
ch B type 1 mmsi 419001637: lat 25.254432 lon 55.270113 course 284 speed 0.0 rateofturn -64 navstat 3 heading 315 (!AIVDM,1,1,,A,16?Um9O000Su0Jb>Ln4s7InN00Rc,0*6A)
ch A type 5 mmsi 371928000: name "HIMS 12" destination "DMC" type 90 length 85 width 17 draught 4.6 (!AIVDM,2,2,5,,8888888880,2*58)
ch B type 5 mmsi 371928000: name "HIMS 12" destination "DMC" type 90 length 85 width 17 draught 4.6 (!AIVDM,2,2,2,,8888888880,2*5F)
ch A type 3 mmsi 370103000: lat 25.269990 lon 55.282423 course 272 speed 0.1 rateofturn 96 navstat 1 heading 511 (!AIVDM,1,1,,A,35PuBn5P013u41L>MJRbWgvhP000,0*05)
ch B type 3 mmsi 370103000: lat 25.269990 lon 55.282423 course 272 speed 0.1 rateofturn 96 navstat 1 heading 511 (!AIVDM,1,1,,A,35PuBn5P013u41L>MJRbWgvhP000,0*05)
ch A type 3 mmsi 371928000: lat 25.275665 lon 55.258967 course 125 speed 0.1 rateofturn 64 navstat 1 heading 6 (!AIVDM,1,1,,A,35Rdch5001Stu9`>MWmlp@<l0Dg:,0*7E)
ch B type 3 mmsi 371928000: lat 25.275665 lon 55.258967 course 125 speed 0.1 rateofturn 64 navstat 1 heading 6 (!AIVDM,1,1,,A,35Rdch5001Stu9`>MWmlp@<l0Dg:,0*7E)
ch A type 1 mmsi 311111100: lat 25.260218 lon 55.279363 course 206 speed 0.0 rateofturn 32 navstat 2 heading 511 (!AIVDM,1,1,,A,14`deg8P003u384>M3`p2Ovl24R<,0*6B)
ch B type 1 mmsi 311111100: lat 25.260218 lon 55.279363 course 206 speed 0.0 rateofturn 32 navstat 2 heading 511 (!AIVDM,1,1,,A,14`deg8P003u384>M3`p2Ovl24R<,0*6B)
ch A type 1 mmsi 471075000: lat 25.253292 lon 55.265383 course 24 speed 0.0 rateofturn 0 navstat 0 heading 236 (!AIVDM,1,1,,A,171@8f00003tw1t>LkIhs7Hj00Re,0*13)
ch B type 1 mmsi 471075000: lat 25.253292 lon 55.265383 course 24 speed 0.0 rateofturn 0 navstat 0 heading 236 (!AIVDM,1,1,,A,171@8f00003tw1t>LkIhs7Hj00Re,0*13)
ch A type 3 mmsi 353885000: lat 25.273228 lon 55.261693 course 197 speed 0.0 rateofturn 64 navstat 1 heading 104 (!AIVDM,1,1,,A,35AOKB5000Stuth>MR8GdS@r0Dg:,0*1E)
ch B type 3 mmsi 353885000: lat 25.273228 lon 55.261693 course 197 speed 0.0 rateofturn 64 navstat 1 heading 104 (!AIVDM,1,1,,A,35AOKB5000Stuth>MR8GdS@r0Dg:,0*1E)
ch A type 1 mmsi 419001637: lat 25.254430 lon 55.270107 course 284 speed 0.0 rateofturn -64 navstat 3 heading 315 (!AIVDM,1,1,,A,16?Um9O000Su0JP>Ln4c7Io800Rv,0*2A)
ch B type 1 mmsi 419001637: lat 25.254430 lon 55.270107 course 284 speed 0.0 rateofturn -64 navstat 3 heading 315 (!AIVDM,1,1,,A,16?Um9O000Su0JP>Ln4c7Io800Rv,0*2A)
ch A type 1 mmsi 341251000: lat 25.270062 lon 55.261347 course 253 speed 0.0 rateofturn 0 navstat 3 heading 13 (!AIVDM,1,1,,A,155LCf<0003tun>>MJeIoPK:08EP,0*56)
ch B type 1 mmsi 341251000: lat 25.270062 lon 55.261347 course 253 speed 0.0 rateofturn 0 navstat 3 heading 13 (!AIVDM,1,1,,A,155LCf<0003tun>>MJeIoPK:08EP,0*56)
ch A type 1 mmsi 012345678: lat 25.262025 lon 55.265287 course 230 speed 0.0 rateofturn -32 navstat 3 heading 511 (!AIVDM,1,1,,A,10;iQCgP00Stw0:>M7oq0Ow:20Ra,0*53)
ch B type 1 mmsi 012345678: lat 25.262025 lon 55.265287 course 230 speed 0.0 rateofturn -32 navstat 3 heading 511 (!AIVDM,1,1,,A,10;iQCgP00Stw0:>M7oq0Ow:20Ra,0*53)
ch A type 1 mmsi 470327000: lat 25.264652 lon 55.260270 course 194 speed 0.0 rateofturn -96 navstat 0 heading 511 (!AIVDM,1,1,,A,170RNn2P00StuR4>M>1oU?w>2`G>,0*2F)
ch B type 1 mmsi 470327000: lat 25.264652 lon 55.260270 course 194 speed 0.0 rateofturn -96 navstat 0 heading 511 (!AIVDM,1,1,,A,170RNn2P00StuR4>M>1oU?w>2`G>,0*2F)
ch A type 1 mmsi 470163000: lat 25.268650 lon 55.260900 course 266 speed 0.8 rateofturn 58 navstat 0 heading 10 (!AIVDM,1,1,,A,170HN>0rh8Stuep>MGIbGhEB04R<,0*20)
ch B type 1 mmsi 470163000: lat 25.268650 lon 55.260900 course 266 speed 0.8 rateofturn 58 navstat 0 heading 10 (!AIVDM,1,1,,A,170HN>0rh8Stuep>MGIbGhEB04R<,0*20)
ch A type 3 mmsi 422010700: lat 25.271700 lon 55.287470 course 9 speed 0.0 rateofturn 96 navstat 0 heading 8 (!AIVDM,1,1,,A,36BMOC1P@0Su5P4>MNS0F@AF2P00,0*7B)
ch B type 3 mmsi 422010700: lat 25.271700 lon 55.287470 course 9 speed 0.0 rateofturn 96 navstat 0 heading 8 (!AIVDM,1,1,,A,36BMOC1P@0Su5P4>MNS0F@AF2P00,0*7B)
ch A type 5 mmsi 538008562: name "MKN203" destination "DUBAI DMC" type 90 length 58 width 17 draught 4.5 (!AIVDM,2,2,7,,8888888880,2*5A)
ch B type 5 mmsi 538008562: name "MKN203" destination "DUBAI DMC" type 90 length 58 width 17 draught 4.5 (!AIVDM,2,2,4,,8888888880,2*59)
ch A type 1 mmsi 636018958: lat 24.876865 lon 53.674030 course 137 speed 0.0 rateofturn -64 navstat 3 heading 39 (!AIVDM,1,1,,A,19NSQ3g000Smdl4>?19mEi?H20S5,0*5F)
ch B type 1 mmsi 636018958: lat 24.876865 lon 53.674030 course 137 speed 0.0 rateofturn -64 navstat 3 heading 39 (!AIVDM,1,1,,A,19NSQ3g000Smdl4>?19mEi?H20S5,0*5F)
ch A type 1 mmsi 247645000: lat 25.274698 lon 55.271967 course 104 speed 4.7 rateofturn 59 navstat 0 heading 107 (!AIVDM,1,1,,A,13d;3B0sPg3u0uF>MUTl3kGH0D<P,0*6A)
ch B type 1 mmsi 247645000: lat 25.274698 lon 55.271967 course 104 speed 4.7 rateofturn 59 navstat 0 heading 107 (!AIVDM,1,1,,A,13d;3B0sPg3u0uF>MUTl3kGH0D<P,0*6A)
ch A type 1 mmsi 311111100: lat 25.260197 lon 55.279353 course 208 speed 0.0 rateofturn 32 navstat 2 heading 511 (!AIVDM,1,1,,A,14`deg8P00Su37n>M3U`7gwN28K6,0*6A)
ch B type 1 mmsi 311111100: lat 25.260197 lon 55.279353 course 208 speed 0.0 rateofturn 32 navstat 2 heading 511 (!AIVDM,1,1,,A,14`deg8P00Su37n>M3U`7gwN28K6,0*6A)
ch A type 1 mmsi 470327000: lat 25.264658 lon 55.260270 course 194 speed 0.0 rateofturn -96 navstat 0 heading 511 (!AIVDM,1,1,,A,170RNn2P00StuR4>M>2oU?wN2`Ku,0*1B)
ch B type 1 mmsi 470327000: lat 25.264658 lon 55.260270 course 194 speed 0.0 rateofturn -96 navstat 0 heading 511 (!AIVDM,1,1,,A,170RNn2P00StuR4>M>2oU?wN2`Ku,0*1B)
ch A type 1 mmsi 470975000: lat 25.265650 lon 55.258273 course 225 speed 0.0 rateofturn -32 navstat 0 heading 511 (!AIVDM,1,1,,A,171:263P003ttt`>M@G`j?wR2<;Q,0*6B)
ch B type 1 mmsi 470975000: lat 25.265650 lon 55.258273 course 225 speed 0.0 rateofturn -32 navstat 0 heading 511 (!AIVDM,1,1,,A,171:263P003ttt`>M@G`j?wR2<;Q,0*6B)
ch A type 21 mmsi 994666006: (!AIVDM,1,1,,A,E>lUV5Qc`I00000000000000000ApUHd7KRw`N3kkkv010,0*0C)
ch B type 21 mmsi 994666006: (!AIVDM,1,1,,A,E>lUV5Qc`I00000000000000000ApUHd7KRw`N3kkkv010,0*0C)
ch A type 1 mmsi 377336000: lat 25.365568 lon 55.379880 course 160 speed 0.0 rateofturn 0 navstat 2 heading 59 (!AIVDM,1,1,,A,15Wnhh8000SuPTf>PrSF?ioT0D6>,0*4F)
ch B type 1 mmsi 377336000: lat 25.365568 lon 55.379880 course 160 speed 0.0 rateofturn 0 navstat 2 heading 59 (!AIVDM,1,1,,A,15Wnhh8000SuPTf>PrSF?ioT0D6>,0*4F)
ch B type 1 mmsi 372988000: lat 24.682743 lon 65.647960 course 90 speed 12.5 rateofturn 0 navstat 0 heading 89 (!AIVDM,1,1,,A,15SeHH001uTdPkD>7r;SP2kd2d:v,0*7B)
ch A type 1 mmsi 470049000: lat 25.269207 lon 55.281893 course 148 speed 0.0 rateofturn 32 navstat 0 heading 511 (!AIVDM,1,1,,A,170APr0P003u3oP>MHe5kOwf0HPQ,0*7E)
ch B type 1 mmsi 470049000: lat 25.269207 lon 55.281893 course 148 speed 0.0 rateofturn 32 navstat 0 heading 511 (!AIVDM,1,1,,A,170APr0P003u3oP>MHe5kOwf0HPQ,0*7E)
ch A type 1 mmsi 419001637: lat 25.254435 lon 55.270110 course 284 speed 0.0 rateofturn -64 navstat 3 heading 315 (!AIVDM,1,1,,A,16?Um9O000Su0JT>Ln5K7Iof0<<P,0*1D)
ch B type 1 mmsi 419001637: lat 25.254435 lon 55.270110 course 284 speed 0.0 rateofturn -64 navstat 3 heading 315 (!AIVDM,1,1,,A,16?Um9O000Su0JT>Ln5K7Iof0<<P,0*1D)
ch A type 1 mmsi 353817000: lat 25.583240 lon 55.454827 course 213 speed 10.6 rateofturn 0 navstat 0 heading 216 (!AIVDM,1,1,,A,15AKAb001b3unR2>`pf8DVi`04R<,0*11)
ch B type 1 mmsi 353817000: lat 25.583240 lon 55.454827 course 213 speed 10.6 rateofturn 0 navstat 0 heading 216 (!AIVDM,1,1,,A,15AKAb001b3unR2>`pf8DVi`04R<,0*11)
ch A type 3 mmsi 470163000: lat 25.268653 lon 55.260820 course 275 speed 1.1 rateofturn 57 navstat 0 heading 4 (!AIVDM,1,1,,A,370HN>0qP;StudF>MGJ:g@9f01th,0*51)
ch B type 3 mmsi 470163000: lat 25.268653 lon 55.260820 course 275 speed 1.1 rateofturn 57 navstat 0 heading 4 (!AIVDM,1,1,,A,370HN>0qP;StudF>MGJ:g@9f01th,0*51)
ch A type 1 mmsi 341954000: lat 25.269402 lon 55.261200 course 229 speed 0.0 rateofturn 0 navstat 0 heading 10 (!AIVDM,1,1,,A,1567=l0000StukN>MI:HuPD42@10,0*6B)
ch B type 1 mmsi 341954000: lat 25.269402 lon 55.261200 course 229 speed 0.0 rateofturn 0 navstat 0 heading 10 (!AIVDM,1,1,,A,1567=l0000StukN>MI:HuPD42@10,0*6B)
ch A type 3 mmsi 312171000: lat 25.594050 lon 55.062883 course 180 speed 0.0 rateofturn 64 navstat 0 heading 257 (!AIVDM,1,1,,A,34aeIv10003t3e4>aB3W28240000,0*4B)
ch B type 3 mmsi 312171000: lat 25.594050 lon 55.062883 course 180 speed 0.0 rateofturn 64 navstat 0 heading 257 (!AIVDM,1,1,,A,34aeIv10003t3e4>aB3W28240000,0*4B)
ch A type 3 mmsi 677039100: lat 25.419655 lon 55.290393 course 193 speed 0.1 rateofturn 96 navstat 0 heading 511 (!AIVDM,1,1,,A,3:5c;w1P013u6Fp>RqDGSOv60000,0*51)
ch B type 3 mmsi 677039100: lat 25.419655 lon 55.290393 course 193 speed 0.1 rateofturn 96 navstat 0 heading 511 (!AIVDM,1,1,,A,3:5c;w1P013u6Fp>RqDGSOv60000,0*51)
ch A type 1 mmsi 636018958: lat 24.876857 lon 53.674047 course 73 speed 0.0 rateofturn -64 navstat 3 heading 39 (!AIVDM,1,1,,A,19NSQ3g000SmdlJ>?18RnA>:2844,0*01)
ch B type 1 mmsi 636018958: lat 24.876857 lon 53.674047 course 73 speed 0.0 rateofturn -64 navstat 3 heading 39 (!AIVDM,1,1,,A,19NSQ3g000SmdlJ>?18RnA>:2844,0*01)
ch A type 1 mmsi 470975000: lat 25.265657 lon 55.258280 course 223 speed 0.0 rateofturn -32 navstat 0 heading 511 (!AIVDM,1,1,,A,171:263P003tttj>M@H`fgvB2L;Q,0*5B)
ch B type 1 mmsi 470975000: lat 25.265657 lon 55.258280 course 223 speed 0.0 rateofturn -32 navstat 0 heading 511 (!AIVDM,1,1,,A,171:263P003tttj>M@H`fgvB2L;Q,0*5B)
ch A type 1 mmsi 370454000: lat 25.837492 lon 52.707460 course 248 speed 9.6 rateofturn 0 navstat 0 heading 248 (!AIVDM,1,1,,A,15QBet00iPSiA`n>j<Wqd7hN00Sj,0*6E)
ch B type 1 mmsi 370454000: lat 25.837492 lon 52.707460 course 248 speed 9.6 rateofturn 0 navstat 0 heading 248 (!AIVDM,1,1,,A,15QBet00iPSiA`n>j<Wqd7hN00Sj,0*6E)
ch A type 1 mmsi 419001637: lat 25.254433 lon 55.270113 course 284 speed 0.0 rateofturn -64 navstat 3 heading 315 (!AIVDM,1,1,,A,16?Um9O000Su0Jb>Ln5;7InN0L<P,0*02)
ch B type 1 mmsi 419001637: lat 25.254433 lon 55.270113 course 284 speed 0.0 rateofturn -64 navstat 3 heading 315 (!AIVDM,1,1,,A,16?Um9O000Su0Jb>Ln5;7InN0L<P,0*02)
ch A type 5 mmsi 470975000: name "ASAD" destination "JEBEL ALI PORT" type 52 length 24 width 11 draught 5.2 (!AIVDM,2,2,6,,3lU8888880,2*69)
ch B type 5 mmsi 470975000: name "ASAD" destination "JEBEL ALI PORT" type 52 length 24 width 11 draught 5.2 (!AIVDM,2,2,4,,3lU8888880,2*6B)
ch A type 3 mmsi 470163000: lat 25.268673 lon 55.260680 course 281 speed 1.3 rateofturn 56 navstat 0 heading 351 (!AIVDM,1,1,,A,370HN>0ph=Stuaf>MGM:wbvP01t0,0*5F)
ch B type 3 mmsi 470163000: lat 25.268673 lon 55.260680 course 281 speed 1.3 rateofturn 56 navstat 0 heading 351 (!AIVDM,1,1,,A,370HN>0ph=Stuaf>MGM:wbvP01t0,0*5F)
ch A type 1 mmsi 470327000: lat 25.264670 lon 55.260267 course 194 speed 0.0 rateofturn -96 navstat 0 heading 511 (!AIVDM,1,1,,A,170RNn2P00StuR0>M>4WU?vV2TR@,0*20)
ch B type 1 mmsi 470327000: lat 25.264670 lon 55.260267 course 194 speed 0.0 rateofturn -96 navstat 0 heading 511 (!AIVDM,1,1,,A,170RNn2P00StuR0>M>4WU?vV2TR@,0*20)
ch A type 1 mmsi 470015000: lat 25.269720 lon 55.282180 course 264 speed 0.0 rateofturn -64 navstat 2 heading 231 (!AIVDM,1,1,,A,170?L6;0003u3tn>MIr:Co>h0p=j,0*2E)
ch B type 1 mmsi 470015000: lat 25.269720 lon 55.282180 course 264 speed 0.0 rateofturn -64 navstat 2 heading 231 (!AIVDM,1,1,,A,170?L6;0003u3tn>MIr:Co>h0p=j,0*2E)
ch A type 1 mmsi 470327000: lat 25.264667 lon 55.260260 course 194 speed 0.0 rateofturn -96 navstat 0 heading 511 (!AIVDM,1,1,,A,170RNn2P00StuQp>M>47U?vn2TR@,0*3B)
ch B type 1 mmsi 470327000: lat 25.264667 lon 55.260260 course 194 speed 0.0 rateofturn -96 navstat 0 heading 511 (!AIVDM,1,1,,A,170RNn2P00StuQp>M>47U?vn2TR@,0*3B)
ch A type 1 mmsi 470327000: lat 25.264665 lon 55.260260 course 194 speed 0.0 rateofturn -96 navstat 0 heading 511 (!AIVDM,1,1,,A,170RNn2P00StuQp>M>3oU?vv2d5d,0*0F)
ch B type 1 mmsi 470327000: lat 25.264665 lon 55.260260 course 194 speed 0.0 rateofturn -96 navstat 0 heading 511 (!AIVDM,1,1,,A,170RNn2P00StuQp>M>3oU?vv2d5d,0*0F)
ch A type 1 mmsi 372988000: lat 24.682713 lon 65.650207 course 90 speed 12.5 rateofturn 0 navstat 0 heading 89 (!AIVDM,1,1,,A,15SeHH001uTdQMJ>7r73P2k22W3h,0*4C)
ch B type 1 mmsi 372988000: lat 24.682713 lon 65.650207 course 90 speed 12.5 rateofturn 0 navstat 0 heading 89 (!AIVDM,1,1,,A,15SeHH001uTdQMJ>7r73P2k22W3h,0*4C)
ch A type 3 mmsi 470163000: lat 25.268715 lon 55.260553 course 300 speed 1.3 rateofturn 60 navstat 0 heading 343 (!AIVDM,1,1,,A,370HN>0th=StuWH>MGSKe:g801p@,0*6B)
ch B type 3 mmsi 470163000: lat 25.268715 lon 55.260553 course 300 speed 1.3 rateofturn 60 navstat 0 heading 343 (!AIVDM,1,1,,A,370HN>0th=StuWH>MGSKe:g801p@,0*6B)
ch A type 5 mmsi 255805979: name "BBC SONG" destination "PORT KHALID" type 70 length 147 width 23 draught 6.5 (!AIVDM,2,2,4,,8888888880,2*59)
ch B type 5 mmsi 255805979: name "BBC SONG" destination "PORT KHALID" type 70 length 147 width 23 draught 6.5 (!AIVDM,2,2,2,,8888888880,2*5F)
ch A type 1 mmsi 341954000: lat 25.269402 lon 55.261187 course 229 speed 0.0 rateofturn 0 navstat 0 heading 10 (!AIVDM,1,1,,A,1567=l0000StukB>MI:Hu@ED24R@,0*61)
ch B type 1 mmsi 341954000: lat 25.269402 lon 55.261187 course 229 speed 0.0 rateofturn 0 navstat 0 heading 10 (!AIVDM,1,1,,A,1567=l0000StukB>MI:Hu@ED24R@,0*61)
