Edge tuning disabled.
DC filter enabled.
RTL AGC disabled.
Internal AIS decoder enabled.
Buffer size: 163.84 mS
Downsample factor: 64
Low pass: 25000 Hz
Output: 48000 Hz
Found 1 device(s):
  0:  RTLSDRBlog, Blog V4, SN: 00000001

Using device 0: Generic RTL2832U OEM
Detached kernel driver
Found Rafael Micro R828D tuner
RTL-SDR Blog V4 Detected
Log NMEA sentences to console ON
AIS data will be sent to 127.0.0.1 port 10110
Tuner gain set to automatic.
Tuned to 162000000 Hz.
Sampling at 1600000 S/s.
!AIVDM,2,1,0,A,5815TPD2DtiqKL7O?O84n105=<Ttr2222222220l2`q8:5fe0<Q3@p15,0*6F
!AIVDM,2,2,0,A,@PBH88888888880,2*3E
!AIVDM,1,1,,A,170CJ00P00Su5:l>MIPlAww00<5t,0*36
!AIVDM,1,1,,B,86BbET00G@:?>G1?6600,0*6F
!AIVDM,1,1,,A,15TmIh0P003u71D>Nn>rIOw228Cw,0*71
!AIVDM,1,1,,B,17197P0P01SuPkJ>PqpJOgw220SK,0*28
!AIVDM,1,1,,B,1710E08P09SttOj>Pc=l9ww42D7u,0*25
!AIVDM,1,1,,B,17ldHe?P01Stoi0>PnDN1Ow228D5,0*33
!AIVDM,1,1,,B,170I`L8P01Su37J>M3pdr?w628D;,0*5A
!AIVDM,1,1,,A,14`V1rp000Stwr`>Lgao24300D6F,0*4E
!AIVDM,2,1,5,B,57WK8o82;agICP7CC78l5T400000000000000016BhJ=>4M40>Tj0DRP,0*69
!AIVDM,2,2,5,B,B00000000000000,2*50
!AIVDM,1,1,,A,3815I>`Oh93tuPv>NbPk45760Pmi,0*79
!AIVDM,1,1,,A,19<JacwP00Su1ev>MBoN4?w62@Da,0*74
!AIVDM,1,1,,A,19@>l<PP00Su5Hn>MOD2sww42<@J,0*3C
!AIVDM,1,1,,B,16BtIl00013u7c@>Mb22oh140000,0*71
!AIVDM,1,1,,A,13dkdn0P@53ttTb>L3SMtaO800S?,0*60
!AIVDM,1,1,,A,13Q;6w30003twbh>Lb8eml580HE6,0*7C
!AIVDM,1,1,,B,19@>jfJ000Su3eB>MHl@qww80000,0*49
!AIVDM,1,1,,A,19@>jPgP00Su2GF>M@kLP?w62690,0*7F
!AIVDM,1,1,,A,16C7gw0000Su7sV>MbE3jOw80000,0*7C
!AIVDM,1,1,,B,19@>kKPP003u4HP>MLVeQgw:2D93,0*12
!AIVDM,1,1,,A,3714n450003u4cl>M<iQVQ580000,0*78
!AIVDM,1,1,,B,171?In0P003tu5l>MQb9a?w80d5v,0*7E
!AIVDM,1,1,,A,19@>jfwP003uOI@>PoMU2gwp1P06,0*57
!AIVDM,1,1,,A,370JVt8P@43tpBP>PlocDFS:211A,0*55
!AIVDM,1,1,,A,15?dUP80023uPH<>Pp:<nVu<0<3b,0*20
!AIVDM,1,1,,B,16C1d6?P083trlH>POCG1?wp1P06,0*3F
!AIVDM,1,1,,B,170fHT00003uBc>>NS<;3VmD0@FH,0*26
!AIVDM,1,1,,A,39@>jihP?w<tSF0l4Q@>4?wp0S51,0*50
!AIVDM,1,1,,B,170pEB?P023u57B>MIAP3gw80@FR,0*5B
!AIVDM,1,1,,B,16BQoi?P00SuO:d>PmjN4?w<2D56,0*7D
!AIVDM,1,1,,A,18;Swf0000SuNU8>Pe<V>6W:0@G5,0*55
!AIVDM,1,1,,A,19WGVj8P01Su5At>MwiPw?w:08G:,0*00
!AIVDM,2,1,8,A,59NSk=h2=lM3DhtsB20PDpN0QDV1TtpN1L4pN21@BpC7C4E>0A43lU82,0*09
!AIVDM,2,2,8,A,j0C2A8888888880,2*7E
!AIVDM,1,1,,A,16Bpn500013tom>>Pg3ho01>0000,0*30
!AIVDM,1,1,,A,170Sdv0P00Su6OH>Nr7v4?w>2@GU,0*47
!AIVDM,1,1,,A,16BQoi?P00SuO:d>Pmm>4?w@28Gh,0*25
!AIVDM,1,1,,A,19@>kg@P00SuBQR>NM2<jgw@28Gj,0*05
!AIVDM,1,1,,A,17lmFsPP03StuCL>Pj=IS?w@2@Gn,0*3A
!AIVDM,1,1,,A,3815I>`Oh73tuQ`>NbQ3;5=B0Q2P,0*2F
!AIVDM,1,1,,A,16C8:t0P003uAd8>NFu<s?wB2690,0*24
!AIVDM,1,1,,B,170StV0v003ttbb>M>=h067B00Rc,0*4D
!AIVDM,1,1,,A,1610LV0P013tu>:>M>hujgwB0D7W,0*11
!AIVDM,1,1,,B,18HrqI0wAbSsWkT>QMRPm@I@0<5f,0*59
!AIVDM,1,1,,A,15Dd@b;P003ttct>MLeMv?wD0pHd,0*6E
!AIVDM,1,1,,B,16BQoi?P00SuO:p>Pmk>4?wD2@Hk,0*44
!AIVDM,1,1,,B,16Bl>H?P00Su>qp>LoiBhgwB2<6B,0*7A
!AIVDM,1,1,,A,155uT`0P01Su548>MH>LH?wF28I4,0*50
!AIVDM,1,1,,B,14`V1rp000Stwr`>LgaW243D0690,0*0A
!AIVDM,1,1,,A,16BQoi?P00SuO:`>Pmif4?wH20S6,0*37
!AIVDM,1,1,,A,1717mN0P0gStnR8>T29JUgwH2L38,0*42
!AIVDM,1,1,,A,15Vlqr?P033uNSh>Peq1PwwD0<7l,0*4C
!AIVDM,1,1,,B,19<JacwP00Su1f0>MBoN4?wH2690,0*16
!AIVDM,1,1,,A,35?dNk10023u6lb>TLmpuH?F0P00,0*3C
!AIVDM,1,1,,B,170aDF0000SuQWH>Q8A7T9IF08JR,0*4B
!AIVDM,1,1,,A,15R;r60Oh3StaML>TL`Gj9EH08JS,0*22
!AIVDM,1,1,,A,16BtIl00013u7cF>Mb2Rhh1J0000,0*6D
!AIVDM,1,1,,A,H5?iwH5J7B=40118?pmoj04h9N94,0*08
!AIVDM,1,1,,A,171?In0P003tu5l>MQb9a?wJ0d5v,0*0F
!AIVDM,1,1,,A,19@>kKPP013u4HV>MLUuO?wN2690,0*46
!AIVDM,1,1,,B,171FG:0000Stu`P>M7WsNhAF000M,0*77
!AIVDM,2,1,8,A,55S?BV42>>m?<D`GV21@DpdV222222222222221@TPaRJ7=8NBPAH160,0*21
!AIVDM,2,2,8,A,`88888888888880,2*74
!AIVDM,1,1,,A,1:0I?500003u5bp>MNniFA9L00Sd,0*40
!AIVDM,1,1,,B,170gC:?000Su54N>MHbRPa?J0@KF,0*59
!AIVDM,1,1,,B,16C7gw0000Su7sb>MbE3jOwL0000,0*3F
!AIVDM,1,1,,A,19NSmUP0003ttbN>MNearmwN00S?,0*07
!AIVDM,1,1,,B,19@>jfwP003uOI<>PoME2gwp1P06,0*38
!AIVDM,1,1,,A,170pEB?P013u57B>MIBdL?wJ0690,0*52
!AIVDM,1,1,,B,19GocV3OhGStT6<>aj1q?8S40`Kb,0*76
!AIVDM,1,1,,A,19NSiOhP013uD:`>T;0A6?vn0t=;,0*07
!AIVDM,1,1,,B,3714VL10003u4b@>M>tP5Ra<0000,0*3C
!AIVDM,1,1,,A,16BQoi?P00SuO:d>Pml>4?wP28LH,0*1F
!AIVDM,1,1,,B,18R0Uw00003tud:>MQp<T5uR00Rc,0*19
!AIVDM,1,1,,A,170fHT00003uBc@>NS;c3Vo`0D3b,0*79
!AIVDM,1,1,,B,18;Swf0000SuNTd>Pe;6>6WN08Lm,0*33
!AIVDM,1,1,,B,19@>kg@P00SuBQP>NM2tjgwR2690,0*74
!AIVDM,1,1,,B,17lmFsPP09StuCL>Pj=h<wwT2<80,0*7C
!AIVDM,1,1,,A,16C5l:?P003u7dP>MannpOwp1P06,0*66
!AIVDM,1,1,,B,1:0CgQ1P?w<tSF0l4Q@>4?wv1PSu,0*15
!AIVDM,1,1,,A,170StV02h03ttbJ>M><@067T0690,0*7B
!AIVDM,1,1,,B,19vaJL50?w3uOQ0>PoCf43lB00S?,0*78
!AIVDM,2,1,3,B,59vRlT81lEtO<@<c621<D6098tq`F2222222220l00000t0Ht04j0DRP,0*6A
!AIVDM,2,2,3,B,B00000000000000,2*56
!AIVDM,1,1,,A,18R<Cw00003tup8>MObSimwV00RR,0*27
!AIVDM,1,1,,B,15Dd@b;P003ttct>MLidTwwV0PS0,0*5F
!AIVDM,1,1,,A,370JVt8P@13tpBP>PlnN46KV2000,0*79
!AIVDM,1,1,,B,16BPn90P00SuAk`>NGN00?wT2<60,0*06
!AIVDM,1,1,,B,35?dcsE2003tuQN>MELI<@QT0E1:,0*06
!AIVDM,1,1,,B,19@>je0P00SuC?d>NTdN4?w`2HN3,0*17
!AIVDM,1,1,,B,170F3h0P00Su6aN>N2ruF?wV2D3V,0*5F
!AIVDM,1,1,,A,16BQoi?P00SuO:P>Pmmf4?w`2<50,0*47
!AIVDM,1,1,,B,170gRj?P00Su51>>MH6N4?w`28Ni,0*4D
!AIVDM,2,1,0,A,55TmIh823OG0Q3WKWJ08ttlE84pN22222222221J1@N:0t0Ht7Tj0DRP,0*35
!AIVDM,2,2,0,A,B88888888888880,2*5E
!AIVDM,1,1,,A,16BM7o?P003u2W2>MBE00?war<5u,0*5B
!AIVDM,1,1,,A,34hDtW5v@0Su1Lb>M7jEM@3V8Drr,0*5B
!AIVDM,1,1,,A,376w@l1001StwoH>S4rDRHWb0Dg:,0*51
!AIVDM,1,1,,A,3815I>`Oh?3tuS4>NbPSq5Md0Q3i,0*34
!AIVDM,1,1,,A,H6BuNT56C8e19Cj5@H7pPP20:480,0*37
!AIVDM,1,1,,A,170CJ00P00Su5:l>MIPCwOw`0690,0*05
!AIVDM,1,1,,B,170I`L8P00Su37N>M3ne0gwf2690,0*72
!AIVDM,1,1,,A,15TmIh0P003u714>Nn<JIOwd2<9O,0*2B
!AIVDM,1,1,,A,170aDF0000SuQWH>Q8@SCaKb0<2M,0*27
!AIVDM,1,1,,B,15Vlqr?P023uNSh>Peq0V?wb0<7j,0*21
!AIVDM,1,1,,A,14`V1rp000Stwr`>LgaW243`0@PJ,0*48
!AIVDM,1,1,,B,16BtIl00013u7cL>Mb2RpP1f0000,0*68
!AIVDM,1,1,,A,34h@1H50003u23F>M7iM:c?h0JrP,0*42
!AIVDM,1,1,,A,16BQoi?P00SuO:T>PmnN4?wh2L50,0*10
!AIVDM,1,1,,B,16C6Eh0P003uPLN>Pp>mI?wh20SQ,0*2A
!AIVDM,1,1,,A,19@>l<PP00Su5Hp>MODBswwf20RI,0*1D
!AIVDM,1,1,,A,16C7gw0000Su7sj>MbECjOwh0000,0*60
!AIVDM,1,1,,A,13Q;6w30@03twaj>Lb<=ml5j0690,0*07
!AIVDM,1,1,,A,39NSk=i002Su1Wb>UvOQ=`gf0000,0*41
!AIVDM,1,1,,A,3:0IfE50023ttL2>MHcq<37d0DWH,0*21
!AIVDM,1,1,,A,H6BWqe4U7B=40055@92n002h5544,0*3B
!AIVDM,1,1,,B,371?In0P003tu5l>MQaIa?wj0P9S,0*40
!AIVDM,1,1,,A,19@>jPgP00Su2GH>M@jtP?wh2@Qo,0*57
!AIVDM,1,1,,A,155b2`0P013uPm>>PqeiB?wl0@Qp,0*27
!AIVDM,1,1,,B,170pEB?P013u57B>MIBF6gwf0HQs,0*28
!AIVDM,1,1,,A,19WGVj8P01Su5Av>MwhiGOwh0690,0*52
!AIVDM,1,1,,A,155I0j@0003uPn4>PqMq26wl08R1,0*6F
!AIVDM,1,1,,B,170fHT00003uBc>>NS;K3Vn20HR2,0*42
!AIVDM,1,1,,A,18;Swf0000SuNTj>Pe<V>6Wf0<94,0*59
!AIVDM,1,1,,A,171=E20000Su2rB>MCv`v7;j0690,0*46
!AIVDM,1,1,,B,19NSmUP0003ttbP>MNfIrmwn0@R;,0*64
!AIVDM,1,1,,A,15`9L4=0003u2Q4>MLMAs7Eh00SG,0*51
!AIVDM,2,1,8,B,571?In82==9h7HG;WG44j1<55:0m1<000000000l3hD2:6moN8Q3@p15,0*2F
!AIVDM,2,2,8,B,@PB@00000000000,2*3D
!AIVDM,2,1,5,A,571@gj4000007HG;;C0`DhH5:36222222222220t0p522vFA004j0DRP,0*75
!AIVDM,2,2,5,A,B7l3lU7p8888880,2*75
!AIVDM,1,1,,B,18R0qQ0Oh73uP>l>W87cu8cn08RR,0*47
!AIVDM,1,1,,A,19@>jihP?w<tSF0l4Q@>4?wp0p1R,0*16
!AIVDM,1,1,,B,360rIT5vh03tuV`>MRCdhmun0Ca:,0*50
!AIVDM,1,1,,A,170Sdv0P00Su6OP>Nr7>4?wn2690,0*2A
!AIVDM,1,1,,B,170Ojv8P02Su<40>M<;SF?wf0<p@,0*47
!AIVDM,1,1,,B,34d5<l10033u>CJ>TlspD8qn0D`J,0*68
!AIVDM,1,1,,A,16BQoi?P00SuO:f>Pmm>4?v02694,0*7A
!AIVDM,1,1,,B,16C5l:?P003u7dP>MannpOwp1P06,0*65
!AIVDM,1,1,,A,1610LV0P013tu>>>M>huogv00694,0*7C
!AIVDM,1,1,,B,33K2Kd5000Su5;d>Mcr0No?l8Dib,0*6D
!AIVDM,1,1,,A,1717ah;P00SuOH8>PM76@Own0D5d,0*4C
!AIVDM,1,1,,A,13iT`N00003u5?J>MwpmdhEn080b,0*55
!AIVDM,1,1,,A,3815I>`00<3tuS`>NbTC:mH20Pwh,0*54
!AIVDM,1,1,,B,170StV0uP03ttb@>M>:006620@0d,0*37
!AIVDM,1,1,,A,17f6Gr@02:Sn9th?:V5K@I1B2V98,0*17
!AIVDM,1,1,,A,17lmFsPP03StuC`>Pj=v4?v22<80,0*60
!AIVDM,1,1,,A,170Tw00000Su26j>M7>MTc<4281<,0*44
!AIVDM,1,1,,A,38IOub50003uNnj>PiEDKPr60DMJ,0*1F
!AIVDM,1,1,,A,19@>je0P00SuC?d>NTcv4?v42H0q,0*42
!AIVDM,1,1,,B,18HrqI01AbSsWs6>QOi0lPH00L5f,0*2C
!AIVDM,1,1,,A,170F3h0P00Su6aN>N2ruCOv42694,0*50
!AIVDM,1,1,,A,33dkdn0P@33ttTR>L3b02a2600uP,0*64
!AIVDM,1,1,,B,19t6T@P001StM>B>Tp8bg`p60694,0*06
!AIVDM,1,1,,B,170CJ00P00Su5:l>MIPBjgv4000N,0*16
!AIVDM,1,1,,A,1721hP;P013twFn>LVfP0?v62694,0*3D
!AIVDM,1,1,,A,1717mN0P0fStnI@>T2@:kgv82D3:,0*6C
!AIVDM,1,1,,A,16BQoi?P00SuO:V>Pmk>4?v820S4,0*28
!AIVDM,1,1,,A,1710E08P02SttP2>Pc=lHwv:2L7t,0*1D
!AIVDM,1,1,,A,170I`L8P01Su37L>M3p=0?v<20Ro,0*05
!AIVDM,1,1,,B,14`V1rp000Stwr`>LgaW242400RP,0*76
!AIVDM,1,1,,A,170LP20P00Su2M`>ML`DQwv82@3A,0*14
!AIVDM,1,1,,A,15Vlqr?P023uNSh>Peq0EOv8083V,0*26
!AIVDM,1,1,,A,16BtIl00013u7cR>Mb2SCh0:0000,0*22
!AIVDM,1,1,,B,19@>l<PP00Su5Hr>MOEBswv:283d,0*04
!AIVDM,1,1,,B,16BQoi?P00SuO:l>Pmmv4?v<283k,0*6C
!AIVDM,1,1,,B,14n4NO00003tmjR>K>a002t:083s,0*77
!AIVDM,1,1,,A,16C6Eh0P003uPLP>Pp?Lj?v<20SG,0*77
!AIVDM,1,1,,B,16C7gw0000Su7st>MbECjOv<0000,0*28
!AIVDM,1,1,,A,19NSmUP0003ttbH>MNgarmv>0D7F,0*1B
!AIVDM,1,1,,A,1:0I?500003u5bp>MNniFA8<0@6>,0*7E
!AIVDM,1,1,,B,171=E20000Su2rB>MCwHvG:<0D3D,0*47
!AIVDM,1,1,,B,19WGVj8P01Su5B2>MwhA5wv<0694,0*25
!AIVDM,1,1,,A,3815I>`00@3tuT2>Nbcid5B@0P00,0*01
!AIVDM,1,1,,A,171?In0P003tu5l>MQaIa?v>0h4g,0*15
!AIVDM,1,1,,A,16C1d6?P0>3trlH>POCMwwwp1P06,0*3E
!AIVDM,1,1,,A,16BQoi?P00SuO:j>Pmm>4?v@2<53,0*07
!AIVDM,1,1,,B,18;Swf0001SuNTV>Pe;F>6T:00SK,0*36
!AIVDM,1,1,,A,137T64001MSuafR>UlQQe1B>2850,0*6A
!AIVDM,1,1,,A,170Ojv8P03Su<4@>M<;S=gv800Sj,0*4C
!AIVDM,1,1,,B,19@>jihP?w<tSF0l4Q@>4?wp0l5>,0*61
!AIVDM,1,1,,A,18R0qQ0Oh33uP?>>W87<l`hB0<72,0*2B
!AIVDM,1,1,,B,19@>kMPP07Stph0>S6I3igvB2D8F,0*6E
!AIVDM,1,1,,A,170fHT00003uBc@>NS;;3VlJ0694,0*26
!AIVDM,1,1,,B,355fo>5P00SttVl>MLPri?vB0Dd:,0*78
!AIVDM,1,1,,B,170Sdv0P00Su6OP>Nr6f4?vB20SR,0*53
!AIVDM,1,1,,B,19vaJL50?w3uOQD>PoCf43lB0694,0*6B
!AIVDM,1,1,,A,170StV0uh03ttbD>M>;h064D0<6M,0*76
!AIVDM,1,1,,B,17f6Gr@02:Sn9m8?:VSs@a1V2PSO,0*24
!AIVDM,1,1,,A,370nk`5P003tts>>M?7B5OvD0000,0*1D
!AIVDM,1,1,,B,3815I>`00@3tuT8>NbhiEU@F0Pt@,0*72
!AIVDM,1,1,,B,1:0CgQ1P?w<tSF0l4Q@>4?wv1TSP,0*34
!AIVDM,1,1,,B,16BvPv0000SuC=F>N`IscgvD0000,0*32
!AIVDM,1,1,,B,1815VV@P003ttb@>MLqeSwvF0694,0*1D
!AIVDM,1,1,,B,17lmFsPP03StuC`>Pj=v4?vF2694,0*18
!AIVDM,1,1,,B,16C8:t0P003uAdD>NFvL`?vF286k,0*64
!AIVDM,1,1,,B,171:60?P003uQ`:>PvuWrOvF0<00,0*37
!AIVDM,1,1,,B,16BPn90P00SuAk`>NGO@0?vF2D5u,0*5A
!AIVDM,2,1,1,B,55?dUp`2>vEK<GG;360l5Tv2222222222222220l000005RR08j0CDRF,0*1E
!AIVDM,2,2,1,B,@B8000000000000,2*2C
!AIVDM,1,1,,A,16BQoi?P00SuO:b>Pmmv4?vH2@7B,0*40
!AIVDM,1,1,,B,15Dd@b;P003ttct>MLiPBOvH0V94,0*32
!AIVDM,1,1,,B,36BNpG9P003u5OD>MOE<VgvB2000,0*48
!AIVDM,1,1,,B,19@>je0P00SuC?d>NTcv4?vH2694,0*0F
!AIVDM,1,1,,B,33dkdn0P@23ttTR>L3cem8lJ00jP,0*09
!AIVDM,1,1,,A,18HrqI0w1cSsWwB>QQ00m0HF0694,0*1C
!AIVDM,2,1,3,A,57tKmPp0?KP;To?7SL0mV0pU9H4p40000000000U6hS3;tkgN:0AH44P,0*4F
!AIVDM,2,2,3,A,@00000000000000,2*57
!AIVDM,1,1,,A,19t6T@P001StM>:>Tp8bNprL0889,0*3E
!AIVDM,1,1,,A,370bNT1000SuaR@>VlIP<``L0Dg:,0*7A
!AIVDM,1,1,,A,170CJ00P00Su5:l>MIPitwvJ0<5r,0*7B
!AIVDM,1,1,,B,16BQoi?P00SuO:V>Pmnv4?vL288M,0*08
!AIVDM,1,1,,B,15Vlqr?P043uNSh>Peq=?OvJ0@8k,0*68
!AIVDM,1,1,,A,1815I>`00A3tuTF>NbmhvE>N0l7c,0*01
!AIVDM,2,1,8,A,58R3i742DmbAC9MSF2185L48V3K62222222222161pk8874WN;A3@sA5,0*6E
!AIVDM,2,2,8,A,@PBH88888888880,2*36
!AIVDM,1,1,,B,1710E08P01SttP:>Pc=l4OvN2@94,0*67
!AIVDM,1,1,,B,19@>jjOP01Stti@>MH2al?vN289;,0*3C
!AIVDM,1,1,,A,16BQoi?P00SuO:`>PmmN4?vP2<54,0*6A
!AIVDM,1,1,,B,16BtIl00013u7cV>Mb2k7h0P0000,0*03
!AIVDM,1,1,,A,19@>jPgP00Su2GJ>M@l<P?vN20S0,0*11
!AIVDM,1,1,,B,19@>jfJ000Su3eJ>MHm@qwvP0000,0*29
!AIVDM,1,1,,B,3815I>`00C3tuTN>NboPwE@R0P00,0*3B
!AIVDM,1,1,,B,19NSmUP0003ttbJ>MNhqrmvT0D7F,0*6F
!AIVDM,1,1,,B,171?In0P003tu5l>MQaIa?vR0d5v,0*66
!AIVDM,1,1,,B,16C1d6?P053trlD>POB=3?wp1P06,0*47
!AIVDM,1,1,,A,11mg=5OP003u0O2>M5nv4;@T0D8U,0*6C
!AIVDM,1,1,,B,18R0qQ0Oh33uP?D>W88Mc`lV00SJ,0*23
!AIVDM,1,1,,A,39@>kMPP04Stph0>S6G1N?vT208k,0*50
!AIVDM,1,1,,B,170?0h0P00Su2t8>MD3f4?vV2@;F,0*0A
!AIVDM,1,1,,B,170fHT00003uBcB>NS;;3Vnh0@;L,0*0B
!AIVDM,1,1,,A,18;Swf0002SuNU0>Pe<F>6TR0694,0*2D
!AIVDM,1,1,,A,170Sdv0P00Su6OP>Nr5v4?vV2<79,0*54
!AIVDM,1,1,,A,19@>kg@P00SuBQJ>NM3<jgvV2<82,0*28
!AIVDM,2,1,6,A,59@>kMT1pj>tCH7?GC4I8ET6222222222222220l1@`00t00002CU9k8,0*60
!AIVDM,2,2,6,A,5m4`88888888880,2*2E
!AIVDM,1,1,,A,19vRlT0P0<SttU4>PFu6b?vV2<5r,0*33
!AIVDM,1,1,,B,16C5l:?P003u7dP>Mao6pOwp1P06,0*3C
!AIVDM,1,1,,A,16BQoi?P00SuO:f>Pmkv4?v`2H<1,0*1A
!AIVDM,1,1,,A,16BPn90P00SuAkV>NGOP0?v`2<5u,0*21
!AIVDM,1,1,,A,1610LV0P003tu>j>M>h=qOv`00S<,0*63
!AIVDM,1,1,,B,19NSV:@01uSta>b>dGBpMVt`2694,0*5B
!AIVDM,1,1,,A,16BvPv0000SuC=F>N`Iscgvb0000,0*17
!AIVDM,1,1,,A,170Tw00000Su26n>M7=uO;<d2694,0*66
!AIVDM,1,1,,A,16C8:t0P003uAd<>NFv<Kwvb2H<c,0*5A
!AIVDM,1,1,,B,B6qbnB00<`w?>V3WqdUMOwbVSP06,0*72
!AIVDM,1,1,,B,170StV02h03ttbb>M>>P064b0<6L,0*0E
!AIVDM,1,1,,A,13iT`N00003u5?T>Mwp5dhB`0<75,0*4E
!AIVDM,1,1,,B,H6qbnB1<4lDF222222222222220,0*03
!AIVDM,1,1,,A,36Bw;:?P003uBI`>NLEmUOv`2000,0*4F
!AIVDM,1,1,,A,19@>je0P00SuC?T>NTcv4?vd20SK,0*03
!AIVDM,1,1,,A,15Dd@b;P003ttct>MLgu:wvd0d5?,0*43
!AIVDM,1,1,,A,170F3h0P00Su6aN>N2t=Uwvd2@=A,0*67
!AIVDM,1,1,,B,18HrqI0wQcSs`2`>QR0@lhH`0D5f,0*0F
!AIVDM,1,1,,A,1815VV@P003ttb@>MLqdpgvd0@=J,0*02
Signal caught, exiting!
Reattached kernel driver
