Edge tuning disabled.
DC filter enabled.
RTL AGC disabled.
Internal AIS decoder enabled.
Buffer size: 163.84 mS
Downsample factor: 64
Low pass: 25000 Hz
Output: 48000 Hz
Found 1 device(s):
  0:  Realtek, RTL2838UHIDIR, SN: 00000001

Using device 0: Generic RTL2832U OEM
Detached kernel driver
Found Rafael Micro R820T tuner
Log NMEA sentences to console ON
AIS data will be sent to 127.0.0.1 port 10110
Tuner gain set to automatic.
Tuned to 162000000 Hz.
Sampling at 1600000 S/s.
Allocating 12 zero-copy buffers
!AIVDM,1,1,,A,13JQFP001fSt@0@>H5N7;mjb84QL,0*1C
!AIVDM,1,1,,B,36BMOC1000Su5NL>MNW@001J2P00,0*00
!AIVDM,2,1,1,B,54ccof02;E9gQ1AV220DlE84hB1<D6222222221J397::5kj0?Q5@PBH,0*4D
!AIVDM,2,2,1,B,888888888888880,2*26
!AIVDM,1,1,,A,34hDtW5000Su1Md>M7a8r@1F8DeJ,0*1E
!AIVDM,1,1,,B,E>lUV<1PanSFPP00000000000001ntvD7UoUP:1AACv010,0*58
!AIVDM,1,1,,A,15QBet0tiLSiK;4>jeLq<GKL04QL,0*56
!AIVDM,1,1,,A,171@8f00003tw1t>LkInNGGH0@Ju,0*0D
!AIVDM,1,1,,B,19NSQ3g000Smdkn>?1:inA?H2@Jv,0*2F
!AIVDM,1,1,,A,13e0`v3P@33eUAN??gTGj`qP04QL,0*3D
!AIVDM,1,1,,B,16Bl>H?P00Su7gf>M`mPS?wJ28K>,0*05
!AIVDM,1,1,,A,38L5Cd50003sush>DVaJoBMH0000,0*77
!AIVDM,1,1,,B,17`:?r00003uN2J>Pcg5RSgJ00Rs,0*16
!AIVDM,1,1,,A,16BlQr0P0c3j@LH?NjSTH?w82hKF,0*71
!AIVDM,1,1,,B,34hDtW5000Su1Md>M7a0Ch1H8Di:,0*7E
!AIVDM,1,1,,B,14`deg8P00Su36T>M3UHkwwN2@KM,0*35
!AIVDM,1,1,,A,16?Um9O000Su0JL>Ln7K7IoN04QL,0*56
!AIVDM,1,1,,A,170acj500hSms0@>;FFdF9uN04QL,0*24
!AIVDM,1,1,,A,17Ww5480023tftN>VAUn<B=L04QL,0*14
!AIVDM,1,1,,B,170RNn2P00StuQ4>M>3oU?wN2l5O,0*52
!AIVDM,1,1,,B,170TcN0P00SuODT>PwCv4?wN24QL,0*76
!AIVDM,1,1,,B,E>lUV<1PanSFPP00000000000001ntvD7UoUP:1AACv010,0*58
!AIVDM,1,1,,A,15QBet0u1LSiK;n>jePq<GOP0D;5,0*32
!AIVDM,1,1,,A,15`7bj80003tu5B>MP4f49=P04QL,0*38
!AIVDM,1,1,,A,39@6uF58003uBk8>NcQf49oP0Dfb,0*55
!AIVDM,1,1,,B,1815?Eh001Sf=7D?=k9nl2qR00SK,0*2B
!AIVDM,1,1,,B,15RW<<00003tUS`>VKFofa1R0@Lt,0*23
!AIVDM,1,1,,A,E>lUV<1PanSFPP00000000000001ntvD7UoUP:1AACv010,0*5B
!AIVDM,1,1,,A,35Vul>50003tugp>MJdCLhaT0EAJ,0*00
!AIVDM,1,1,,B,D04LS00s8Lfq6DM6Dm0u6D0,0*4D
!AIVDM,1,1,,B,D03n9s0fmNfp,0*25
!AIVDM,1,1,,A,3:5dU31P00Su3D4>TLLv4?wT2JN@,0*5E
!AIVDM,1,1,,A,15C3pv0P013u3GD>SueTMOwv0D<P,0*71
!AIVDM,1,1,,B,E>lUV<1PanSFPP00000000000001ntvD7UoUP:1AACv010,0*58
!AIVDM,1,1,,B,18I`ov022H3c?00?SCOSr3;`0DAD,0*53
!AIVDM,1,1,,A,B70pAH002hw@>bSWARtk7wr5oP06,0*1D
!AIVDM,1,1,,A,155HAr1000Stu2B>MUh@003R2HNa,0*75
!AIVDM,1,1,,A,165qvd0000Sttht>MG0QN3?b2@Nl,0*1D
!AIVDM,1,1,,A,35>r1F5000Seded?=WSkm;;R0000,0*1F
!AIVDM,1,1,,A,170`6>0P01Slm<6>;wDp=wwp0hO2,0*6F
!AIVDM,1,1,,A,185K?KPP01Su46j>RKOqAgwd08OT,0*55
!AIVDM,1,1,,B,13JQFP001eSt?w`>H4@W<Ejv8HOv,0*08
!AIVDM,1,1,,A,19NSSN@027ScPJV?R2oCsC;20<<I,0*14
!AIVDM,1,1,,B,18155qA0003eIc<>jrsmKp7d04QL,0*14
!AIVDM,1,1,,A,370S20;P@43ttvl>M3wEC`Ad010@,0*70
!AIVDM,1,1,,A,13d;3B04Q73twen>NA8EIlId00S2,0*76
!AIVDM,1,1,,A,15U3P6001SSkNaN?<c8lakib00RS,0*2D
!AIVDM,1,1,,B,16?Um9O000Su0JN>Ln7;7Iof0@Pk,0*5D
!AIVDM,1,1,,B,171=lB?P00SuC5f>Nb41S?wf2D8O,0*33
!AIVDM,1,1,,B,1718kv80003uChT>KKL<Jr1j0<1n,0*78
!AIVDM,1,1,,A,14`deg8P00Su36`>M3W8iOwh2D7j,0*33
!AIVDM,1,1,,B,155LCf<0003tumT>MJR9oPKj0<:P,0*50
!AIVDM,1,1,,B,170APr0P003u3oD>MHaHKgwh0@Q3,0*7D
!AIVDM,1,1,,B,10;iQCgP00Stw0<>M7oHrgwj2DBu,0*25
!AIVDM,1,1,,A,17fu83AP?w<tSF0l4Q@>4?wv0PSE,0*07
!AIVDM,1,1,,A,18I`ov02jH3c?7<?SCESqk=j04QL,0*36
!AIVDM,1,1,,B,1815Cphwj5Shqih>vs32uBAj08QN,0*21
!AIVDM,1,1,,B,13e0`v30033eUAF??gRWw8ml08QP,0*45
!AIVDM,1,1,,B,16C2Ob?P033u:d0>QPLB1wwkr@QU,0*67
!AIVDM,1,1,,A,171:600P00Su3>t>MEcf4?wj20SK,0*2D
!AIVDM,1,1,,A,14WS2P002ASjL0j?14=JOHKh0<<P,0*10
!AIVDM,1,1,,B,3:5dU31P01Su3D8>TLKnfgwj2D5b,0*2C
!AIVDM,1,1,,B,170ATl00003u3F8>ME`P045j2@Qi,0*76
!AIVDM,1,1,,A,1:0<;9?0013tu4D>MVSs3Eml0HR2,0*05
!AIVDM,1,1,,B,15QBet0tiLSiK3R>jdna<7Kl0D;6,0*38
!AIVDM,1,1,,A,1:5eku0P023u9WT>QTiHkgwl0@R?,0*6D
!AIVDM,1,1,,A,171:263P003ttt0>M@D`ggv024QP,0*6D
!AIVDM,1,1,,B,370SER1000Su6aF>Qd=N47On2DLb,0*61
!AIVDM,1,1,,B,170RNn2P00StuPj>M>47U?wn2hS3,0*6C
!AIVDM,1,1,,A,19?Q?B0006Stu0H>M6lbJHQn28S8,0*06
!AIVDM,1,1,,A,D03n9rR<UNfp,0*27
!AIVDM,1,1,,B,15AswJ30003uO5n>PkLqVhr02H03,0*42
!AIVDM,1,1,,A,E>lUV<1PanSFPP00000000000001ntvD7UoUP:1AACv010,0*5B
!AIVDM,1,1,,A,35C5qp50003uPBp>Po;h07420E2J,0*28
!AIVDM,1,1,,A,15RW<<00013tUSV>VKFGQq000@0W,0*24
!AIVDM,1,1,,A,39NSa0E000SuO7d>Pv1RF7P20000,0*47
!AIVDM,1,1,,A,15Wnhh8000SuPSH>PrVoQin00D6T,0*2B
!AIVDM,1,1,,B,34aeIv10003t3eH>aAvW28200000,0*76
!AIVDM,1,1,,A,171<:khP00SuPWT>Pr<e6?v00<64,0*35
!AIVDM,1,1,,A,370S20;P@33ttvl>M3tm;`620000,0*74
!AIVDM,1,1,,A,155EJD0P00SuPHb>Q3Ou6gv42<80,0*13
!AIVDM,1,1,,A,16tf>200013fUIr?4<S<QQd60l<=,0*52
!AIVDM,1,1,,A,15SeHH001uTdDdf>7qN3Ojj82PRS,0*37
!AIVDM,1,1,,B,16?Um4P0223sTQv>KfT0O@F60D<G,0*45
!AIVDM,1,1,,B,165qvd00003ttht>MG0QN3>62H1l,0*5C
!AIVDM,1,1,,B,18I`ov01RH3c??t?SC93rC<60<AC,0*33
!AIVDM,1,1,,B,3:5c;w1P013u6F4>RqGDmgv60000,0*00
!AIVDM,1,1,,B,14WS2P002ASjKqh?14<bO8J200SP,0*36
!AIVDM,1,1,,B,170Bvb?0P0Stuj@>M5n5Dmv40<:I,0*5B
!AIVDM,1,1,,B,1:5eRH0P013u:Il>R7utV?v62@23,0*5C
!AIVDM,1,1,,A,19NSVHk0003u07F>Lf3usab40L;7,0*17
!AIVDM,1,1,,B,170RNn2P00StuPh>M>3oU?v62d5R,0*63
!AIVDM,1,1,,A,15?Wrn30003tv;p>LUm6cSr80H2?,0*5C
!AIVDM,1,1,,A,1:0B1h0P013tkub>VWto3Owp2PSQ,0*63
!AIVDM,2,1,0,A,5:5c;w01sstODToCW419Dh4000000000000000000000040000000000,0*41
!AIVDM,2,2,0,A,000000000000000,2*24
!AIVDM,1,1,,A,13TbQH001m3o2w4?2Jhkwk<60d6@,0*0A
!AIVDM,1,1,,A,355H2B02P0StuI<>MEQP0:wp00>k,0*07
!AIVDM,1,1,,B,15CMQV3u0@3r6>:>DbMo866<083:,0*52
!AIVDM,1,1,,B,370S20;P@33ttw0>M3tm5H28010@,0*73
!AIVDM,1,1,,B,E>lUV;1PanQnR000000000000001nn5H7VjKh:1AACv010,0*62
!AIVDM,1,1,,A,160l;8001nSjE7L?9OU5UTR:083M,0*10
!AIVDM,1,1,,B,E>lUV<1PanSFPP00000000000001ntvD7UoUP:1AACv010,0*58
!AIVDM,1,1,,B,13d;3B04Q73twjL>N@LEQ4L:00Rg,0*62
!AIVDM,1,1,,B,11mg=5OP003u0NV>M5iN4;@<00Se,0*72
!AIVDM,1,1,,A,170APr0P003u3oB>MH``ROv<0L5?,0*51
!AIVDM,1,1,,B,19NSSN@027ScPb:?R2T3rC9H04QP,0*1D
!AIVDM,1,1,,A,16?Um9O000Su0JT>Ln6c7In<00S6,0*68
!AIVDM,1,1,,B,39NSWdU0003twCh>LdN=c9cp0Dg:,0*7A
!AIVDM,2,1,6,A,571DUp42>SED7HG;3;4Tp<P<50F3;2222222220t10<2:5fk03Q5@PB@,0*25
!AIVDM,2,2,6,A,000000000000000,2*22
!AIVDM,1,1,,A,10;iQCgP00Stw0:>M7o8tgv@20RF,0*2A
!AIVDM,1,1,,B,17fu83AP?w<tSF0l4Q@>4?wv0PRf,0*26
!AIVDM,1,1,,B,36BU`00r1P3hl@8?VNFUDlP<00sh,0*60
!AIVDM,1,1,,A,35`7bj80003tu5l>MP8>49<@0C73,0*3F
!AIVDM,1,1,,A,1815O9001RSe4;d>naca;WP@0@4w,0*1F
!AIVDM,1,1,,B,171:263P003ttt6>M@E`igvB2D;i,0*36
!AIVDM,1,1,,B,1815?Eh001Sf=5N?=k<6l2pB0<;8,0*78
!AIVDM,1,1,,A,16taa4000;SiPOD>n5<UN1:@04QP,0*07
!AIVDM,1,1,,B,15RW<<01@13tUST>VKF8>q0B0@5V,0*32
!AIVDM,1,1,,A,171@8f00003tw1t>LkInV7F@0DCF,0*52
!AIVDM,1,1,,B,13@?9P0v@w3s@vF>InplpSpD0@5u,0*52
!AIVDM,1,1,,B,E>lUV<1PanSFPP00000000000001ntvD7UoUP:1AACv010,0*58
!AIVDM,1,1,,B,171<:khP00SuPWT>Pr;e6?vB0@6>,0*35
!AIVDM,1,1,,B,155EJD0P00SuPHr>Q3Ou6gvF2<81,0*73
!AIVDM,1,1,,B,E>lUV<1PanSFPP00000000000001ntvD7UoUP:1AACv010,0*58
!AIVDM,1,1,,A,170`6>0P00Slm<2>;wDH=wwp0`6d,0*75
!AIVDM,1,1,,B,15SeHH001uTdDl6>7qDCOjjD2h6n,0*0B
!AIVDM,1,1,,A,155HAr1000Stu2>>MUg@002B286o,0*11
!AIVDM,1,1,,B,170RNn2P00StuPb>M>3WU?vF2PS7,0*16
!AIVDM,1,1,,A,E>lUV<1PanSFPP00000000000001ntvD7UoUP:1AACv010,0*5B
!AIVDM,1,1,,B,35SiR05000Su144>LiFnLaoRPP00,0*4A
!AIVDM,1,1,,A,1567=l0000Stujd>MI;I:hDJ2<72,0*31
!AIVDM,1,1,,A,13d;3B04Q63twln>N@4EUDPD84QP,0*12
!AIVDM,1,1,,B,3717iT50003u3:<>M4Qh09VF0Dd:,0*21
!AIVDM,1,1,,B,E>lUV<QPanSnPP00000000000001nu<n7T@G@:1AACv010,0*5D
!AIVDM,1,1,,B,E>lUV<APanSFQ000000000000001nu6r7Unbh:1AACv010,0*30
!AIVDM,1,1,,B,18LbBp00003uP9h>Q2gLK7PL0884,0*65
!AIVDM,1,1,,A,185K?KPP04Su46`>RKNp`OvL0887,0*6E
!AIVDM,1,1,,B,36BU`00riP3hlDD?VMsU?lJH022P,0*18
!AIVDM,1,1,,B,38I`ov0vBH3c?QL?SBjStS<N07D3,0*12
!AIVDM,1,1,,B,1:0B1h0P013tkuR>VWsVs?wp2W3h,0*00
!AIVDM,1,1,,B,155H2B02h0StuIP>MET00:wp04QP,0*67
!AIVDM,1,1,,B,1815Le@0173ups@>V1WUbTPL0<<B,0*71
!AIVDM,1,1,,B,171@8f00003tw1t>LkIj;WFJ089<,0*2E
!AIVDM,1,1,,A,17`:?r00013uN2B>Pcj5RSfJ0D3u,0*03
!AIVDM,1,1,,A,19NSSN@027ScPo8?R2DCqC9d0L<I,0*52
!AIVDM,1,1,,A,E>lUV<1PanSFPP00000000000001ntvD7UoUP:1AACv010,0*5B
!AIVDM,1,1,,A,14`deg8P00Su36`>M3THk?vR2@9g,0*0E
!AIVDM,1,1,,A,13d;3B04Q63twnD>N?lUWTRN0D<O,0*1D
!AIVDM,1,1,,A,1:5eku0P013u9Wd>QTiHCwvP0@9n,0*61
!AIVDM,1,1,,B,171=lB?P00SuC5t>NaviFOvP24QP,0*6C
!AIVDM,1,1,,B,1718kv80003uChb>KKKtJr0R0<1o,0*39
!AIVDM,1,1,,A,16Bl>H?P00Su7gR>M`mhS?vP2@:1,0*17
!AIVDM,2,1,6,B,571:2602?LAl7HG?7;<5<4B2222222222222220l1@>5677g0=2Q@QC8,0*48
!AIVDM,2,2,6,B,0C2H43lU8888880,2*16
!AIVDM,1,1,,A,171:600P00Su3?4>MEcf4?vP28:4,0*49
!AIVDM,1,1,,A,E>lUV5Qc`I00000000000000000ApUHd7KRw`N3kkkv010,0*0C
!AIVDM,1,1,,B,E>lUV<1PanSFPP00000000000001ntvD7UoUP:1AACv010,0*58
!AIVDM,1,1,,B,10;iQCgP00Stw0<>M7nprwvT2@:>,0*04
!AIVDM,1,1,,B,15RnDt30003kW6N>JarK?0nT0@:L,0*46
!AIVDM,1,1,,A,17fu83AP?w<tSF0l4Q@>4?wv0`;b,0*78
!AIVDM,1,1,,B,13e0`v3Oh13eUA>??gPp18tV0<<P,0*31
!AIVDM,1,1,,B,15`7bj80003tu5t>MP1v49<T04QP,0*01
!AIVDM,1,1,,B,17f6GpP0043uJ1d>WSEHVohV0<>c,0*18
!AIVDM,1,1,,A,171:263P003ttt@>M@F8iOv`2<;j,0*69
!AIVDM,1,1,,A,15RW<<00013tUSP>VKEGFq0V0L<M,0*4A
!AIVDM,1,1,,A,13@?9P0vPw3sA3J>InOln3p`0LAk,0*0A
!AIVDM,1,1,,B,16BU`00sQO3hlHb?VMQ5:lHT0D5v,0*18
!AIVDM,1,1,,A,15SeHH001uTdE0h>7qQCP2j`2d:j,0*79
!AIVDM,1,1,,B,170`6>0P00Slm<2>;wDH=wwp0d9v,0*6F
!AIVDM,1,1,,B,36:mUr10003uR0@>VqsWSGbf0E6:,0*61
!AIVDM,1,1,,B,1567=l0000Stujd>MI:q:hDf2H=:,0*51
!AIVDM,2,1,7,B,58Iv;@42AS8SUKO77J098U@tTj37;2222222220l1PU975ra0=li@H54,0*1E
!AIVDM,2,2,7,B,R@C888888888880,2*49
!AIVDM,1,1,,B,155HAr1000Stu2>>MUfh002`2D00,0*3C
!AIVDM,1,1,,B,13d;3B04Q63twpd>N?HEcTVb8H=W,0*15
!AIVDM,1,1,,B,170RNn2P00StuPN>M>3GU?vf2h=2,0*59
!AIVDM,1,1,,A,15?Wrn30003tv;p>LUm;cSrh08=n,0*2F
!AIVDM,1,1,,B,E>lUV<1PanSFPP00000000000001ntvD7UoUP:1AACv010,0*58
!AIVDM,1,1,,B,16BOu7=P003u5>B>MQK00?vh2D6Q,0*56
!AIVDM,1,1,,B,E>lUV<1PanSFPP00000000000001ntvD7UoUP:1AACv010,0*58
!AIVDM,1,1,,B,185K?KPP04Su46`>RKN`lwvj04QP,0*6D
!AIVDM,1,1,,A,1:0B1h0P023tkuB>VWqnkOwp2t8;,0*39
!AIVDM,1,1,,A,18155qA0003eIc>>jrsU>H8h0D:R,0*66
!AIVDM,1,1,,B,13d;3B04Q63twqR>N?=melVh08?7,0*51
!AIVDM,1,1,,B,14`deg8P00Su36V>M3V8iwvl2D7k,0*3B
!AIVDM,1,1,,B,19NSQ3g000Smdl0>?1<6F1>h2<9m,0*42
!AIVDM,1,1,,B,15CMQV32h?3r6>2>Db77=V6l04QP,0*29
!AIVDM,1,1,,B,16Bl>H?P00Su7gR>M`m@S?vj2D8G,0*76
!AIVDM,1,1,,A,15RnDt30003kW6J>Jas;?0nn0<Bq,0*33
!AIVDM,1,1,,B,11mg=5OP003u0NR>M5iN4;@l0D9Q,0*0C
!AIVDM,1,1,,B,171:600P00Su3>t>MEbv4?vl2L==,0*5C
!AIVDM,1,1,,A,171=lB?P00SuC5t>Nawi@wvl2D7w,0*5D
!AIVDM,1,1,,A,15QBet0uiM3iJfh>jc;a77Dn00Rk,0*21
!AIVDM,1,1,,B,171@8f00003tw1t>LkIuq7Fh0@?l,0*17
!AIVDM,1,1,,B,14WS2P0w2@SjKGf?14=rOHJl00SB,0*65
!AIVDM,1,1,,A,10;iQCgP00Stw0@>M7o8sOvn20SE,0*53
!AIVDM,1,1,,A,16?Um9O000Su0Jf>Ln6;7Inl00RQ,0*34
!AIVDM,1,1,,B,17fu83AP?w<tSF0l4Q@>4?wv0h?s,0*66
!AIVDM,1,1,,B,1:5eku0P033u9Wd>QTiGtOvn04QP,0*7C
!AIVDM,1,1,,A,16C2Ob?P013u:d4>QPNAn?vor0Rj,0*3D
!AIVDM,1,1,,B,170qWD?P?w<tSF0l4Q@>4?wp0W3h,0*7C
!AIVDM,1,1,,A,13e0`v3Oh13eUA8??gPHoq2r0<<P,0*79
!AIVDM,1,1,,B,170RNn2P00StuPH>M>47U?vn2PRu,0*30
!AIVDM,1,1,,A,17Ww5480013tftN>VASU42@n0D5N,0*1B
!AIVDM,2,1,8,B,56C2Ob02?lS?T8lD000tm84pV3740000000000000000040000000000,0*0F
!AIVDM,2,2,8,B,000000000000000,2*2F
!AIVDM,1,1,,A,35Td;r30P0SeUN<?8Oc`8S6r001C,0*3D
!AIVDM,1,1,,B,171:263P003tttD>M@Ephwvt24QP,0*50
!AIVDM,1,1,,A,370S20;0053ttw@>M3rEcp2p00r1,0*2C
!AIVDM,1,1,,A,15AswJ30003uO5d>PkL9R@rt2L<O,0*1F
!AIVDM,1,1,,B,13@?9P0v@v3sA8N>In7llCpt00SU,0*59
!AIVDM,1,1,,A,1718wd00003mKNj>=PTKMD0v28Ap,0*33
!AIVDM,1,1,,B,35>p0L1P013u9LL>T5?Grgvt0DAb,0*69
!AIVDM,1,1,,A,355IsH?P02SuB4l>Rtf>4?vt20TC,0*6A
!AIVDM,1,1,,B,D03n9s1MeNfp,0*07
!AIVDM,1,1,,B,171<:khP00SuPWp>Pr;e6?vr04QP,0*5C
!AIVDM,1,1,,B,E>lUV<1PanSFPP00000000000001ntvD7UoUP:1AACv010,0*58
!AIVDM,1,1,,A,15C3pv0P003u3Gb>SudDcOwv04QP,0*74
!AIVDM,1,1,,A,1567=l0000Stujp>MI;a;PE02@BK,0*3F
!AIVDM,1,1,,A,E>lUV<1PanSFPP00000000000001ntvD7UoUP:1AACv010,0*5B
!AIVDM,1,1,,B,38156>0P00StuW@>ME?f4?vv20T3,0*06
!AIVDM,1,1,,B,18LbBp00003uP9r>Q2h<K7Q20@C3,0*7B
!AIVDM,1,1,,A,165qvd0000Sttht>MG0QN3?224QP,0*1A
!AIVDM,1,1,,A,170`6>0P00Slm<2>;wDp=wwp0`C>,0*62
!AIVDM,1,1,,A,14WS2P002@SjK?V?14<JOHK004QP,0*19
!AIVDM,1,1,,B,16tf>200013fUIv?4<SdQQe20`CJ,0*0C
!AIVDM,1,1,,A,18I`ov0vjH3c?sd?SB=3tS;408CP,0*10
!AIVDM,1,1,,A,33MBE7Q000St0v:>Qu?9godt0000,0*65
!AIVDM,2,1,6,A,58KwdD02BTRGUKSCOB1Hn119D@DqB2222222221J10P475p>08lj0DRP,0*45
!AIVDM,2,2,6,A,B85@AH888888880,2*24
!AIVDM,1,1,,A,16BOu7=P003u5>:>MQIQ`ww42<6S,0*71
!AIVDM,1,1,,A,185K?KPP01Su46`>RKMp5?w60HDH,0*45
!AIVDM,1,1,,B,1:0B1h0P023tkuN>VWqF@Owp2l89,0*2F
!AIVDM,1,1,,B,16?Um9O000Su0Jh>Ln6K7Io40@Dh,0*4F
!AIVDM,1,1,,A,15CMQV3tP?3r6>2>DatG:n580L5L,0*0C
!AIVDM,1,1,,B,170RNn2P00StuP>>M>4WU?w62pD6,0*0A
!AIVDM,1,1,,A,13d;3B04Q53twtj>N>TElTe40<<P,0*12
!AIVDM,1,1,,B,15QBet02AMSiJVt>jbNI67C80@E4,0*35
!AIVDM,1,1,,A,36Bl>H?P00Su7gH>M`lhS?w6200B,0*60
!AIVDM,2,1,2,A,56Bl>H800000E15C800H5`Dk<00000000000000000000t0Ht0000000,0*38
!AIVDM,2,2,2,A,000000000000000,2*26
!AIVDM,1,1,,B,1718kv80003uChV>KKLdJr1800St,0*04
!AIVDM,1,1,,B,15QBet01iM3iJ`L>jbaI5oE:0D;;,0*75
!AIVDM,1,1,,B,13e0`v3Oh13eUA4??gO`P97:0<<P,0*7B
!AIVDM,1,1,,B,170ATl00003u3El>MEa@04582<5a,0*72
!AIVDM,1,1,,A,14`deg8P00Su36b>M3V`cOw:2@EM,0*61
!AIVDM,1,1,,B,E>lUV<1PanSFPP00000000000001ntvD7UoUP:1AACv010,0*58
!AIVDM,1,1,,B,16C2Ob?P013u:d2>QPLiugw9r8Eb,0*11
!AIVDM,1,1,,B,17Ww5480023tftR>VASE42C80D5O,0*43
!AIVDM,1,1,,A,35Sp3v0PAKSmJ`L>=JCDi3S600uh,0*18
!AIVDM,1,1,,B,15RnDt30003kW6F>JasK?0o<00SE,0*36
!AIVDM,1,1,,A,370qWD?P?w<tSF0l4Q@>4?wp0P1S,0*43
!AIVDM,1,1,,A,1:5eku0P013u9Wd>QTiGeOw:0@F:,0*30
!AIVDM,1,1,,A,17fu83AP?w<tSF0l4Q@>4?wv0PRp,0*33
!AIVDM,1,1,,A,3815?Eh001Sf=6p?=k:nl2q>05Qk,0*57
!AIVDM,1,1,,B,15`7bj80003tu6J>MP8N49?<08Fl,0*41
!AIVDM,1,1,,A,13@?9P0vhv3sA=2>Imk4k3q@0@Fw,0*09
!AIVDM,1,1,,B,18I`ov0wRH3c@4L?SB0Ssk;@04QP,0*02
!AIVDM,1,1,,B,170RNn2P00StuP@>M>4WU?w>2TQP,0*2B
!AIVDM,1,1,,A,3714n450003tuwd>MPHd>PI<0000,0*4D
!AIVDM,1,1,,A,15RW<<00013tUSF>VKCobq1>00RK,0*2B
!AIVDM,1,1,,A,18L9tT00083e`TJ?8BOrL`gB00SB,0*3A
!AIVDM,2,1,3,B,5815Dhl2D9V9KM4sN20<tB0H4h<tr2222222221J2Po895QjN;815@PB,0*35
!AIVDM,2,2,3,B,H88888888888880,2*54
!AIVDM,1,1,,B,E>lUV<1PanSFPP00000000000001ntvD7UoUP:1AACv010,0*58
!AIVDM,1,1,,A,15SeHH001uTdEDl>7qK3P2kD2PT4,0*42
!AIVDM,1,1,,A,E>lUV<1PanSFPP00000000000001ntvD7UoUP:1AACv010,0*5B
!AIVDM,1,1,,B,E>lUV<1PanSFPP00000000000001ntvD7UoUP:1AACv010,0*58
!AIVDM,1,1,,A,33ku:6i001Su3gL>Rr9<`WWD0DlJ,0*3F
!AIVDM,1,1,,A,171<:khP00SuPWp>Pr;e6?w@0L65,0*16
!AIVDM,1,1,,B,1567=l00003tuj<>MI99:0EF24QP,0*21
!AIVDM,1,1,,B,16CBEf000O3tev:>O:R6W01D0000,0*2C
!AIVDM,1,1,,B,13TbQH001l3o3`L?2IlSw3=B0`I4,0*7B
!AIVDM,1,1,,B,165qvd0000Sttht>MG0QN3?F2HI9,0*60
!AIVDM,1,1,,A,16tf>200013fUIp?4<SdQQgH0l<<,0*74
!AIVDM,1,1,,B,177QTQ00AmSbU9f?RLw3t3AF08IP,0*63
!AIVDM,1,1,,B,35D8Kd1001Stpql>S@64NWeD0Drr,0*59
!AIVDM,1,1,,B,E>lUV<1PanSFPP00000000000001ntvD7UoUP:1AACv010,0*58
!AIVDM,1,1,,B,170Bvb?0P0Stuiv>M5imDmwH0@Ir,0*78
!AIVDM,1,1,,B,16BOu7=P003u5>8>MQG00?wH2@Iv,0*5D
!AIVDM,1,1,,B,1:5eRH0P003u:I`>R7utmgwH2HJ1,0*3F
!AIVDM,1,1,,A,171DUp8P00StuRh>ME>cKgwB0<?v,0*47
!AIVDM,1,1,,B,185K?KPP01Su46f>RKM7@OwJ04QP,0*0F
!AIVDM,1,1,,A,170APr0P003u3o6>MHW`O?wH00SG,0*68
!AIVDM,1,1,,A,16C2Ob?P023u:d6>QPMB1OwKr@Jh,0*5C
!AIVDM,1,1,,A,13e0`v30023eU@t??gM`0a7P00T3,0*4A
!AIVDM,1,1,,B,171:600P00Su3?4>MEcf4?wJ28K4,0*20
!AIVDM,1,1,,B,17`:?r01@03uN2F>Pcj5RSgF0HK7,0*4F
!AIVDM,1,1,,A,170ATl00003u3El>MEc0045L28K9,0*55
Signal caught, exiting!
Reattached kernel driver
