Edge tuning disabled.
DC filter enabled.
RTL AGC disabled.
Internal AIS decoder enabled.
Buffer size: 163.84 mS
Downsample factor: 64
Low pass: 25000 Hz
Output: 48000 Hz
Found 1 device(s):
  0:  Realtek, RTL2838UHIDIR, SN: 00000001

Using device 0: Generic RTL2832U OEM
Detached kernel driver
Found Rafael Micro R820T tuner
Log NMEA sentences to console ON
AIS data will be sent to 127.0.0.1 port 10110
Tuner gain set to automatic.
Tuned to 162000000 Hz.
Sampling at 1600000 S/s.
Allocating 12 zero-copy buffers
!AIVDM,1,1,,B,15TmIh00003u71L>Nn7lq6942@DQ,0*5D
!AIVDM,1,1,,B,19NSBn@P1S3oRoP>`kDU1Ovp00T:,0*6D
!AIVDM,1,1,,B,170?0h0P01Su2r8>MCwN4?w626CT,0*1B
!AIVDM,1,1,,A,371GIT8P@nSsu4d>DImq;oM4011h,0*50
!AIVDM,1,1,,A,170APr0P003t7O:>SgJ<5ww608Db,0*47
!AIVDM,1,1,,B,19N`1khwBQSiVa2?E?U4pCtn08Db,0*49
!AIVDM,1,1,,A,35621j50003u4w`>MG@CeIK80DPJ,0*19
!AIVDM,1,1,,A,171IRB?P2hSsmCF>ECFE3?w42D:`,0*6D
!AIVDM,1,1,,B,19@>kC?P00Su2c:>MBDmDgw42@Dl,0*7B
!AIVDM,1,1,,A,16?UlJA000StrmP>UGId0Qe40PS9,0*4F
!AIVDM,1,1,,B,13V6wF01Bh3tUJj>g8palGu608Du,0*4E
!AIVDM,1,1,,A,170G@6001WSipwL>7FfpmG520<<L,0*3E
!AIVDM,1,1,,B,15SeLB01@63sqd0>QVn4W2o40@Dv,0*14
!AIVDM,1,1,,B,19@>jhmP18Su0qn>MMp=Dww620Si,0*55
!AIVDM,1,1,,B,171ETH300Q3qebd>M2uA=0u408DM,0*30
!AIVDM,1,1,,A,33l@h650003sukh>DVBV@BO40Dg:,0*0F
!AIVDM,1,1,,A,3710t43s003uPhd>Q;v;rCe6230P,0*23
!AIVDM,1,1,,A,160p9201AP3j?df>;OcQbAC:0DHW,0*57
!AIVDM,1,1,,B,1815HFP02;3vR4T>v1JpbFo608EK,0*00
!AIVDM,1,1,,A,16BPr30P?w<tSF0l4Q@>4?wp1hF5,0*66
!AIVDM,2,1,0,A,59NSk742Bh<3DhtcV21T4pM`F3?F222222222216D0NG95cB?KBQ@QC8,0*7E
!AIVDM,2,2,0,A,0C2H5@AH8888880,2*51
!AIVDM,1,1,,A,155b2`0P003uMwd>Pqw7Ggw:0D<B,0*67
!AIVDM,1,1,,B,1:0ArE001LSu1gD>SOu27Qi80<<K,0*08
!AIVDM,1,1,,A,409A@g@000Htt<tSF0l4Q@000t?w,0*6D
!AIVDM,1,1,,B,15?dRrO000Su7=f>NnpN48w:28Em,0*2C
!AIVDM,1,1,,A,1815H:002V3oWgt>Op>68Tq:00S<,0*64
!AIVDM,1,1,,B,16bMdp00AvSsQGb>TE:3URm:2<<P,0*6E
!AIVDM,1,1,,A,170Mb@0P00SthST>SLnN4?w:26CT,0*03
!AIVDM,1,1,,B,18;OW@10013tFOb>bPIPHRG<2<Ej,0*36
!AIVDM,1,1,,A,18M;Op0vAf3si<l>Erd<CIo<0<GT,0*69
!AIVDM,2,1,4,B,58Kaqj42BpV?UK?;7>1H4hhT4qb1=E18DlF2220l1Pw<44lA0<Q5@PBG,0*64
!AIVDM,2,2,4,B,i3@p88888888880,2*49
!AIVDM,1,1,,A,15U5Tr0000Stutp>MQtPSV180<;p,0*7F
!AIVDM,1,1,,B,19Hl=lPOhASsr;4>SabRg35:0D<P,0*4C
!AIVDM,1,1,,A,1710E08P003u3hB>SDSN4?w<00R@,0*05
!AIVDM,1,1,,A,1815BV001k3rsIR>N3GWHmnV0<9L,0*7B
!AIVDM,1,1,,A,10;iQCgP00Stw00>M7o99?w>26CT,0*4E
!AIVDM,1,1,,A,1714r<@0003qgL6>9n8K8`g:0@F`,0*0D
!AIVDM,1,1,,A,15Do0:000t3u<Q8>R=rkt3G>0<I`,0*07
!AIVDM,1,1,,B,15?dWoPuit3qVkb>dPK;Apo:0dJk,0*0C
!AIVDM,1,1,,B,15@;@T0w2=SmpVb>pVI<TJ5:0HFp,0*4E
!AIVDM,1,1,,A,16BON@001QSmT4p?4GH4HSO<0HGO,0*44
!AIVDM,2,1,8,B,59NS<RD2>Ph07PuCJ21<TA8604j19EL4U>22221@A8SB:5b@0G15@PBH,0*73
!AIVDM,2,2,8,B,888888888888880,2*2F
!AIVDM,1,1,,A,360kWv001s3rggt>cBrJbpW60Da=,0*52
!AIVDM,1,1,,A,35UD2d0P@N3uMt4>W=Q07S160001,0*15
!AIVDM,1,1,,A,16?UlJA000StrmP>UGId0Qe<0`HD,0*11
!AIVDM,1,1,,A,15Vlqr?P0?SuMiN>PmEtSOw<28G<,0*23
!AIVDM,1,1,,B,371GIT8P@lSsu2v>DIeq97?<20ki,0*35
!AIVDM,1,1,,A,17WK:9PP003uPGH>Q3Rv4?w>2<67,0*13
!AIVDM,1,1,,B,171ETH300P3qecD>M35A9hu<0@Fj,0*58
!AIVDM,1,1,,A,13K4@p02ib3sF4F>cJgJIHM@0<Ew,0*1E
!AIVDM,1,1,,A,19NWtQh003SsRlL>M7mob5?>2@GM,0*73
!AIVDM,1,1,,A,39@>jihP003u5JF>MOO0n?w@22ti,0*2E
!AIVDM,1,1,,A,1:6SQ40P00StclP>Ssav4?w@28Gi,0*24
!AIVDM,1,1,,A,19N`1khwjQSiVgN?E?4Tp3u000S<,0*77
!AIVDM,1,1,,B,155oe`8P003u:;`>RnIv4?wF2PS7,0*30
!AIVDM,1,1,,A,15St=V0000SrBfV><pcmOW;@06CT,0*33
!AIVDM,1,1,,B,3815I?5000Stuul>MQwHLF7>0Cvr,0*7B
!AIVDM,1,1,,B,171@gj0P00SuO?d>PmkN4?wB2HHE,0*62
!AIVDM,1,1,,A,15UH<D80003tv0h>M>Th063@0<68,0*20
!AIVDM,1,1,,A,17WK5s@0003ttLn>MEj;Un1D2@HN,0*46
!AIVDM,1,1,,A,1712>60001StuVd>M6Iv401B26CT,0*54
!AIVDM,1,1,,B,16BNOG?P0fSs3N4>`LB;Uww>08HR,0*64
!AIVDM,1,1,,A,19@>joPP00SuAjj>NGGqR?wB2@Ig,0*37
!AIVDM,1,1,,A,13isph31@03qgPd>::T`9CeD80SG,0*08
!AIVDM,1,1,,A,170bImCP003tuaT>M7=f4?wD2L6:,0*17
!AIVDM,1,1,,A,19E?A40000SuPJj>Q3ArS1mF0D?V,0*4C
!AIVDM,1,1,,A,144t29P000Su15t>M6Uno01B08I5,0*78
!AIVDM,1,1,,B,1815H:002V3oWkd>Oo?V64qF00SO,0*64
!AIVDM,1,1,,B,19NSk7001P3sUuf>G78m@D=F00S9,0*05
!AIVDM,1,1,,A,3815I?5000Stuul>MQwHLF7B0ElJ,0*20
!AIVDM,1,1,,B,1714qv;P003oq2t>5BCi:OwD0<AH,0*01
!AIVDM,1,1,,A,1815P0@02?3tC=r>fEt9cWkH0HIQ,0*5A
!AIVDM,1,1,,B,171ETH300Q3qed4>M3=A<@uD0DCd,0*7C
!AIVDM,1,1,,B,16BwON00003tpRv>P`uF;h1F0000,0*1C
!AIVDM,1,1,,B,19NSV4h01:3pAIn>4eOnk5MH0@Ip,0*78
!AIVDM,1,1,,A,170aDF3000SuOCl>Pn0N40uH2D5q,0*43
!AIVDM,1,1,,A,35@`TE10?w<tSF0l4Q@>42av0P00,0*33
!AIVDM,1,1,,A,1815PbPwBA3t1B@>tKqkr35J06CT,0*7D
!AIVDM,1,1,,A,35R<5l1000Su@=t>WmoV8QiB0000,0*46
!AIVDM,1,1,,B,1714RR8P003t`Id>T;==KwwJ2L80,0*62
!AIVDM,1,1,,A,15SeLB01@63sqdP>QVlTd2oH0D=7,0*66
!AIVDM,1,1,,A,36=<mV50003sw@v>D`2k12Q40000,0*38
!AIVDM,1,1,,B,15SeHH0P?w<tSF0l4Q@>4?wv1PSP,0*4D
!AIVDM,1,1,,A,3:5eo510003tTnR>U0E>42`r0Dwb,0*5E
!AIVDM,1,1,,B,3815U=m0003tt>F>M>c`5F3L0Dvb,0*76
!AIVDM,1,1,,A,170nT02P00SliVR>PJ5f4?wJ2D6@,0*6B
!AIVDM,1,1,,B,13K4@p02ib3sEvB>cJf:JHMN0HK:,0*13
!AIVDM,1,1,,A,18153<h01gSrIs6>`GNBTR7H2HKE,0*1F
!AIVDM,1,1,,B,16BPr30P?w<tSF0l4Q@>4?wp1l?m,0*40
!AIVDM,1,1,,A,19@>kC?P00Su2c:>MBDmDgwL2@KK,0*28
!AIVDM,1,1,,B,170G@6001WSipob>7EoHm75H08KK,0*47
!AIVDM,2,1,4,A,58R3Ao42D?FaC9M3F2185L48V3CV22222222220l1Pr3=tahN;U0CPBR,0*5A
!AIVDM,2,2,4,A,@c2lhH888888880,2*7D
!AIVDM,1,1,,A,170v4N;00j3qQvP>EWs3EjaJ0LEp,0*59
!AIVDM,2,1,7,B,55V74D42Af44cP;C?WE`4dPE:0Hu8<F22222221J1pS671Ve0:i3@p15,0*2B
!AIVDM,2,2,7,B,@PBH88888888880,2*3A
!AIVDM,1,1,,B,18I5J300irSskBN>cP=2pREH06CT,0*49
!AIVDM,1,1,,B,171GEb8vh0Ssw=p>CO3S85?N0<<P,0*30
!AIVDM,1,1,,A,15?dN7@000StmW2>Tr4p0QaJ0HKh,0*12
!AIVDM,1,1,,A,18;OW@1001StFOJ>bPGN32GP2<Ek,0*1B
!AIVDM,1,1,,A,16?UlJA000StrmP>UGJ<0QeL0VCT,0*17
!AIVDM,1,1,,B,13V6wF00Bi3tU7P>g89qmGuN0HL4,0*10
!AIVDM,1,1,,A,3815:b5P00StuBP>MOhf4?wN2DpJ,0*18
!AIVDM,1,1,,B,10;iQCgP00Stvwt>M7oI3wwR2@LA,0*7D
!AIVDM,1,1,,B,1710E08P003u3hD>SDS>4?wP0HLG,0*7D
!AIVDM,1,1,,B,170Mb@0P00SthST>SLnN4?wP20RQ,0*78
!AIVDM,1,1,,B,19NSWwP206Ssmb`>IWV5gaKN0<<M,0*06
!AIVDM,1,1,,A,15@h420027SscTF>bbt:JpG>08LQ,0*7E
!AIVDM,1,1,,B,1714r<@0003qgL4>9n6s8`gP0HLs,0*41
!AIVDM,1,1,,B,15Do0:000s3u<WN>R=hCwCIT08Lu,0*42
!AIVDM,1,1,,B,155BjF30003ttG`>MGlh08iN0@M0,0*7F
!AIVDM,1,1,,A,1815C?@0163p@=R>WHi4rSiT0HM6,0*2F
!AIVDM,1,1,,B,19NWtQh003SsRlF>M7komE?R2HM:,0*1A
!AIVDM,2,1,9,B,59t6U<h2:WEwTiG;WKHm:1A84@E:222222222216>pM:=1cF0GjQ@QC8,0*0D
!AIVDM,2,2,9,B,0C2H88888888880,2*27
!AIVDM,1,1,,B,1:0Dmm1P?wSu8lp>SEg>4?wP2<?p,0*6D
!AIVDM,1,1,,A,1815H:002V3oWp4>On4V64qT06CT,0*39
!AIVDM,1,1,,A,1718563P?w<tSF0l4Q@>4?wT0VCT,0*42
!AIVDM,1,1,,B,19@>joPP00SuAjh>NGHIR?wT28Ns,0*7C
!AIVDM,2,1,4,A,53K03F82@QK3TP7?CO@<l60<Ln0pEH4@62222217B;MLD5c70UhABQ@H,0*43
!AIVDM,2,2,4,A,888888888888880,2*20
!AIVDM,1,1,,B,16BP=Q0P00SuAqF>NHHlg?wT26CT,0*18
!AIVDM,1,1,,A,16BO:E8P023uCGd>NU0lH?wT2<25,0*3B
!AIVDM,2,1,3,B,55?dOJp2=fTW<G?O7B08iDF0pTj222222222221@GpU;EId60NhABQ@H,0*3A
!AIVDM,2,2,3,B,888888888888880,2*24
!AIVDM,1,1,,B,15@;@T00j<SmpK4>p`1LTJ5R06CT,0*12
!AIVDM,1,1,,A,13K4@p02Qb3sEqN>cJfJKHO`0@N7,0*7E
!AIVDM,1,1,,B,171:600P00SuO@8>PmeN4?wV2<A6,0*24
!AIVDM,1,1,,A,15?dSAHP003ttHL>MHnp>gwR0<<d,0*49
!AIVDM,1,1,,B,19t6U<hPOw<tSF0l4Q@>44?v08N>,0*2D
!AIVDM,1,1,,B,33BBD21000Srmd>>GkSPf0UV0DfJ,0*58
!AIVDM,1,1,,B,1712>60000StuVl>M6Iv401V26CT,0*4A
!AIVDM,1,1,,B,355fSdA0003u:sh>SOTPij5`0Dg:,0*08
!AIVDM,1,1,,B,15St=V0000SrBfV><pcEOW;V0<<P,0*7F
!AIVDM,1,1,,B,170bImCP003tuaT>M7>>4?w`2HNm,0*40
!AIVDM,2,1,8,A,555wUR02AiGIKAEW>20<thu==E>222222222221I:0F4>5cDM@B0CDRF,0*04
!AIVDM,2,2,8,A,@B8888888888880,2*2E
!AIVDM,1,1,,A,16BOp2?P003uClh>NaV@kgw`20Rt,0*38
!AIVDM,1,1,,B,17197P0P00SuQWV>Q747Nww`20R>,0*41
!AIVDM,1,1,,A,1:0DJO?P00StVeV>U0cRqOw`28O6,0*41
!AIVDM,1,1,,B,15W9et8P003u<>6>S9nmHOwV0<Wp,0*1E
!AIVDM,1,1,,B,19t6Sk@000StPmh>UaoaORbV08:q,0*3B
!AIVDM,1,1,,A,1714qv;P003oq2r>5BCC5ww`00RT,0*3E
!AIVDM,1,1,,B,198ViC0P01SsnOh>N`;Rg?wH0dIE,0*27
!AIVDM,2,1,2,A,55?dR:T2??g;<G;?O:0L4iHTr22222222222221@F8hE@5`n0D3l3888,0*10
!AIVDM,2,2,2,A,888888888888880,2*26
!AIVDM,1,1,,B,B70Brh0000w<tlSVkK`JpErTSP06,0*72
!AIVDM,1,1,,A,171ETH300N3qeeL>Ftm1:huT08O1,0*6E
!AIVDM,1,1,,A,15TEJp;P003fWvh>l`GQEgwb06CT,0*7C
!AIVDM,1,1,,A,19NSk7001P3sV4p>G6EU@4=d0<Dn,0*08
!AIVDM,1,1,,B,13K19b00223qLjn>CV1F0lgd08Ob,0*2A
!AIVDM,1,1,,A,34V>`:1000Su:3R>Tc;>42=d2Dar,0*59
!AIVDM,1,1,,B,19E?A40000SuPJj>Q3BrS1mf06CT,0*60
!AIVDM,1,1,,A,19@>jdh000Ss4wH>I:28egwb0000,0*7D
!AIVDM,1,1,,B,36Bi6i5P003uAHh>RlEijOwd0CuJ,0*40
!AIVDM,1,1,,A,18LH:f30003tuw<>MPD:5PKf06CT,0*09
!AIVDM,1,1,,A,1815P0@02?3tBvd>fEDaf7ih0<<O,0*36
!AIVDM,1,1,,A,15SeHH0P?w<tSF0l4Q@>4?wv1hPa,0*44
!AIVDM,1,1,,B,170?0h0P00Su2r8>MCvv4?wf2D52,0*11
!AIVDM,1,1,,B,1:0ArE001LSu1u2>SQ4R8Aid06CT,0*7A
!AIVDM,1,1,,A,16?UlJA000StrmV>UGId0Qed0VCT,0*62
!AIVDM,1,1,,A,1714RR8P003t`I`>T;<@0?wf20Sd,0*45
!AIVDM,1,1,,A,3815PbPvjA3t1S2>tKTSqk5h01nQ,0*7E
!AIVDM,1,1,,B,170nT02P00SliV`>PJ6>4?wf28Pp,0*07
!AIVDM,1,1,,B,15SeLB01@53sqe0>QVcTaRof00Rq,0*1E
!AIVDM,1,1,,A,365a<N50?w<tSF0l4Q@>463v0m1b,0*1B
!AIVDM,1,1,,B,170v4N;00j3qR3B>EWuSG2af0LEq,0*1F
!AIVDM,1,1,,B,16bMdp00AuSsQf`>TE4kTjmh2<<P,0*73
!AIVDM,1,1,,A,16BPr30P?w<tSF0l4Q@>4?wp1l?m,0*43
!AIVDM,1,1,,B,1:5d?;0P00SuPmH>Q5kN4?wh20SS,0*21
!AIVDM,1,1,,A,3710t43s003uPhd>Q;v;rCef22s@,0*21
!AIVDM,1,1,,B,18153<h01gSrJ4`>`GvBTR7d2DF5,0*6B
!AIVDM,1,1,,A,3710t43s003uPhd>Q;v;rCeh22mP,0*21
!AIVDM,1,1,,A,19@>jP02i>StoGr>gDN1=Q;j20S6,0*7A
!AIVDM,1,1,,A,39@>kKA0013t3Vh>bFpn`BSv0000,0*4B
!AIVDM,1,1,,A,19NSWwP206Ssmbt>IWQ5j9Mh0D<M,0*1B
!AIVDM,1,1,,A,170Mb@0P00SthST>SLnN4?wj20Sg,0*76
!AIVDM,2,1,8,B,59@>kI42AH:TCH7?G;<<tp<u8@T622222222220V1Ps<51NG0:CBCPH2,0*20
!AIVDM,2,2,8,B,j0C2A8888888880,2*7D
!AIVDM,1,1,,A,1815BV001l3rsEn>N0rGKmo<0D9L,0*7A
!AIVDM,1,1,,B,13K4@p02Qb3sEjd>cJeJLpOn0<F4,0*09
!AIVDM,1,1,,B,371GIT8PA7Sstup>DHfW=mUj20w0,0*2C
!AIVDM,1,1,,A,155b2`0P013uMwV>Pqvo3wwn08RG,0*2A
!AIVDM,1,1,,A,17WK:9PP003uPGH>Q3RN4?wl28RH,0*66
!AIVDM,2,1,1,B,58153<p2=cK=KLPOF21=@5:0d4lTh62222222216I0M;E5wd0PiDp340,0*33
!AIVDM,2,2,1,B,H88888888888880,2*56
!AIVDM,1,1,,A,15Do0:000s3u<dJ>R=V423Kn0<IW,0*11
!AIVDM,1,1,,A,170QT@0P013u51<>MGHagwwn08RU,0*51
!AIVDM,1,1,,B,155oe`8P003u:;`>RnKf4?v22PS7,0*57
!AIVDM,1,1,,B,15@h420027SscDf>bblJKHGT06CT,0*72
!AIVDM,1,1,,B,1815C?@0163p@C0>WHDTq3f00@Rh,0*3C
!AIVDM,1,1,,A,15UD2d0OhN3uMtd>W>EP7S1h1l@@,0*05
!AIVDM,1,1,,A,15U5Tr0wh0Stutp>MQtPSV1j080G,0*0A
!AIVDM,1,1,,A,19NWtQh003SsRl>>M7iom5An28Rv,0*72
!AIVDM,2,1,0,A,59t6U<h2:WEwTiG;WKHm:1A84@E:222222222216>pM:=1cF0GjQ@QC8,0*07
!AIVDM,2,2,0,A,0C2H88888888880,2*2D
!AIVDM,1,1,,B,33V6wF0vRgStTpr>g7gImGsb00Ak,0*27
!AIVDM,1,1,,A,1:6SQ40P00Stcld>Ssav4?wn28S4,0*77
!AIVDM,1,1,,B,1711W28P003uOGj>PnEIE?v22H0:,0*48
!AIVDM,1,1,,A,37fu<=i000Ssr7D>N<C`qQT00FIJ,0*16
!AIVDM,1,1,,A,19@>joPP00SuAjb>NGHqR?wn2D<c,0*69
!AIVDM,1,1,,B,15?dWoP0it3qVK<>dQ7s?pml0`0C,0*7E
!AIVDM,1,1,,A,170O;r0P003tu`6>MQqsN?wl0oED,0*06
!AIVDM,2,1,8,B,58R7Cc42BdaUC9`CF205<f118tM8E=>22222221@:8D;55Jk0<20C@DR,0*4B
!AIVDM,2,2,8,B,F@B888888888880,2*53
!AIVDM,1,1,,B,1815P0@02?3tBp<>fE1qfGh20@0o,0*75
!AIVDM,1,1,,A,15UH<D80003tv0h>M>Wh062000Ro,0*6D
!AIVDM,1,1,,B,15Cb6B000A3uMWh>Pm:<dbj20H0t,0*56
!AIVDM,1,1,,B,16OkEfw00k3qbk6>9cBTMkR0080v,0*3C
!AIVDM,2,1,2,B,53V6wF02BwIE=H9O>20l584r0L5>0@Di0PV2221@MhpHD5cW0HQSl`3l,0*4E
!AIVDM,2,2,2,B,Q1DTp8888888880,2*1D
!AIVDM,1,1,,A,371GIT8PA<Sstun>DHO6smD02000,0*30
!AIVDM,1,1,,A,15St=V0000SrBf`><pcEOW:20D<P,0*57
!AIVDM,1,1,,A,144t29P000Su15p>M6Wno0000H1=,0*0D
!AIVDM,1,1,,A,19NSLch01aSu72L>dj62AQj60LG1,0*09
!AIVDM,1,1,,A,1712>60000StuVd>M6K>40042L@>,0*7B
